<?xml version="1.0" encoding="UTF-8" ?>
<testsuite tests="1" failures="0" name="runners.TestRunner" time="0.446" errors="1" skipped="0">
  <properties>
    <property name="idea.version" value="2021.3.2"/>
    <property name="java.runtime.name" value="Java(TM) SE Runtime Environment"/>
    <property name="java.vm.version" value="11.0.12+8-LTS-237"/>
    <property name="sun.boot.library.path" value="C:\Program Files\Java\jdk-11.0.12\bin"/>
    <property name="maven.multiModuleProjectDirectory" value="C:\Users\Sinan\cucumberYeni"/>
    <property name="java.vm.vendor" value="Oracle Corporation"/>
    <property name="java.vendor.url" value="https://openjdk.java.net/"/>
    <property name="guice.disable.misplaced.annotation.check" value="true"/>
    <property name="path.separator" value=";"/>
    <property name="java.vm.name" value="Java HotSpot(TM) 64-Bit Server VM"/>
    <property name="sun.os.patch.level" value=""/>
    <property name="user.script" value=""/>
    <property name="user.country" value="TR"/>
    <property name="sun.java.launcher" value="SUN_STANDARD"/>
    <property name="java.vm.specification.name" value="Java Virtual Machine Specification"/>
    <property name="user.dir" value="C:\Users\Sinan\cucumberYeni"/>
    <property name="java.vm.compressedOopsMode" value="32-bit"/>
    <property name="java.runtime.version" value="11.0.12+8-LTS-237"/>
    <property name="java.awt.graphicsenv" value="sun.awt.Win32GraphicsEnvironment"/>
    <property name="os.arch" value="amd64"/>
    <property name="java.io.tmpdir" value="C:\Users\Sinan\AppData\Local\Temp\"/>
    <property name="line.separator" value="
"/>
    <property name="java.vm.specification.vendor" value="Oracle Corporation"/>
    <property name="user.variant" value=""/>
    <property name="os.name" value="Windows 10"/>
    <property name="maven.ext.class.path" value="C:\Program Files\JetBrains\IntelliJ IDEA Community Edition 2021.3.2\plugins\maven\lib\maven-event-listener.jar"/>
    <property name="classworlds.conf" value="C:\Program Files\JetBrains\IntelliJ IDEA Community Edition 2021.3.2\plugins\maven\lib\maven3\bin\m2.conf"/>
    <property name="sun.jnu.encoding" value="Cp1254"/>
    <property name="java.library.path" value="C:\Program Files\Java\jdk-11.0.12\bin;C:\Windows\Sun\Java\bin;C:\Windows\system32;C:\Windows;C:\Program Files (x86)\Common Files\Oracle\Java\javapath;C:\Program Files\Common Files\Oracle\Java\javapath;C:\Windows\system32;C:\Windows;C:\Windows\System32\Wbem;C:\Windows\System32\WindowsPowerShell\v1.0\;C:\Windows\System32\OpenSSH\;C:\Program Files\Java\jdk-11.0.12\bin;C:\Program Files\Git\cmd;C:\Users\Sinan\AppData\Local\Microsoft\WindowsApps;C:\Program Files\JetBrains\IntelliJ IDEA Community Edition 2021.3.2\bin;;C:\Program Files\Java\jdk-11.0.12;C:\Program Files\Java\jdk-11.0.12;C:\Users\Sinan\AppData\Local\GitHubDesktop\bin;C:\Users\Sinan\AppData\Local\Programs\Microsoft VS Code\bin;."/>
    <property name="maven.conf" value="C:\Program Files\JetBrains\IntelliJ IDEA Community Edition 2021.3.2\plugins\maven\lib\maven3/conf"/>
    <property name="jdk.debug" value="release"/>
    <property name="java.class.version" value="55.0"/>
    <property name="java.specification.name" value="Java Platform API Specification"/>
    <property name="sun.management.compiler" value="HotSpot 64-Bit Tiered Compilers"/>
    <property name="os.version" value="10.0"/>
    <property name="user.home" value="C:\Users\Sinan"/>
    <property name="user.timezone" value="Asia/Istanbul"/>
    <property name="java.awt.printerjob" value="sun.awt.windows.WPrinterJob"/>
    <property name="file.encoding" value="UTF-8"/>
    <property name="java.specification.version" value="11"/>
    <property name="user.name" value="Sinan"/>
    <property name="java.class.path" value="C:\Program Files\JetBrains\IntelliJ IDEA Community Edition 2021.3.2\plugins\maven\lib\maven3\boot\plexus-classworlds-2.6.0.jar;C:\Program Files\JetBrains\IntelliJ IDEA Community Edition 2021.3.2\plugins\maven\lib\maven3\boot\plexus-classworlds.license"/>
    <property name="java.vm.specification.version" value="11"/>
    <property name="sun.arch.data.model" value="64"/>
    <property name="sun.java.command" value="org.codehaus.classworlds.Launcher -Didea.version=2021.3.2 clean verify"/>
    <property name="java.home" value="C:\Program Files\Java\jdk-11.0.12"/>
    <property name="user.language" value="tr"/>
    <property name="java.specification.vendor" value="Oracle Corporation"/>
    <property name="awt.toolkit" value="sun.awt.windows.WToolkit"/>
    <property name="java.vm.info" value="mixed mode"/>
    <property name="java.version" value="11.0.12"/>
    <property name="java.vendor" value="Oracle Corporation"/>
    <property name="maven.home" value="C:\Program Files\JetBrains\IntelliJ IDEA Community Edition 2021.3.2\plugins\maven\lib\maven3"/>
    <property name="file.separator" value="\"/>
    <property name="java.version.date" value="2021-07-20"/>
    <property name="java.vendor.url.bug" value="https://bugreport.java.com/bugreport/"/>
    <property name="sun.io.unicode.encoding" value="UnicodeLittle"/>
    <property name="sun.cpu.endian" value="little"/>
    <property name="java.vendor.version" value="18.9"/>
    <property name="sun.desktop" value="windows"/>
    <property name="sun.cpu.isalist" value="amd64"/>
  </properties>
  <testcase classname="US1003 kullanici parametre kullanarak arama yapabilmeli" name="TC06 kullanici parametre ile amazonda arama yapabilmeli" time="0.446">
    <error message="Failed to instantiate class stepDefinitions.AmazonStepDefinitions" type="io.cucumber.core.exception.CucumberException">io.cucumber.core.exception.CucumberException: Failed to instantiate class stepDefinitions.AmazonStepDefinitions
	at io.cucumber.core.backend.DefaultObjectFactory.cacheNewInstance(DefaultObjectFactory.java:67)
	at io.cucumber.core.backend.DefaultObjectFactory.getInstance(DefaultObjectFactory.java:45)
	at io.cucumber.java.AbstractGlueDefinition.invokeMethod(AbstractGlueDefinition.java:47)
	at io.cucumber.java.JavaStepDefinition.execute(JavaStepDefinition.java:29)
	at io.cucumber.core.runner.CoreStepDefinition.execute(CoreStepDefinition.java:66)
	at io.cucumber.core.runner.PickleStepDefinitionMatch.runStep(PickleStepDefinitionMatch.java:63)
	at io.cucumber.core.runner.ExecutionMode$1.execute(ExecutionMode.java:10)
	at io.cucumber.core.runner.TestStep.executeStep(TestStep.java:85)
	at io.cucumber.core.runner.TestStep.run(TestStep.java:57)
	at io.cucumber.core.runner.PickleStepTestStep.run(PickleStepTestStep.java:51)
	at io.cucumber.core.runner.TestCase.run(TestCase.java:84)
	at io.cucumber.core.runner.Runner.runPickle(Runner.java:75)
	at io.cucumber.junit.PickleRunners$NoStepDescriptions.lambda$run$0(PickleRunners.java:151)
	at io.cucumber.core.runtime.CucumberExecutionContext.lambda$runTestCase$5(CucumberExecutionContext.java:129)
	at io.cucumber.core.runtime.RethrowingThrowableCollector.executeAndThrow(RethrowingThrowableCollector.java:23)
	at io.cucumber.core.runtime.CucumberExecutionContext.runTestCase(CucumberExecutionContext.java:129)
	at io.cucumber.junit.PickleRunners$NoStepDescriptions.run(PickleRunners.java:148)
	at io.cucumber.junit.FeatureRunner.runChild(FeatureRunner.java:144)
	at io.cucumber.junit.FeatureRunner.runChild(FeatureRunner.java:28)
	at org.junit.runners.ParentRunner$4.run(ParentRunner.java:331)
	at org.junit.runners.ParentRunner$1.schedule(ParentRunner.java:79)
	at org.junit.runners.ParentRunner.runChildren(ParentRunner.java:329)
	at org.junit.runners.ParentRunner.access$100(ParentRunner.java:66)
	at org.junit.runners.ParentRunner$2.evaluate(ParentRunner.java:293)
	at org.junit.runners.ParentRunner$3.evaluate(ParentRunner.java:306)
	at org.junit.runners.ParentRunner.run(ParentRunner.java:413)
	at io.cucumber.junit.FeatureRunner.run(FeatureRunner.java:137)
	at io.cucumber.junit.Cucumber.runChild(Cucumber.java:196)
	at io.cucumber.junit.Cucumber.runChild(Cucumber.java:89)
	at org.junit.runners.ParentRunner$4.run(ParentRunner.java:331)
	at org.junit.runners.ParentRunner$1.schedule(ParentRunner.java:79)
	at org.junit.runners.ParentRunner.runChildren(ParentRunner.java:329)
	at org.junit.runners.ParentRunner.access$100(ParentRunner.java:66)
	at org.junit.runners.ParentRunner$2.evaluate(ParentRunner.java:293)
	at io.cucumber.junit.Cucumber$RunBeforeAllHooks.evaluate(Cucumber.java:266)
	at io.cucumber.junit.Cucumber$RunAfterAllHooks.evaluate(Cucumber.java:281)
	at io.cucumber.junit.Cucumber$StartTestRun.evaluate(Cucumber.java:233)
	at io.cucumber.junit.Cucumber$FinishTestRun.evaluate(Cucumber.java:248)
	at org.junit.runners.ParentRunner$3.evaluate(ParentRunner.java:306)
	at org.junit.runners.ParentRunner.run(ParentRunner.java:413)
	at org.apache.maven.surefire.junit4.JUnit4Provider.execute(JUnit4Provider.java:252)
	at org.apache.maven.surefire.junit4.JUnit4Provider.executeTestSet(JUnit4Provider.java:141)
	at org.apache.maven.surefire.junit4.JUnit4Provider.invoke(JUnit4Provider.java:112)
	at java.base/jdk.internal.reflect.NativeMethodAccessorImpl.invoke0(Native Method)
	at java.base/jdk.internal.reflect.NativeMethodAccessorImpl.invoke(NativeMethodAccessorImpl.java:62)
	at java.base/jdk.internal.reflect.DelegatingMethodAccessorImpl.invoke(DelegatingMethodAccessorImpl.java:43)
	at java.base/java.lang.reflect.Method.invoke(Method.java:566)
	at org.apache.maven.surefire.util.ReflectionUtils.invokeMethodWithArray(ReflectionUtils.java:189)
	at org.apache.maven.surefire.booter.ProviderFactory$ProviderProxy.invoke(ProviderFactory.java:165)
	at org.apache.maven.surefire.booter.ProviderFactory.invokeProvider(ProviderFactory.java:85)
	at org.apache.maven.surefire.booter.ForkedBooter.runSuitesInProcess(ForkedBooter.java:115)
	at org.apache.maven.surefire.booter.ForkedBooter.main(ForkedBooter.java:75)
Caused by: java.lang.reflect.InvocationTargetException
	at java.base/jdk.internal.reflect.NativeConstructorAccessorImpl.newInstance0(Native Method)
	at java.base/jdk.internal.reflect.NativeConstructorAccessorImpl.newInstance(NativeConstructorAccessorImpl.java:62)
	at java.base/jdk.internal.reflect.DelegatingConstructorAccessorImpl.newInstance(DelegatingConstructorAccessorImpl.java:45)
	at java.base/java.lang.reflect.Constructor.newInstance(Constructor.java:490)
	at io.cucumber.core.backend.DefaultObjectFactory.cacheNewInstance(DefaultObjectFactory.java:53)
	... 51 more
Caused by: java.lang.NullPointerException
	at utilities.ConfigReader.getProperty(ConfigReader.java:33)
	at utilities.Driver.getDriver(Driver.java:38)
	at pages.AmazonPage.&lt;init&gt;(AmazonPage.java:11)
	at stepDefinitions.AmazonStepDefinitions.&lt;init&gt;(AmazonStepDefinitions.java:13)
	... 56 more
</error>
    <system-err>&amp;#27;[32m&amp;#27;[1m?????????????????????????????????????????????????????????????????????????????????????&amp;#27;[0m
&amp;#27;[32m&amp;#27;[1m?&amp;#27;[0m Share your Cucumber Report with your team at &amp;#27;[36m&amp;#27;[1m&amp;#27;[4mhttps://reports.cucumber.io&amp;#27;[0m          &amp;#27;[32m&amp;#27;[1m?&amp;#27;[0m
&amp;#27;[32m&amp;#27;[1m?&amp;#27;[0m Activate publishing with one of the following:                                    &amp;#27;[32m&amp;#27;[1m?&amp;#27;[0m
&amp;#27;[32m&amp;#27;[1m?&amp;#27;[0m                                                                                   &amp;#27;[32m&amp;#27;[1m?&amp;#27;[0m
&amp;#27;[32m&amp;#27;[1m?&amp;#27;[0m src/test/resources/cucumber.properties:          &amp;#27;[36mcucumber.publish.enabled&amp;#27;[0m=&amp;#27;[36mtrue&amp;#27;[0m    &amp;#27;[32m&amp;#27;[1m?&amp;#27;[0m
&amp;#27;[32m&amp;#27;[1m?&amp;#27;[0m src/test/resources/junit-platform.properties:    &amp;#27;[36mcucumber.publish.enabled&amp;#27;[0m=&amp;#27;[36mtrue&amp;#27;[0m    &amp;#27;[32m&amp;#27;[1m?&amp;#27;[0m
&amp;#27;[32m&amp;#27;[1m?&amp;#27;[0m Environment variable:                            &amp;#27;[36mCUCUMBER_PUBL�SH_ENABLED&amp;#27;[0m=&amp;#27;[36mtrue&amp;#27;[0m    &amp;#27;[32m&amp;#27;[1m?&amp;#27;[0m
&amp;#27;[32m&amp;#27;[1m?&amp;#27;[0m JUnit:                                           &amp;#27;[36m@CucumberOptions&amp;#27;[0m(publish = &amp;#27;[36mtrue&amp;#27;[0m) &amp;#27;[32m&amp;#27;[1m?&amp;#27;[0m
&amp;#27;[32m&amp;#27;[1m?&amp;#27;[0m                                                                                   &amp;#27;[32m&amp;#27;[1m?&amp;#27;[0m
&amp;#27;[32m&amp;#27;[1m?&amp;#27;[0m More information at &amp;#27;[36mhttps://cucumber.io/docs/cucumber/environment-variables/&amp;#27;[0m      &amp;#27;[32m&amp;#27;[1m?&amp;#27;[0m
&amp;#27;[32m&amp;#27;[1m?&amp;#27;[0m                                                                                   &amp;#27;[32m&amp;#27;[1m?&amp;#27;[0m
&amp;#27;[32m&amp;#27;[1m?&amp;#27;[0m Disable this message with one of the following:                                   &amp;#27;[32m&amp;#27;[1m?&amp;#27;[0m
&amp;#27;[32m&amp;#27;[1m?&amp;#27;[0m                                                                                   &amp;#27;[32m&amp;#27;[1m?&amp;#27;[0m
&amp;#27;[32m&amp;#27;[1m?&amp;#27;[0m src/test/resources/cucumber.properties:          &amp;#27;[36mcucumber.publish.quiet&amp;#27;[0m=&amp;#27;[36mtrue&amp;#27;[0m      &amp;#27;[32m&amp;#27;[1m?&amp;#27;[0m
&amp;#27;[32m&amp;#27;[1m?&amp;#27;[0m src/test/resources/junit-platform.properties:    &amp;#27;[36mcucumber.publish.quiet&amp;#27;[0m=&amp;#27;[36mtrue&amp;#27;[0m      &amp;#27;[32m&amp;#27;[1m?&amp;#27;[0m
&amp;#27;[32m&amp;#27;[1m?????????????????????????????????????????????????????????????????????????????????????&amp;#27;[0m
&amp;#27;[32m&amp;#27;[1m?????????????????????????????????????????????????????????????????????????????????????&amp;#27;[0m
&amp;#27;[32m&amp;#27;[1m?&amp;#27;[0m Share your Cucumber Report with your team at &amp;#27;[36m&amp;#27;[1m&amp;#27;[4mhttps://reports.cucumber.io&amp;#27;[0m          &amp;#27;[32m&amp;#27;[1m?&amp;#27;[0m
&amp;#27;[32m&amp;#27;[1m?&amp;#27;[0m Activate publishing with one of the following:                                    &amp;#27;[32m&amp;#27;[1m?&amp;#27;[0m
&amp;#27;[32m&amp;#27;[1m?&amp;#27;[0m                                                                                   &amp;#27;[32m&amp;#27;[1m?&amp;#27;[0m
&amp;#27;[32m&amp;#27;[1m?&amp;#27;[0m src/test/resources/cucumber.properties:          &amp;#27;[36mcucumber.publish.enabled&amp;#27;[0m=&amp;#27;[36mtrue&amp;#27;[0m    &amp;#27;[32m&amp;#27;[1m?&amp;#27;[0m
&amp;#27;[32m&amp;#27;[1m?&amp;#27;[0m src/test/resources/junit-platform.properties:    &amp;#27;[36mcucumber.publish.enabled&amp;#27;[0m=&amp;#27;[36mtrue&amp;#27;[0m    &amp;#27;[32m&amp;#27;[1m?&amp;#27;[0m
&amp;#27;[32m&amp;#27;[1m?&amp;#27;[0m Environment variable:                            &amp;#27;[36mCUCUMBER_PUBL�SH_ENABLED&amp;#27;[0m=&amp;#27;[36mtrue&amp;#27;[0m    &amp;#27;[32m&amp;#27;[1m?&amp;#27;[0m
&amp;#27;[32m&amp;#27;[1m?&amp;#27;[0m JUnit:                                           &amp;#27;[36m@CucumberOptions&amp;#27;[0m(publish = &amp;#27;[36mtrue&amp;#27;[0m) &amp;#27;[32m&amp;#27;[1m?&amp;#27;[0m
&amp;#27;[32m&amp;#27;[1m?&amp;#27;[0m                                                                                   &amp;#27;[32m&amp;#27;[1m?&amp;#27;[0m
&amp;#27;[32m&amp;#27;[1m?&amp;#27;[0m More information at &amp;#27;[36mhttps://cucumber.io/docs/cucumber/environment-variables/&amp;#27;[0m      &amp;#27;[32m&amp;#27;[1m?&amp;#27;[0m
&amp;#27;[32m&amp;#27;[1m?&amp;#27;[0m                                                                                   &amp;#27;[32m&amp;#27;[1m?&amp;#27;[0m
&amp;#27;[32m&amp;#27;[1m?&amp;#27;[0m Disable this message with one of the following:                                   &amp;#27;[32m&amp;#27;[1m?&amp;#27;[0m
&amp;#27;[32m&amp;#27;[1m?&amp;#27;[0m                                                                                   &amp;#27;[32m&amp;#27;[1m?&amp;#27;[0m
&amp;#27;[32m&amp;#27;[1m?&amp;#27;[0m src/test/resources/cucumber.properties:          &amp;#27;[36mcucumber.publish.quiet&amp;#27;[0m=&amp;#27;[36mtrue&amp;#27;[0m      &amp;#27;[32m&amp;#27;[1m?&amp;#27;[0m
&amp;#27;[32m&amp;#27;[1m?&amp;#27;[0m src/test/resources/junit-platform.properties:    &amp;#27;[36mcucumber.publish.quiet&amp;#27;[0m=&amp;#27;[36mtrue&amp;#27;[0m      &amp;#27;[32m&amp;#27;[1m?&amp;#27;[0m
&amp;#27;[32m&amp;#27;[1m?????????????????????????????????????????????????????????????????????????????????????&amp;#27;[0m
&amp;#27;[32m&amp;#27;[1m?????????????????????????????????????????????????????????????????????????????????????&amp;#27;[0m
&amp;#27;[32m&amp;#27;[1m?&amp;#27;[0m Share your Cucumber Report with your team at &amp;#27;[36m&amp;#27;[1m&amp;#27;[4mhttps://reports.cucumber.io&amp;#27;[0m          &amp;#27;[32m&amp;#27;[1m?&amp;#27;[0m
&amp;#27;[32m&amp;#27;[1m?&amp;#27;[0m Activate publishing with one of the following:                                    &amp;#27;[32m&amp;#27;[1m?&amp;#27;[0m
&amp;#27;[32m&amp;#27;[1m?&amp;#27;[0m                                                                                   &amp;#27;[32m&amp;#27;[1m?&amp;#27;[0m
&amp;#27;[32m&amp;#27;[1m?&amp;#27;[0m src/test/resources/cucumber.properties:          &amp;#27;[36mcucumber.publish.enabled&amp;#27;[0m=&amp;#27;[36mtrue&amp;#27;[0m    &amp;#27;[32m&amp;#27;[1m?&amp;#27;[0m
&amp;#27;[32m&amp;#27;[1m?&amp;#27;[0m src/test/resources/junit-platform.properties:    &amp;#27;[36mcucumber.publish.enabled&amp;#27;[0m=&amp;#27;[36mtrue&amp;#27;[0m    &amp;#27;[32m&amp;#27;[1m?&amp;#27;[0m
&amp;#27;[32m&amp;#27;[1m?&amp;#27;[0m Environment variable:                            &amp;#27;[36mCUCUMBER_PUBL�SH_ENABLED&amp;#27;[0m=&amp;#27;[36mtrue&amp;#27;[0m    &amp;#27;[32m&amp;#27;[1m?&amp;#27;[0m
&amp;#27;[32m&amp;#27;[1m?&amp;#27;[0m JUnit:                                           &amp;#27;[36m@CucumberOptions&amp;#27;[0m(publish = &amp;#27;[36mtrue&amp;#27;[0m) &amp;#27;[32m&amp;#27;[1m?&amp;#27;[0m
&amp;#27;[32m&amp;#27;[1m?&amp;#27;[0m                                                                                   &amp;#27;[32m&amp;#27;[1m?&amp;#27;[0m
&amp;#27;[32m&amp;#27;[1m?&amp;#27;[0m More information at &amp;#27;[36mhttps://cucumber.io/docs/cucumber/environment-variables/&amp;#27;[0m      &amp;#27;[32m&amp;#27;[1m?&amp;#27;[0m
&amp;#27;[32m&amp;#27;[1m?&amp;#27;[0m                                                                                   &amp;#27;[32m&amp;#27;[1m?&amp;#27;[0m
&amp;#27;[32m&amp;#27;[1m?&amp;#27;[0m Disable this message with one of the following:                                   &amp;#27;[32m&amp;#27;[1m?&amp;#27;[0m
&amp;#27;[32m&amp;#27;[1m?&amp;#27;[0m                                                                                   &amp;#27;[32m&amp;#27;[1m?&amp;#27;[0m
&amp;#27;[32m&amp;#27;[1m?&amp;#27;[0m src/test/resources/cucumber.properties:          &amp;#27;[36mcucumber.publish.quiet&amp;#27;[0m=&amp;#27;[36mtrue&amp;#27;[0m      &amp;#27;[32m&amp;#27;[1m?&amp;#27;[0m
&amp;#27;[32m&amp;#27;[1m?&amp;#27;[0m src/test/resources/junit-platform.properties:    &amp;#27;[36mcucumber.publish.quiet&amp;#27;[0m=&amp;#27;[36mtrue&amp;#27;[0m      &amp;#27;[32m&amp;#27;[1m?&amp;#27;[0m
&amp;#27;[32m&amp;#27;[1m?????????????????????????????????????????????????????????????????????????????????????&amp;#27;[0m
&amp;#27;[32m&amp;#27;[1m?????????????????????????????????????????????????????????????????????????????????????&amp;#27;[0m
&amp;#27;[32m&amp;#27;[1m?&amp;#27;[0m Share your Cucumber Report with your team at &amp;#27;[36m&amp;#27;[1m&amp;#27;[4mhttps://reports.cucumber.io&amp;#27;[0m          &amp;#27;[32m&amp;#27;[1m?&amp;#27;[0m
&amp;#27;[32m&amp;#27;[1m?&amp;#27;[0m Activate publishing with one of the following:                                    &amp;#27;[32m&amp;#27;[1m?&amp;#27;[0m
&amp;#27;[32m&amp;#27;[1m?&amp;#27;[0m                                                                                   &amp;#27;[32m&amp;#27;[1m?&amp;#27;[0m
&amp;#27;[32m&amp;#27;[1m?&amp;#27;[0m src/test/resources/cucumber.properties:          &amp;#27;[36mcucumber.publish.enabled&amp;#27;[0m=&amp;#27;[36mtrue&amp;#27;[0m    &amp;#27;[32m&amp;#27;[1m?&amp;#27;[0m
&amp;#27;[32m&amp;#27;[1m?&amp;#27;[0m src/test/resources/junit-platform.properties:    &amp;#27;[36mcucumber.publish.enabled&amp;#27;[0m=&amp;#27;[36mtrue&amp;#27;[0m    &amp;#27;[32m&amp;#27;[1m?&amp;#27;[0m
&amp;#27;[32m&amp;#27;[1m?&amp;#27;[0m Environment variable:                            &amp;#27;[36mCUCUMBER_PUBL�SH_ENABLED&amp;#27;[0m=&amp;#27;[36mtrue&amp;#27;[0m    &amp;#27;[32m&amp;#27;[1m?&amp;#27;[0m
&amp;#27;[32m&amp;#27;[1m?&amp;#27;[0m JUnit:                                           &amp;#27;[36m@CucumberOptions&amp;#27;[0m(publish = &amp;#27;[36mtrue&amp;#27;[0m) &amp;#27;[32m&amp;#27;[1m?&amp;#27;[0m
&amp;#27;[32m&amp;#27;[1m?&amp;#27;[0m                                                                                   &amp;#27;[32m&amp;#27;[1m?&amp;#27;[0m
&amp;#27;[32m&amp;#27;[1m?&amp;#27;[0m More information at &amp;#27;[36mhttps://cucumber.io/docs/cucumber/environment-variables/&amp;#27;[0m      &amp;#27;[32m&amp;#27;[1m?&amp;#27;[0m
&amp;#27;[32m&amp;#27;[1m?&amp;#27;[0m                                                                                   &amp;#27;[32m&amp;#27;[1m?&amp;#27;[0m
&amp;#27;[32m&amp;#27;[1m?&amp;#27;[0m Disable this message with one of the following:                                   &amp;#27;[32m&amp;#27;[1m?&amp;#27;[0m
&amp;#27;[32m&amp;#27;[1m?&amp;#27;[0m                                                                                   &amp;#27;[32m&amp;#27;[1m?&amp;#27;[0m
&amp;#27;[32m&amp;#27;[1m?&amp;#27;[0m src/test/resources/cucumber.properties:          &amp;#27;[36mcucumber.publish.quiet&amp;#27;[0m=&amp;#27;[36mtrue&amp;#27;[0m      &amp;#27;[32m&amp;#27;[1m?&amp;#27;[0m
&amp;#27;[32m&amp;#27;[1m?&amp;#27;[0m src/test/resources/junit-platform.properties:    &amp;#27;[36mcucumber.publish.quiet&amp;#27;[0m=&amp;#27;[36mtrue&amp;#27;[0m      &amp;#27;[32m&amp;#27;[1m?&amp;#27;[0m
&amp;#27;[32m&amp;#27;[1m?????????????????????????????????????????????????????????????????????????????????????&amp;#27;[0m
&amp;#27;[32m&amp;#27;[1m?????????????????????????????????????????????????????????????????????????????????????&amp;#27;[0m
&amp;#27;[32m&amp;#27;[1m?&amp;#27;[0m Share your Cucumber Report with your team at &amp;#27;[36m&amp;#27;[1m&amp;#27;[4mhttps://reports.cucumber.io&amp;#27;[0m          &amp;#27;[32m&amp;#27;[1m?&amp;#27;[0m
&amp;#27;[32m&amp;#27;[1m?&amp;#27;[0m Activate publishing with one of the following:                                    &amp;#27;[32m&amp;#27;[1m?&amp;#27;[0m
&amp;#27;[32m&amp;#27;[1m?&amp;#27;[0m                                                                                   &amp;#27;[32m&amp;#27;[1m?&amp;#27;[0m
&amp;#27;[32m&amp;#27;[1m?&amp;#27;[0m src/test/resources/cucumber.properties:          &amp;#27;[36mcucumber.publish.enabled&amp;#27;[0m=&amp;#27;[36mtrue&amp;#27;[0m    &amp;#27;[32m&amp;#27;[1m?&amp;#27;[0m
&amp;#27;[32m&amp;#27;[1m?&amp;#27;[0m src/test/resources/junit-platform.properties:    &amp;#27;[36mcucumber.publish.enabled&amp;#27;[0m=&amp;#27;[36mtrue&amp;#27;[0m    &amp;#27;[32m&amp;#27;[1m?&amp;#27;[0m
&amp;#27;[32m&amp;#27;[1m?&amp;#27;[0m Environment variable:                            &amp;#27;[36mCUCUMBER_PUBL�SH_ENABLED&amp;#27;[0m=&amp;#27;[36mtrue&amp;#27;[0m    &amp;#27;[32m&amp;#27;[1m?&amp;#27;[0m
&amp;#27;[32m&amp;#27;[1m?&amp;#27;[0m JUnit:                                           &amp;#27;[36m@CucumberOptions&amp;#27;[0m(publish = &amp;#27;[36mtrue&amp;#27;[0m) &amp;#27;[32m&amp;#27;[1m?&amp;#27;[0m
&amp;#27;[32m&amp;#27;[1m?&amp;#27;[0m                                                                                   &amp;#27;[32m&amp;#27;[1m?&amp;#27;[0m
&amp;#27;[32m&amp;#27;[1m?&amp;#27;[0m More information at &amp;#27;[36mhttps://cucumber.io/docs/cucumber/environment-variables/&amp;#27;[0m      &amp;#27;[32m&amp;#27;[1m?&amp;#27;[0m
&amp;#27;[32m&amp;#27;[1m?&amp;#27;[0m                                                                                   &amp;#27;[32m&amp;#27;[1m?&amp;#27;[0m
&amp;#27;[32m&amp;#27;[1m?&amp;#27;[0m Disable this message with one of the following:                                   &amp;#27;[32m&amp;#27;[1m?&amp;#27;[0m
&amp;#27;[32m&amp;#27;[1m?&amp;#27;[0m                                                                                   &amp;#27;[32m&amp;#27;[1m?&amp;#27;[0m
&amp;#27;[32m&amp;#27;[1m?&amp;#27;[0m src/test/resources/cucumber.properties:          &amp;#27;[36mcucumber.publish.quiet&amp;#27;[0m=&amp;#27;[36mtrue&amp;#27;[0m      &amp;#27;[32m&amp;#27;[1m?&amp;#27;[0m
&amp;#27;[32m&amp;#27;[1m?&amp;#27;[0m src/test/resources/junit-platform.properties:    &amp;#27;[36mcucumber.publish.quiet&amp;#27;[0m=&amp;#27;[36mtrue&amp;#27;[0m      &amp;#27;[32m&amp;#27;[1m?&amp;#27;[0m
&amp;#27;[32m&amp;#27;[1m?????????????????????????????????????????????????????????????????????????????????????&amp;#27;[0m
&amp;#27;[32m&amp;#27;[1m?????????????????????????????????????????????????????????????????????????????????????&amp;#27;[0m
&amp;#27;[32m&amp;#27;[1m?&amp;#27;[0m Share your Cucumber Report with your team at &amp;#27;[36m&amp;#27;[1m&amp;#27;[4mhttps://reports.cucumber.io&amp;#27;[0m          &amp;#27;[32m&amp;#27;[1m?&amp;#27;[0m
&amp;#27;[32m&amp;#27;[1m?&amp;#27;[0m Activate publishing with one of the following:                                    &amp;#27;[32m&amp;#27;[1m?&amp;#27;[0m
&amp;#27;[32m&amp;#27;[1m?&amp;#27;[0m                                                                                   &amp;#27;[32m&amp;#27;[1m?&amp;#27;[0m
&amp;#27;[32m&amp;#27;[1m?&amp;#27;[0m src/test/resources/cucumber.properties:          &amp;#27;[36mcucumber.publish.enabled&amp;#27;[0m=&amp;#27;[36mtrue&amp;#27;[0m    &amp;#27;[32m&amp;#27;[1m?&amp;#27;[0m
&amp;#27;[32m&amp;#27;[1m?&amp;#27;[0m src/test/resources/junit-platform.properties:    &amp;#27;[36mcucumber.publish.enabled&amp;#27;[0m=&amp;#27;[36mtrue&amp;#27;[0m    &amp;#27;[32m&amp;#27;[1m?&amp;#27;[0m
&amp;#27;[32m&amp;#27;[1m?&amp;#27;[0m Environment variable:                            &amp;#27;[36mCUCUMBER_PUBL�SH_ENABLED&amp;#27;[0m=&amp;#27;[36mtrue&amp;#27;[0m    &amp;#27;[32m&amp;#27;[1m?&amp;#27;[0m
&amp;#27;[32m&amp;#27;[1m?&amp;#27;[0m JUnit:                                           &amp;#27;[36m@CucumberOptions&amp;#27;[0m(publish = &amp;#27;[36mtrue&amp;#27;[0m) &amp;#27;[32m&amp;#27;[1m?&amp;#27;[0m
&amp;#27;[32m&amp;#27;[1m?&amp;#27;[0m                                                                                   &amp;#27;[32m&amp;#27;[1m?&amp;#27;[0m
&amp;#27;[32m&amp;#27;[1m?&amp;#27;[0m More information at &amp;#27;[36mhttps://cucumber.io/docs/cucumber/environment-variables/&amp;#27;[0m      &amp;#27;[32m&amp;#27;[1m?&amp;#27;[0m
&amp;#27;[32m&amp;#27;[1m?&amp;#27;[0m                                                                                   &amp;#27;[32m&amp;#27;[1m?&amp;#27;[0m
&amp;#27;[32m&amp;#27;[1m?&amp;#27;[0m Disable this message with one of the following:                                   &amp;#27;[32m&amp;#27;[1m?&amp;#27;[0m
&amp;#27;[32m&amp;#27;[1m?&amp;#27;[0m                                                                                   &amp;#27;[32m&amp;#27;[1m?&amp;#27;[0m
&amp;#27;[32m&amp;#27;[1m?&amp;#27;[0m src/test/resources/cucumber.properties:          &amp;#27;[36mcucumber.publish.quiet&amp;#27;[0m=&amp;#27;[36mtrue&amp;#27;[0m      &amp;#27;[32m&amp;#27;[1m?&amp;#27;[0m
&amp;#27;[32m&amp;#27;[1m?&amp;#27;[0m src/test/resources/junit-platform.properties:    &amp;#27;[36mcucumber.publish.quiet&amp;#27;[0m=&amp;#27;[36mtrue&amp;#27;[0m      &amp;#27;[32m&amp;#27;[1m?&amp;#27;[0m
&amp;#27;[32m&amp;#27;[1m?????????????????????????????????????????????????????????????????????????????????????&amp;#27;[0m
&amp;#27;[32m&amp;#27;[1m?????????????????????????????????????????????????????????????????????????????????????&amp;#27;[0m
&amp;#27;[32m&amp;#27;[1m?&amp;#27;[0m Share your Cucumber Report with your team at &amp;#27;[36m&amp;#27;[1m&amp;#27;[4mhttps://reports.cucumber.io&amp;#27;[0m          &amp;#27;[32m&amp;#27;[1m?&amp;#27;[0m
&amp;#27;[32m&amp;#27;[1m?&amp;#27;[0m Activate publishing with one of the following:                                    &amp;#27;[32m&amp;#27;[1m?&amp;#27;[0m
&amp;#27;[32m&amp;#27;[1m?&amp;#27;[0m                                                                                   &amp;#27;[32m&amp;#27;[1m?&amp;#27;[0m
&amp;#27;[32m&amp;#27;[1m?&amp;#27;[0m src/test/resources/cucumber.properties:          &amp;#27;[36mcucumber.publish.enabled&amp;#27;[0m=&amp;#27;[36mtrue&amp;#27;[0m    &amp;#27;[32m&amp;#27;[1m?&amp;#27;[0m
&amp;#27;[32m&amp;#27;[1m?&amp;#27;[0m src/test/resources/junit-platform.properties:    &amp;#27;[36mcucumber.publish.enabled&amp;#27;[0m=&amp;#27;[36mtrue&amp;#27;[0m    &amp;#27;[32m&amp;#27;[1m?&amp;#27;[0m
&amp;#27;[32m&amp;#27;[1m?&amp;#27;[0m Environment variable:                            &amp;#27;[36mCUCUMBER_PUBL�SH_ENABLED&amp;#27;[0m=&amp;#27;[36mtrue&amp;#27;[0m    &amp;#27;[32m&amp;#27;[1m?&amp;#27;[0m
&amp;#27;[32m&amp;#27;[1m?&amp;#27;[0m JUnit:                                           &amp;#27;[36m@CucumberOptions&amp;#27;[0m(publish = &amp;#27;[36mtrue&amp;#27;[0m) &amp;#27;[32m&amp;#27;[1m?&amp;#27;[0m
&amp;#27;[32m&amp;#27;[1m?&amp;#27;[0m                                                                                   &amp;#27;[32m&amp;#27;[1m?&amp;#27;[0m
&amp;#27;[32m&amp;#27;[1m?&amp;#27;[0m More information at &amp;#27;[36mhttps://cucumber.io/docs/cucumber/environment-variables/&amp;#27;[0m      &amp;#27;[32m&amp;#27;[1m?&amp;#27;[0m
&amp;#27;[32m&amp;#27;[1m?&amp;#27;[0m                                                                                   &amp;#27;[32m&amp;#27;[1m?&amp;#27;[0m
&amp;#27;[32m&amp;#27;[1m?&amp;#27;[0m Disable this message with one of the following:                                   &amp;#27;[32m&amp;#27;[1m?&amp;#27;[0m
&amp;#27;[32m&amp;#27;[1m?&amp;#27;[0m                                                                                   &amp;#27;[32m&amp;#27;[1m?&amp;#27;[0m
&amp;#27;[32m&amp;#27;[1m?&amp;#27;[0m src/test/resources/cucumber.properties:          &amp;#27;[36mcucumber.publish.quiet&amp;#27;[0m=&amp;#27;[36mtrue&amp;#27;[0m      &amp;#27;[32m&amp;#27;[1m?&amp;#27;[0m
&amp;#27;[32m&amp;#27;[1m?&amp;#27;[0m src/test/resources/junit-platform.properties:    &amp;#27;[36mcucumber.publish.quiet&amp;#27;[0m=&amp;#27;[36mtrue&amp;#27;[0m      &amp;#27;[32m&amp;#27;[1m?&amp;#27;[0m
&amp;#27;[32m&amp;#27;[1m?????????????????????????????????????????????????????????????????????????????????????&amp;#27;[0m
&amp;#27;[32m&amp;#27;[1m?????????????????????????????????????????????????????????????????????????????????????&amp;#27;[0m
&amp;#27;[32m&amp;#27;[1m?&amp;#27;[0m Share your Cucumber Report with your team at &amp;#27;[36m&amp;#27;[1m&amp;#27;[4mhttps://reports.cucumber.io&amp;#27;[0m          &amp;#27;[32m&amp;#27;[1m?&amp;#27;[0m
&amp;#27;[32m&amp;#27;[1m?&amp;#27;[0m Activate publishing with one of the following:                                    &amp;#27;[32m&amp;#27;[1m?&amp;#27;[0m
&amp;#27;[32m&amp;#27;[1m?&amp;#27;[0m                                                                                   &amp;#27;[32m&amp;#27;[1m?&amp;#27;[0m
&amp;#27;[32m&amp;#27;[1m?&amp;#27;[0m src/test/resources/cucumber.properties:          &amp;#27;[36mcucumber.publish.enabled&amp;#27;[0m=&amp;#27;[36mtrue&amp;#27;[0m    &amp;#27;[32m&amp;#27;[1m?&amp;#27;[0m
&amp;#27;[32m&amp;#27;[1m?&amp;#27;[0m src/test/resources/junit-platform.properties:    &amp;#27;[36mcucumber.publish.enabled&amp;#27;[0m=&amp;#27;[36mtrue&amp;#27;[0m    &amp;#27;[32m&amp;#27;[1m?&amp;#27;[0m
&amp;#27;[32m&amp;#27;[1m?&amp;#27;[0m Environment variable:                            &amp;#27;[36mCUCUMBER_PUBL�SH_ENABLED&amp;#27;[0m=&amp;#27;[36mtrue&amp;#27;[0m    &amp;#27;[32m&amp;#27;[1m?&amp;#27;[0m
&amp;#27;[32m&amp;#27;[1m?&amp;#27;[0m JUnit:                                           &amp;#27;[36m@CucumberOptions&amp;#27;[0m(publish = &amp;#27;[36mtrue&amp;#27;[0m) &amp;#27;[32m&amp;#27;[1m?&amp;#27;[0m
&amp;#27;[32m&amp;#27;[1m?&amp;#27;[0m                                                                                   &amp;#27;[32m&amp;#27;[1m?&amp;#27;[0m
&amp;#27;[32m&amp;#27;[1m?&amp;#27;[0m More information at &amp;#27;[36mhttps://cucumber.io/docs/cucumber/environment-variables/&amp;#27;[0m      &amp;#27;[32m&amp;#27;[1m?&amp;#27;[0m
&amp;#27;[32m&amp;#27;[1m?&amp;#27;[0m                                                                                   &amp;#27;[32m&amp;#27;[1m?&amp;#27;[0m
&amp;#27;[32m&amp;#27;[1m?&amp;#27;[0m Disable this message with one of the following:                                   &amp;#27;[32m&amp;#27;[1m?&amp;#27;[0m
&amp;#27;[32m&amp;#27;[1m?&amp;#27;[0m                                                                                   &amp;#27;[32m&amp;#27;[1m?&amp;#27;[0m
&amp;#27;[32m&amp;#27;[1m?&amp;#27;[0m src/test/resources/cucumber.properties:          &amp;#27;[36mcucumber.publish.quiet&amp;#27;[0m=&amp;#27;[36mtrue&amp;#27;[0m      &amp;#27;[32m&amp;#27;[1m?&amp;#27;[0m
&amp;#27;[32m&amp;#27;[1m?&amp;#27;[0m src/test/resources/junit-platform.properties:    &amp;#27;[36mcucumber.publish.quiet&amp;#27;[0m=&amp;#27;[36mtrue&amp;#27;[0m      &amp;#27;[32m&amp;#27;[1m?&amp;#27;[0m
&amp;#27;[32m&amp;#27;[1m?????????????????????????????????????????????????????????????????????????????????????&amp;#27;[0m
&amp;#27;[32m&amp;#27;[1m?????????????????????????????????????????????????????????????????????????????????????&amp;#27;[0m
&amp;#27;[32m&amp;#27;[1m?&amp;#27;[0m Share your Cucumber Report with your team at &amp;#27;[36m&amp;#27;[1m&amp;#27;[4mhttps://reports.cucumber.io&amp;#27;[0m          &amp;#27;[32m&amp;#27;[1m?&amp;#27;[0m
&amp;#27;[32m&amp;#27;[1m?&amp;#27;[0m Activate publishing with one of the following:                                    &amp;#27;[32m&amp;#27;[1m?&amp;#27;[0m
&amp;#27;[32m&amp;#27;[1m?&amp;#27;[0m                                                                                   &amp;#27;[32m&amp;#27;[1m?&amp;#27;[0m
&amp;#27;[32m&amp;#27;[1m?&amp;#27;[0m src/test/resources/cucumber.properties:          &amp;#27;[36mcucumber.publish.enabled&amp;#27;[0m=&amp;#27;[36mtrue&amp;#27;[0m    &amp;#27;[32m&amp;#27;[1m?&amp;#27;[0m
&amp;#27;[32m&amp;#27;[1m?&amp;#27;[0m src/test/resources/junit-platform.properties:    &amp;#27;[36mcucumber.publish.enabled&amp;#27;[0m=&amp;#27;[36mtrue&amp;#27;[0m    &amp;#27;[32m&amp;#27;[1m?&amp;#27;[0m
&amp;#27;[32m&amp;#27;[1m?&amp;#27;[0m Environment variable:                            &amp;#27;[36mCUCUMBER_PUBL�SH_ENABLED&amp;#27;[0m=&amp;#27;[36mtrue&amp;#27;[0m    &amp;#27;[32m&amp;#27;[1m?&amp;#27;[0m
&amp;#27;[32m&amp;#27;[1m?&amp;#27;[0m JUnit:                                           &amp;#27;[36m@CucumberOptions&amp;#27;[0m(publish = &amp;#27;[36mtrue&amp;#27;[0m) &amp;#27;[32m&amp;#27;[1m?&amp;#27;[0m
&amp;#27;[32m&amp;#27;[1m?&amp;#27;[0m                                                                                   &amp;#27;[32m&amp;#27;[1m?&amp;#27;[0m
&amp;#27;[32m&amp;#27;[1m?&amp;#27;[0m More information at &amp;#27;[36mhttps://cucumber.io/docs/cucumber/environment-variables/&amp;#27;[0m      &amp;#27;[32m&amp;#27;[1m?&amp;#27;[0m
&amp;#27;[32m&amp;#27;[1m?&amp;#27;[0m                                                                                   &amp;#27;[32m&amp;#27;[1m?&amp;#27;[0m
&amp;#27;[32m&amp;#27;[1m?&amp;#27;[0m Disable this message with one of the following:                                   &amp;#27;[32m&amp;#27;[1m?&amp;#27;[0m
&amp;#27;[32m&amp;#27;[1m?&amp;#27;[0m                                                                                   &amp;#27;[32m&amp;#27;[1m?&amp;#27;[0m
&amp;#27;[32m&amp;#27;[1m?&amp;#27;[0m src/test/resources/cucumber.properties:          &amp;#27;[36mcucumber.publish.quiet&amp;#27;[0m=&amp;#27;[36mtrue&amp;#27;[0m      &amp;#27;[32m&amp;#27;[1m?&amp;#27;[0m
&amp;#27;[32m&amp;#27;[1m?&amp;#27;[0m src/test/resources/junit-platform.properties:    &amp;#27;[36mcucumber.publish.quiet&amp;#27;[0m=&amp;#27;[36mtrue&amp;#27;[0m      &amp;#27;[32m&amp;#27;[1m?&amp;#27;[0m
&amp;#27;[32m&amp;#27;[1m?????????????????????????????????????????????????????????????????????????????????????&amp;#27;[0m
&amp;#27;[32m&amp;#27;[1m?????????????????????????????????????????????????????????????????????????????????????&amp;#27;[0m
&amp;#27;[32m&amp;#27;[1m?&amp;#27;[0m Share your Cucumber Report with your team at &amp;#27;[36m&amp;#27;[1m&amp;#27;[4mhttps://reports.cucumber.io&amp;#27;[0m          &amp;#27;[32m&amp;#27;[1m?&amp;#27;[0m
&amp;#27;[32m&amp;#27;[1m?&amp;#27;[0m Activate publishing with one of the following:                                    &amp;#27;[32m&amp;#27;[1m?&amp;#27;[0m
&amp;#27;[32m&amp;#27;[1m?&amp;#27;[0m                                                                                   &amp;#27;[32m&amp;#27;[1m?&amp;#27;[0m
&amp;#27;[32m&amp;#27;[1m?&amp;#27;[0m src/test/resources/cucumber.properties:          &amp;#27;[36mcucumber.publish.enabled&amp;#27;[0m=&amp;#27;[36mtrue&amp;#27;[0m    &amp;#27;[32m&amp;#27;[1m?&amp;#27;[0m
&amp;#27;[32m&amp;#27;[1m?&amp;#27;[0m src/test/resources/junit-platform.properties:    &amp;#27;[36mcucumber.publish.enabled&amp;#27;[0m=&amp;#27;[36mtrue&amp;#27;[0m    &amp;#27;[32m&amp;#27;[1m?&amp;#27;[0m
&amp;#27;[32m&amp;#27;[1m?&amp;#27;[0m Environment variable:                            &amp;#27;[36mCUCUMBER_PUBL�SH_ENABLED&amp;#27;[0m=&amp;#27;[36mtrue&amp;#27;[0m    &amp;#27;[32m&amp;#27;[1m?&amp;#27;[0m
&amp;#27;[32m&amp;#27;[1m?&amp;#27;[0m JUnit:                                           &amp;#27;[36m@CucumberOptions&amp;#27;[0m(publish = &amp;#27;[36mtrue&amp;#27;[0m) &amp;#27;[32m&amp;#27;[1m?&amp;#27;[0m
&amp;#27;[32m&amp;#27;[1m?&amp;#27;[0m                                                                                   &amp;#27;[32m&amp;#27;[1m?&amp;#27;[0m
&amp;#27;[32m&amp;#27;[1m?&amp;#27;[0m More information at &amp;#27;[36mhttps://cucumber.io/docs/cucumber/environment-variables/&amp;#27;[0m      &amp;#27;[32m&amp;#27;[1m?&amp;#27;[0m
&amp;#27;[32m&amp;#27;[1m?&amp;#27;[0m                                                                                   &amp;#27;[32m&amp;#27;[1m?&amp;#27;[0m
&amp;#27;[32m&amp;#27;[1m?&amp;#27;[0m Disable this message with one of the following:                                   &amp;#27;[32m&amp;#27;[1m?&amp;#27;[0m
&amp;#27;[32m&amp;#27;[1m?&amp;#27;[0m                                                                                   &amp;#27;[32m&amp;#27;[1m?&amp;#27;[0m
&amp;#27;[32m&amp;#27;[1m?&amp;#27;[0m src/test/resources/cucumber.properties:          &amp;#27;[36mcucumber.publish.quiet&amp;#27;[0m=&amp;#27;[36mtrue&amp;#27;[0m      &amp;#27;[32m&amp;#27;[1m?&amp;#27;[0m
&amp;#27;[32m&amp;#27;[1m?&amp;#27;[0m src/test/resources/junit-platform.properties:    &amp;#27;[36mcucumber.publish.quiet&amp;#27;[0m=&amp;#27;[36mtrue&amp;#27;[0m      &amp;#27;[32m&amp;#27;[1m?&amp;#27;[0m
&amp;#27;[32m&amp;#27;[1m?????????????????????????????????????????????????????????????????????????????????????&amp;#27;[0m
&amp;#27;[32m&amp;#27;[1m?????????????????????????????????????????????????????????????????????????????????????&amp;#27;[0m
&amp;#27;[32m&amp;#27;[1m?&amp;#27;[0m Share your Cucumber Report with your team at &amp;#27;[36m&amp;#27;[1m&amp;#27;[4mhttps://reports.cucumber.io&amp;#27;[0m          &amp;#27;[32m&amp;#27;[1m?&amp;#27;[0m
&amp;#27;[32m&amp;#27;[1m?&amp;#27;[0m Activate publishing with one of the following:                                    &amp;#27;[32m&amp;#27;[1m?&amp;#27;[0m
&amp;#27;[32m&amp;#27;[1m?&amp;#27;[0m                                                                                   &amp;#27;[32m&amp;#27;[1m?&amp;#27;[0m
&amp;#27;[32m&amp;#27;[1m?&amp;#27;[0m src/test/resources/cucumber.properties:          &amp;#27;[36mcucumber.publish.enabled&amp;#27;[0m=&amp;#27;[36mtrue&amp;#27;[0m    &amp;#27;[32m&amp;#27;[1m?&amp;#27;[0m
&amp;#27;[32m&amp;#27;[1m?&amp;#27;[0m src/test/resources/junit-platform.properties:    &amp;#27;[36mcucumber.publish.enabled&amp;#27;[0m=&amp;#27;[36mtrue&amp;#27;[0m    &amp;#27;[32m&amp;#27;[1m?&amp;#27;[0m
&amp;#27;[32m&amp;#27;[1m?&amp;#27;[0m Environment variable:                            &amp;#27;[36mCUCUMBER_PUBL�SH_ENABLED&amp;#27;[0m=&amp;#27;[36mtrue&amp;#27;[0m    &amp;#27;[32m&amp;#27;[1m?&amp;#27;[0m
&amp;#27;[32m&amp;#27;[1m?&amp;#27;[0m JUnit:                                           &amp;#27;[36m@CucumberOptions&amp;#27;[0m(publish = &amp;#27;[36mtrue&amp;#27;[0m) &amp;#27;[32m&amp;#27;[1m?&amp;#27;[0m
&amp;#27;[32m&amp;#27;[1m?&amp;#27;[0m                                                                                   &amp;#27;[32m&amp;#27;[1m?&amp;#27;[0m
&amp;#27;[32m&amp;#27;[1m?&amp;#27;[0m More information at &amp;#27;[36mhttps://cucumber.io/docs/cucumber/environment-variables/&amp;#27;[0m      &amp;#27;[32m&amp;#27;[1m?&amp;#27;[0m
&amp;#27;[32m&amp;#27;[1m?&amp;#27;[0m                                                                                   &amp;#27;[32m&amp;#27;[1m?&amp;#27;[0m
&amp;#27;[32m&amp;#27;[1m?&amp;#27;[0m Disable this message with one of the following:                                   &amp;#27;[32m&amp;#27;[1m?&amp;#27;[0m
&amp;#27;[32m&amp;#27;[1m?&amp;#27;[0m                                                                                   &amp;#27;[32m&amp;#27;[1m?&amp;#27;[0m
&amp;#27;[32m&amp;#27;[1m?&amp;#27;[0m src/test/resources/cucumber.properties:          &amp;#27;[36mcucumber.publish.quiet&amp;#27;[0m=&amp;#27;[36mtrue&amp;#27;[0m      &amp;#27;[32m&amp;#27;[1m?&amp;#27;[0m
&amp;#27;[32m&amp;#27;[1m?&amp;#27;[0m src/test/resources/junit-platform.properties:    &amp;#27;[36mcucumber.publish.quiet&amp;#27;[0m=&amp;#27;[36mtrue&amp;#27;[0m      &amp;#27;[32m&amp;#27;[1m?&amp;#27;[0m
&amp;#27;[32m&amp;#27;[1m?????????????????????????????????????????????????????????????????????????????????????&amp;#27;[0m
&amp;#27;[32m&amp;#27;[1m?????????????????????????????????????????????????????????????????????????????????????&amp;#27;[0m
&amp;#27;[32m&amp;#27;[1m?&amp;#27;[0m Share your Cucumber Report with your team at &amp;#27;[36m&amp;#27;[1m&amp;#27;[4mhttps://reports.cucumber.io&amp;#27;[0m          &amp;#27;[32m&amp;#27;[1m?&amp;#27;[0m
&amp;#27;[32m&amp;#27;[1m?&amp;#27;[0m Activate publishing with one of the following:                                    &amp;#27;[32m&amp;#27;[1m?&amp;#27;[0m
&amp;#27;[32m&amp;#27;[1m?&amp;#27;[0m                                                                                   &amp;#27;[32m&amp;#27;[1m?&amp;#27;[0m
&amp;#27;[32m&amp;#27;[1m?&amp;#27;[0m src/test/resources/cucumber.properties:          &amp;#27;[36mcucumber.publish.enabled&amp;#27;[0m=&amp;#27;[36mtrue&amp;#27;[0m    &amp;#27;[32m&amp;#27;[1m?&amp;#27;[0m
&amp;#27;[32m&amp;#27;[1m?&amp;#27;[0m src/test/resources/junit-platform.properties:    &amp;#27;[36mcucumber.publish.enabled&amp;#27;[0m=&amp;#27;[36mtrue&amp;#27;[0m    &amp;#27;[32m&amp;#27;[1m?&amp;#27;[0m
&amp;#27;[32m&amp;#27;[1m?&amp;#27;[0m Environment variable:                            &amp;#27;[36mCUCUMBER_PUBL�SH_ENABLED&amp;#27;[0m=&amp;#27;[36mtrue&amp;#27;[0m    &amp;#27;[32m&amp;#27;[1m?&amp;#27;[0m
&amp;#27;[32m&amp;#27;[1m?&amp;#27;[0m JUnit:                                           &amp;#27;[36m@CucumberOptions&amp;#27;[0m(publish = &amp;#27;[36mtrue&amp;#27;[0m) &amp;#27;[32m&amp;#27;[1m?&amp;#27;[0m
&amp;#27;[32m&amp;#27;[1m?&amp;#27;[0m                                                                                   &amp;#27;[32m&amp;#27;[1m?&amp;#27;[0m
&amp;#27;[32m&amp;#27;[1m?&amp;#27;[0m More information at &amp;#27;[36mhttps://cucumber.io/docs/cucumber/environment-variables/&amp;#27;[0m      &amp;#27;[32m&amp;#27;[1m?&amp;#27;[0m
&amp;#27;[32m&amp;#27;[1m?&amp;#27;[0m                                                                                   &amp;#27;[32m&amp;#27;[1m?&amp;#27;[0m
&amp;#27;[32m&amp;#27;[1m?&amp;#27;[0m Disable this message with one of the following:                                   &amp;#27;[32m&amp;#27;[1m?&amp;#27;[0m
&amp;#27;[32m&amp;#27;[1m?&amp;#27;[0m                                                                                   &amp;#27;[32m&amp;#27;[1m?&amp;#27;[0m
&amp;#27;[32m&amp;#27;[1m?&amp;#27;[0m src/test/resources/cucumber.properties:          &amp;#27;[36mcucumber.publish.quiet&amp;#27;[0m=&amp;#27;[36mtrue&amp;#27;[0m      &amp;#27;[32m&amp;#27;[1m?&amp;#27;[0m
&amp;#27;[32m&amp;#27;[1m?&amp;#27;[0m src/test/resources/junit-platform.properties:    &amp;#27;[36mcucumber.publish.quiet&amp;#27;[0m=&amp;#27;[36mtrue&amp;#27;[0m      &amp;#27;[32m&amp;#27;[1m?&amp;#27;[0m
&amp;#27;[32m&amp;#27;[1m?????????????????????????????????????????????????????????????????????????????????????&amp;#27;[0m
&amp;#27;[32m&amp;#27;[1m?????????????????????????????????????????????????????????????????????????????????????&amp;#27;[0m
&amp;#27;[32m&amp;#27;[1m?&amp;#27;[0m Share your Cucumber Report with your team at &amp;#27;[36m&amp;#27;[1m&amp;#27;[4mhttps://reports.cucumber.io&amp;#27;[0m          &amp;#27;[32m&amp;#27;[1m?&amp;#27;[0m
&amp;#27;[32m&amp;#27;[1m?&amp;#27;[0m Activate publishing with one of the following:                                    &amp;#27;[32m&amp;#27;[1m?&amp;#27;[0m
&amp;#27;[32m&amp;#27;[1m?&amp;#27;[0m                                                                                   &amp;#27;[32m&amp;#27;[1m?&amp;#27;[0m
&amp;#27;[32m&amp;#27;[1m?&amp;#27;[0m src/test/resources/cucumber.properties:          &amp;#27;[36mcucumber.publish.enabled&amp;#27;[0m=&amp;#27;[36mtrue&amp;#27;[0m    &amp;#27;[32m&amp;#27;[1m?&amp;#27;[0m
&amp;#27;[32m&amp;#27;[1m?&amp;#27;[0m src/test/resources/junit-platform.properties:    &amp;#27;[36mcucumber.publish.enabled&amp;#27;[0m=&amp;#27;[36mtrue&amp;#27;[0m    &amp;#27;[32m&amp;#27;[1m?&amp;#27;[0m
&amp;#27;[32m&amp;#27;[1m?&amp;#27;[0m Environment variable:                            &amp;#27;[36mCUCUMBER_PUBL�SH_ENABLED&amp;#27;[0m=&amp;#27;[36mtrue&amp;#27;[0m    &amp;#27;[32m&amp;#27;[1m?&amp;#27;[0m
&amp;#27;[32m&amp;#27;[1m?&amp;#27;[0m JUnit:                                           &amp;#27;[36m@CucumberOptions&amp;#27;[0m(publish = &amp;#27;[36mtrue&amp;#27;[0m) &amp;#27;[32m&amp;#27;[1m?&amp;#27;[0m
&amp;#27;[32m&amp;#27;[1m?&amp;#27;[0m                                                                                   &amp;#27;[32m&amp;#27;[1m?&amp;#27;[0m
&amp;#27;[32m&amp;#27;[1m?&amp;#27;[0m More information at &amp;#27;[36mhttps://cucumber.io/docs/cucumber/environment-variables/&amp;#27;[0m      &amp;#27;[32m&amp;#27;[1m?&amp;#27;[0m
&amp;#27;[32m&amp;#27;[1m?&amp;#27;[0m                                                                                   &amp;#27;[32m&amp;#27;[1m?&amp;#27;[0m
&amp;#27;[32m&amp;#27;[1m?&amp;#27;[0m Disable this message with one of the following:                                   &amp;#27;[32m&amp;#27;[1m?&amp;#27;[0m
&amp;#27;[32m&amp;#27;[1m?&amp;#27;[0m                                                                                   &amp;#27;[32m&amp;#27;[1m?&amp;#27;[0m
&amp;#27;[32m&amp;#27;[1m?&amp;#27;[0m src/test/resources/cucumber.properties:          &amp;#27;[36mcucumber.publish.quiet&amp;#27;[0m=&amp;#27;[36mtrue&amp;#27;[0m      &amp;#27;[32m&amp;#27;[1m?&amp;#27;[0m
&amp;#27;[32m&amp;#27;[1m?&amp;#27;[0m src/test/resources/junit-platform.properties:    &amp;#27;[36mcucumber.publish.quiet&amp;#27;[0m=&amp;#27;[36mtrue&amp;#27;[0m      &amp;#27;[32m&amp;#27;[1m?&amp;#27;[0m
&amp;#27;[32m&amp;#27;[1m?????????????????????????????????????????????????????????????????????????????????????&amp;#27;[0m
&amp;#27;[32m&amp;#27;[1m?????????????????????????????????????????????????????????????????????????????????????&amp;#27;[0m
&amp;#27;[32m&amp;#27;[1m?&amp;#27;[0m Share your Cucumber Report with your team at &amp;#27;[36m&amp;#27;[1m&amp;#27;[4mhttps://reports.cucumber.io&amp;#27;[0m          &amp;#27;[32m&amp;#27;[1m?&amp;#27;[0m
&amp;#27;[32m&amp;#27;[1m?&amp;#27;[0m Activate publishing with one of the following:                                    &amp;#27;[32m&amp;#27;[1m?&amp;#27;[0m
&amp;#27;[32m&amp;#27;[1m?&amp;#27;[0m                                                                                   &amp;#27;[32m&amp;#27;[1m?&amp;#27;[0m
&amp;#27;[32m&amp;#27;[1m?&amp;#27;[0m src/test/resources/cucumber.properties:          &amp;#27;[36mcucumber.publish.enabled&amp;#27;[0m=&amp;#27;[36mtrue&amp;#27;[0m    &amp;#27;[32m&amp;#27;[1m?&amp;#27;[0m
&amp;#27;[32m&amp;#27;[1m?&amp;#27;[0m src/test/resources/junit-platform.properties:    &amp;#27;[36mcucumber.publish.enabled&amp;#27;[0m=&amp;#27;[36mtrue&amp;#27;[0m    &amp;#27;[32m&amp;#27;[1m?&amp;#27;[0m
&amp;#27;[32m&amp;#27;[1m?&amp;#27;[0m Environment variable:                            &amp;#27;[36mCUCUMBER_PUBL�SH_ENABLED&amp;#27;[0m=&amp;#27;[36mtrue&amp;#27;[0m    &amp;#27;[32m&amp;#27;[1m?&amp;#27;[0m
&amp;#27;[32m&amp;#27;[1m?&amp;#27;[0m JUnit:                                           &amp;#27;[36m@CucumberOptions&amp;#27;[0m(publish = &amp;#27;[36mtrue&amp;#27;[0m) &amp;#27;[32m&amp;#27;[1m?&amp;#27;[0m
&amp;#27;[32m&amp;#27;[1m?&amp;#27;[0m                                                                                   &amp;#27;[32m&amp;#27;[1m?&amp;#27;[0m
&amp;#27;[32m&amp;#27;[1m?&amp;#27;[0m More information at &amp;#27;[36mhttps://cucumber.io/docs/cucumber/environment-variables/&amp;#27;[0m      &amp;#27;[32m&amp;#27;[1m?&amp;#27;[0m
&amp;#27;[32m&amp;#27;[1m?&amp;#27;[0m                                                                                   &amp;#27;[32m&amp;#27;[1m?&amp;#27;[0m
&amp;#27;[32m&amp;#27;[1m?&amp;#27;[0m Disable this message with one of the following:                                   &amp;#27;[32m&amp;#27;[1m?&amp;#27;[0m
&amp;#27;[32m&amp;#27;[1m?&amp;#27;[0m                                                                                   &amp;#27;[32m&amp;#27;[1m?&amp;#27;[0m
&amp;#27;[32m&amp;#27;[1m?&amp;#27;[0m src/test/resources/cucumber.properties:          &amp;#27;[36mcucumber.publish.quiet&amp;#27;[0m=&amp;#27;[36mtrue&amp;#27;[0m      &amp;#27;[32m&amp;#27;[1m?&amp;#27;[0m
&amp;#27;[32m&amp;#27;[1m?&amp;#27;[0m src/test/resources/junit-platform.properties:    &amp;#27;[36mcucumber.publish.quiet&amp;#27;[0m=&amp;#27;[36mtrue&amp;#27;[0m      &amp;#27;[32m&amp;#27;[1m?&amp;#27;[0m
&amp;#27;[32m&amp;#27;[1m?????????????????????????????????????????????????????????????????????????????????????&amp;#27;[0m
&amp;#27;[32m&amp;#27;[1m?????????????????????????????????????????????????????????????????????????????????????&amp;#27;[0m
&amp;#27;[32m&amp;#27;[1m?&amp;#27;[0m Share your Cucumber Report with your team at &amp;#27;[36m&amp;#27;[1m&amp;#27;[4mhttps://reports.cucumber.io&amp;#27;[0m          &amp;#27;[32m&amp;#27;[1m?&amp;#27;[0m
&amp;#27;[32m&amp;#27;[1m?&amp;#27;[0m Activate publishing with one of the following:                                    &amp;#27;[32m&amp;#27;[1m?&amp;#27;[0m
&amp;#27;[32m&amp;#27;[1m?&amp;#27;[0m                                                                                   &amp;#27;[32m&amp;#27;[1m?&amp;#27;[0m
&amp;#27;[32m&amp;#27;[1m?&amp;#27;[0m src/test/resources/cucumber.properties:          &amp;#27;[36mcucumber.publish.enabled&amp;#27;[0m=&amp;#27;[36mtrue&amp;#27;[0m    &amp;#27;[32m&amp;#27;[1m?&amp;#27;[0m
&amp;#27;[32m&amp;#27;[1m?&amp;#27;[0m src/test/resources/junit-platform.properties:    &amp;#27;[36mcucumber.publish.enabled&amp;#27;[0m=&amp;#27;[36mtrue&amp;#27;[0m    &amp;#27;[32m&amp;#27;[1m?&amp;#27;[0m
&amp;#27;[32m&amp;#27;[1m?&amp;#27;[0m Environment variable:                            &amp;#27;[36mCUCUMBER_PUBL�SH_ENABLED&amp;#27;[0m=&amp;#27;[36mtrue&amp;#27;[0m    &amp;#27;[32m&amp;#27;[1m?&amp;#27;[0m
&amp;#27;[32m&amp;#27;[1m?&amp;#27;[0m JUnit:                                           &amp;#27;[36m@CucumberOptions&amp;#27;[0m(publish = &amp;#27;[36mtrue&amp;#27;[0m) &amp;#27;[32m&amp;#27;[1m?&amp;#27;[0m
&amp;#27;[32m&amp;#27;[1m?&amp;#27;[0m                                                                                   &amp;#27;[32m&amp;#27;[1m?&amp;#27;[0m
&amp;#27;[32m&amp;#27;[1m?&amp;#27;[0m More information at &amp;#27;[36mhttps://cucumber.io/docs/cucumber/environment-variables/&amp;#27;[0m      &amp;#27;[32m&amp;#27;[1m?&amp;#27;[0m
&amp;#27;[32m&amp;#27;[1m?&amp;#27;[0m                                                                                   &amp;#27;[32m&amp;#27;[1m?&amp;#27;[0m
&amp;#27;[32m&amp;#27;[1m?&amp;#27;[0m Disable this message with one of the following:                                   &amp;#27;[32m&amp;#27;[1m?&amp;#27;[0m
&amp;#27;[32m&amp;#27;[1m?&amp;#27;[0m                                                                                   &amp;#27;[32m&amp;#27;[1m?&amp;#27;[0m
&amp;#27;[32m&amp;#27;[1m?&amp;#27;[0m src/test/resources/cucumber.properties:          &amp;#27;[36mcucumber.publish.quiet&amp;#27;[0m=&amp;#27;[36mtrue&amp;#27;[0m      &amp;#27;[32m&amp;#27;[1m?&amp;#27;[0m
&amp;#27;[32m&amp;#27;[1m?&amp;#27;[0m src/test/resources/junit-platform.properties:    &amp;#27;[36mcucumber.publish.quiet&amp;#27;[0m=&amp;#27;[36mtrue&amp;#27;[0m      &amp;#27;[32m&amp;#27;[1m?&amp;#27;[0m
&amp;#27;[32m&amp;#27;[1m?????????????????????????????????????????????????????????????????????????????????????&amp;#27;[0m
&amp;#27;[32m&amp;#27;[1m?????????????????????????????????????????????????????????????????????????????????????&amp;#27;[0m
&amp;#27;[32m&amp;#27;[1m?&amp;#27;[0m Share your Cucumber Report with your team at &amp;#27;[36m&amp;#27;[1m&amp;#27;[4mhttps://reports.cucumber.io&amp;#27;[0m          &amp;#27;[32m&amp;#27;[1m?&amp;#27;[0m
&amp;#27;[32m&amp;#27;[1m?&amp;#27;[0m Activate publishing with one of the following:                                    &amp;#27;[32m&amp;#27;[1m?&amp;#27;[0m
&amp;#27;[32m&amp;#27;[1m?&amp;#27;[0m                                                                                   &amp;#27;[32m&amp;#27;[1m?&amp;#27;[0m
&amp;#27;[32m&amp;#27;[1m?&amp;#27;[0m src/test/resources/cucumber.properties:          &amp;#27;[36mcucumber.publish.enabled&amp;#27;[0m=&amp;#27;[36mtrue&amp;#27;[0m    &amp;#27;[32m&amp;#27;[1m?&amp;#27;[0m
&amp;#27;[32m&amp;#27;[1m?&amp;#27;[0m src/test/resources/junit-platform.properties:    &amp;#27;[36mcucumber.publish.enabled&amp;#27;[0m=&amp;#27;[36mtrue&amp;#27;[0m    &amp;#27;[32m&amp;#27;[1m?&amp;#27;[0m
&amp;#27;[32m&amp;#27;[1m?&amp;#27;[0m Environment variable:                            &amp;#27;[36mCUCUMBER_PUBL�SH_ENABLED&amp;#27;[0m=&amp;#27;[36mtrue&amp;#27;[0m    &amp;#27;[32m&amp;#27;[1m?&amp;#27;[0m
&amp;#27;[32m&amp;#27;[1m?&amp;#27;[0m JUnit:                                           &amp;#27;[36m@CucumberOptions&amp;#27;[0m(publish = &amp;#27;[36mtrue&amp;#27;[0m) &amp;#27;[32m&amp;#27;[1m?&amp;#27;[0m
&amp;#27;[32m&amp;#27;[1m?&amp;#27;[0m                                                                                   &amp;#27;[32m&amp;#27;[1m?&amp;#27;[0m
&amp;#27;[32m&amp;#27;[1m?&amp;#27;[0m More information at &amp;#27;[36mhttps://cucumber.io/docs/cucumber/environment-variables/&amp;#27;[0m      &amp;#27;[32m&amp;#27;[1m?&amp;#27;[0m
&amp;#27;[32m&amp;#27;[1m?&amp;#27;[0m                                                                                   &amp;#27;[32m&amp;#27;[1m?&amp;#27;[0m
&amp;#27;[32m&amp;#27;[1m?&amp;#27;[0m Disable this message with one of the following:                                   &amp;#27;[32m&amp;#27;[1m?&amp;#27;[0m
&amp;#27;[32m&amp;#27;[1m?&amp;#27;[0m                                                                                   &amp;#27;[32m&amp;#27;[1m?&amp;#27;[0m
&amp;#27;[32m&amp;#27;[1m?&amp;#27;[0m src/test/resources/cucumber.properties:          &amp;#27;[36mcucumber.publish.quiet&amp;#27;[0m=&amp;#27;[36mtrue&amp;#27;[0m      &amp;#27;[32m&amp;#27;[1m?&amp;#27;[0m
&amp;#27;[32m&amp;#27;[1m?&amp;#27;[0m src/test/resources/junit-platform.properties:    &amp;#27;[36mcucumber.publish.quiet&amp;#27;[0m=&amp;#27;[36mtrue&amp;#27;[0m      &amp;#27;[32m&amp;#27;[1m?&amp;#27;[0m
&amp;#27;[32m&amp;#27;[1m?????????????????????????????????????????????????????????????????????????????????????&amp;#27;[0m
&amp;#27;[32m&amp;#27;[1m?????????????????????????????????????????????????????????????????????????????????????&amp;#27;[0m
&amp;#27;[32m&amp;#27;[1m?&amp;#27;[0m Share your Cucumber Report with your team at &amp;#27;[36m&amp;#27;[1m&amp;#27;[4mhttps://reports.cucumber.io&amp;#27;[0m          &amp;#27;[32m&amp;#27;[1m?&amp;#27;[0m
&amp;#27;[32m&amp;#27;[1m?&amp;#27;[0m Activate publishing with one of the following:                                    &amp;#27;[32m&amp;#27;[1m?&amp;#27;[0m
&amp;#27;[32m&amp;#27;[1m?&amp;#27;[0m                                                                                   &amp;#27;[32m&amp;#27;[1m?&amp;#27;[0m
&amp;#27;[32m&amp;#27;[1m?&amp;#27;[0m src/test/resources/cucumber.properties:          &amp;#27;[36mcucumber.publish.enabled&amp;#27;[0m=&amp;#27;[36mtrue&amp;#27;[0m    &amp;#27;[32m&amp;#27;[1m?&amp;#27;[0m
&amp;#27;[32m&amp;#27;[1m?&amp;#27;[0m src/test/resources/junit-platform.properties:    &amp;#27;[36mcucumber.publish.enabled&amp;#27;[0m=&amp;#27;[36mtrue&amp;#27;[0m    &amp;#27;[32m&amp;#27;[1m?&amp;#27;[0m
&amp;#27;[32m&amp;#27;[1m?&amp;#27;[0m Environment variable:                            &amp;#27;[36mCUCUMBER_PUBL�SH_ENABLED&amp;#27;[0m=&amp;#27;[36mtrue&amp;#27;[0m    &amp;#27;[32m&amp;#27;[1m?&amp;#27;[0m
&amp;#27;[32m&amp;#27;[1m?&amp;#27;[0m JUnit:                                           &amp;#27;[36m@CucumberOptions&amp;#27;[0m(publish = &amp;#27;[36mtrue&amp;#27;[0m) &amp;#27;[32m&amp;#27;[1m?&amp;#27;[0m
&amp;#27;[32m&amp;#27;[1m?&amp;#27;[0m                                                                                   &amp;#27;[32m&amp;#27;[1m?&amp;#27;[0m
&amp;#27;[32m&amp;#27;[1m?&amp;#27;[0m More information at &amp;#27;[36mhttps://cucumber.io/docs/cucumber/environment-variables/&amp;#27;[0m      &amp;#27;[32m&amp;#27;[1m?&amp;#27;[0m
&amp;#27;[32m&amp;#27;[1m?&amp;#27;[0m                                                                                   &amp;#27;[32m&amp;#27;[1m?&amp;#27;[0m
&amp;#27;[32m&amp;#27;[1m?&amp;#27;[0m Disable this message with one of the following:                                   &amp;#27;[32m&amp;#27;[1m?&amp;#27;[0m
&amp;#27;[32m&amp;#27;[1m?&amp;#27;[0m                                                                                   &amp;#27;[32m&amp;#27;[1m?&amp;#27;[0m
&amp;#27;[32m&amp;#27;[1m?&amp;#27;[0m src/test/resources/cucumber.properties:          &amp;#27;[36mcucumber.publish.quiet&amp;#27;[0m=&amp;#27;[36mtrue&amp;#27;[0m      &amp;#27;[32m&amp;#27;[1m?&amp;#27;[0m
&amp;#27;[32m&amp;#27;[1m?&amp;#27;[0m src/test/resources/junit-platform.properties:    &amp;#27;[36mcucumber.publish.quiet&amp;#27;[0m=&amp;#27;[36mtrue&amp;#27;[0m      &amp;#27;[32m&amp;#27;[1m?&amp;#27;[0m
&amp;#27;[32m&amp;#27;[1m?????????????????????????????????????????????????????????????????????????????????????&amp;#27;[0m
&amp;#27;[32m&amp;#27;[1m?????????????????????????????????????????????????????????????????????????????????????&amp;#27;[0m
&amp;#27;[32m&amp;#27;[1m?&amp;#27;[0m Share your Cucumber Report with your team at &amp;#27;[36m&amp;#27;[1m&amp;#27;[4mhttps://reports.cucumber.io&amp;#27;[0m          &amp;#27;[32m&amp;#27;[1m?&amp;#27;[0m
&amp;#27;[32m&amp;#27;[1m?&amp;#27;[0m Activate publishing with one of the following:                                    &amp;#27;[32m&amp;#27;[1m?&amp;#27;[0m
&amp;#27;[32m&amp;#27;[1m?&amp;#27;[0m                                                                                   &amp;#27;[32m&amp;#27;[1m?&amp;#27;[0m
&amp;#27;[32m&amp;#27;[1m?&amp;#27;[0m src/test/resources/cucumber.properties:          &amp;#27;[36mcucumber.publish.enabled&amp;#27;[0m=&amp;#27;[36mtrue&amp;#27;[0m    &amp;#27;[32m&amp;#27;[1m?&amp;#27;[0m
&amp;#27;[32m&amp;#27;[1m?&amp;#27;[0m src/test/resources/junit-platform.properties:    &amp;#27;[36mcucumber.publish.enabled&amp;#27;[0m=&amp;#27;[36mtrue&amp;#27;[0m    &amp;#27;[32m&amp;#27;[1m?&amp;#27;[0m
&amp;#27;[32m&amp;#27;[1m?&amp;#27;[0m Environment variable:                            &amp;#27;[36mCUCUMBER_PUBL�SH_ENABLED&amp;#27;[0m=&amp;#27;[36mtrue&amp;#27;[0m    &amp;#27;[32m&amp;#27;[1m?&amp;#27;[0m
&amp;#27;[32m&amp;#27;[1m?&amp;#27;[0m JUnit:                                           &amp;#27;[36m@CucumberOptions&amp;#27;[0m(publish = &amp;#27;[36mtrue&amp;#27;[0m) &amp;#27;[32m&amp;#27;[1m?&amp;#27;[0m
&amp;#27;[32m&amp;#27;[1m?&amp;#27;[0m                                                                                   &amp;#27;[32m&amp;#27;[1m?&amp;#27;[0m
&amp;#27;[32m&amp;#27;[1m?&amp;#27;[0m More information at &amp;#27;[36mhttps://cucumber.io/docs/cucumber/environment-variables/&amp;#27;[0m      &amp;#27;[32m&amp;#27;[1m?&amp;#27;[0m
&amp;#27;[32m&amp;#27;[1m?&amp;#27;[0m                                                                                   &amp;#27;[32m&amp;#27;[1m?&amp;#27;[0m
&amp;#27;[32m&amp;#27;[1m?&amp;#27;[0m Disable this message with one of the following:                                   &amp;#27;[32m&amp;#27;[1m?&amp;#27;[0m
&amp;#27;[32m&amp;#27;[1m?&amp;#27;[0m                                                                                   &amp;#27;[32m&amp;#27;[1m?&amp;#27;[0m
&amp;#27;[32m&amp;#27;[1m?&amp;#27;[0m src/test/resources/cucumber.properties:          &amp;#27;[36mcucumber.publish.quiet&amp;#27;[0m=&amp;#27;[36mtrue&amp;#27;[0m      &amp;#27;[32m&amp;#27;[1m?&amp;#27;[0m
&amp;#27;[32m&amp;#27;[1m?&amp;#27;[0m src/test/resources/junit-platform.properties:    &amp;#27;[36mcucumber.publish.quiet&amp;#27;[0m=&amp;#27;[36mtrue&amp;#27;[0m      &amp;#27;[32m&amp;#27;[1m?&amp;#27;[0m
&amp;#27;[32m&amp;#27;[1m?????????????????????????????????????????????????????????????????????????????????????&amp;#27;[0m
&amp;#27;[32m&amp;#27;[1m?????????????????????????????????????????????????????????????????????????????????????&amp;#27;[0m
&amp;#27;[32m&amp;#27;[1m?&amp;#27;[0m Share your Cucumber Report with your team at &amp;#27;[36m&amp;#27;[1m&amp;#27;[4mhttps://reports.cucumber.io&amp;#27;[0m          &amp;#27;[32m&amp;#27;[1m?&amp;#27;[0m
&amp;#27;[32m&amp;#27;[1m?&amp;#27;[0m Activate publishing with one of the following:                                    &amp;#27;[32m&amp;#27;[1m?&amp;#27;[0m
&amp;#27;[32m&amp;#27;[1m?&amp;#27;[0m                                                                                   &amp;#27;[32m&amp;#27;[1m?&amp;#27;[0m
&amp;#27;[32m&amp;#27;[1m?&amp;#27;[0m src/test/resources/cucumber.properties:          &amp;#27;[36mcucumber.publish.enabled&amp;#27;[0m=&amp;#27;[36mtrue&amp;#27;[0m    &amp;#27;[32m&amp;#27;[1m?&amp;#27;[0m
&amp;#27;[32m&amp;#27;[1m?&amp;#27;[0m src/test/resources/junit-platform.properties:    &amp;#27;[36mcucumber.publish.enabled&amp;#27;[0m=&amp;#27;[36mtrue&amp;#27;[0m    &amp;#27;[32m&amp;#27;[1m?&amp;#27;[0m
&amp;#27;[32m&amp;#27;[1m?&amp;#27;[0m Environment variable:                            &amp;#27;[36mCUCUMBER_PUBL�SH_ENABLED&amp;#27;[0m=&amp;#27;[36mtrue&amp;#27;[0m    &amp;#27;[32m&amp;#27;[1m?&amp;#27;[0m
&amp;#27;[32m&amp;#27;[1m?&amp;#27;[0m JUnit:                                           &amp;#27;[36m@CucumberOptions&amp;#27;[0m(publish = &amp;#27;[36mtrue&amp;#27;[0m) &amp;#27;[32m&amp;#27;[1m?&amp;#27;[0m
&amp;#27;[32m&amp;#27;[1m?&amp;#27;[0m                                                                                   &amp;#27;[32m&amp;#27;[1m?&amp;#27;[0m
&amp;#27;[32m&amp;#27;[1m?&amp;#27;[0m More information at &amp;#27;[36mhttps://cucumber.io/docs/cucumber/environment-variables/&amp;#27;[0m      &amp;#27;[32m&amp;#27;[1m?&amp;#27;[0m
&amp;#27;[32m&amp;#27;[1m?&amp;#27;[0m                                                                                   &amp;#27;[32m&amp;#27;[1m?&amp;#27;[0m
&amp;#27;[32m&amp;#27;[1m?&amp;#27;[0m Disable this message with one of the following:                                   &amp;#27;[32m&amp;#27;[1m?&amp;#27;[0m
&amp;#27;[32m&amp;#27;[1m?&amp;#27;[0m                                                                                   &amp;#27;[32m&amp;#27;[1m?&amp;#27;[0m
&amp;#27;[32m&amp;#27;[1m?&amp;#27;[0m src/test/resources/cucumber.properties:          &amp;#27;[36mcucumber.publish.quiet&amp;#27;[0m=&amp;#27;[36mtrue&amp;#27;[0m      &amp;#27;[32m&amp;#27;[1m?&amp;#27;[0m
&amp;#27;[32m&amp;#27;[1m?&amp;#27;[0m src/test/resources/junit-platform.properties:    &amp;#27;[36mcucumber.publish.quiet&amp;#27;[0m=&amp;#27;[36mtrue&amp;#27;[0m      &amp;#27;[32m&amp;#27;[1m?&amp;#27;[0m
&amp;#27;[32m&amp;#27;[1m?????????????????????????????????????????????????????????????????????????????????????&amp;#27;[0m
&amp;#27;[32m&amp;#27;[1m?????????????????????????????????????????????????????????????????????????????????????&amp;#27;[0m
&amp;#27;[32m&amp;#27;[1m?&amp;#27;[0m Share your Cucumber Report with your team at &amp;#27;[36m&amp;#27;[1m&amp;#27;[4mhttps://reports.cucumber.io&amp;#27;[0m          &amp;#27;[32m&amp;#27;[1m?&amp;#27;[0m
&amp;#27;[32m&amp;#27;[1m?&amp;#27;[0m Activate publishing with one of the following:                                    &amp;#27;[32m&amp;#27;[1m?&amp;#27;[0m
&amp;#27;[32m&amp;#27;[1m?&amp;#27;[0m                                                                                   &amp;#27;[32m&amp;#27;[1m?&amp;#27;[0m
&amp;#27;[32m&amp;#27;[1m?&amp;#27;[0m src/test/resources/cucumber.properties:          &amp;#27;[36mcucumber.publish.enabled&amp;#27;[0m=&amp;#27;[36mtrue&amp;#27;[0m    &amp;#27;[32m&amp;#27;[1m?&amp;#27;[0m
&amp;#27;[32m&amp;#27;[1m?&amp;#27;[0m src/test/resources/junit-platform.properties:    &amp;#27;[36mcucumber.publish.enabled&amp;#27;[0m=&amp;#27;[36mtrue&amp;#27;[0m    &amp;#27;[32m&amp;#27;[1m?&amp;#27;[0m
&amp;#27;[32m&amp;#27;[1m?&amp;#27;[0m Environment variable:                            &amp;#27;[36mCUCUMBER_PUBL�SH_ENABLED&amp;#27;[0m=&amp;#27;[36mtrue&amp;#27;[0m    &amp;#27;[32m&amp;#27;[1m?&amp;#27;[0m
&amp;#27;[32m&amp;#27;[1m?&amp;#27;[0m JUnit:                                           &amp;#27;[36m@CucumberOptions&amp;#27;[0m(publish = &amp;#27;[36mtrue&amp;#27;[0m) &amp;#27;[32m&amp;#27;[1m?&amp;#27;[0m
&amp;#27;[32m&amp;#27;[1m?&amp;#27;[0m                                                                                   &amp;#27;[32m&amp;#27;[1m?&amp;#27;[0m
&amp;#27;[32m&amp;#27;[1m?&amp;#27;[0m More information at &amp;#27;[36mhttps://cucumber.io/docs/cucumber/environment-variables/&amp;#27;[0m      &amp;#27;[32m&amp;#27;[1m?&amp;#27;[0m
&amp;#27;[32m&amp;#27;[1m?&amp;#27;[0m                                                                                   &amp;#27;[32m&amp;#27;[1m?&amp;#27;[0m
&amp;#27;[32m&amp;#27;[1m?&amp;#27;[0m Disable this message with one of the following:                                   &amp;#27;[32m&amp;#27;[1m?&amp;#27;[0m
&amp;#27;[32m&amp;#27;[1m?&amp;#27;[0m                                                                                   &amp;#27;[32m&amp;#27;[1m?&amp;#27;[0m
&amp;#27;[32m&amp;#27;[1m?&amp;#27;[0m src/test/resources/cucumber.properties:          &amp;#27;[36mcucumber.publish.quiet&amp;#27;[0m=&amp;#27;[36mtrue&amp;#27;[0m      &amp;#27;[32m&amp;#27;[1m?&amp;#27;[0m
&amp;#27;[32m&amp;#27;[1m?&amp;#27;[0m src/test/resources/junit-platform.properties:    &amp;#27;[36mcucumber.publish.quiet&amp;#27;[0m=&amp;#27;[36mtrue&amp;#27;[0m      &amp;#27;[32m&amp;#27;[1m?&amp;#27;[0m
&amp;#27;[32m&amp;#27;[1m?????????????????????????????????????????????????????????????????????????????????????&amp;#27;[0m
&amp;#27;[32m&amp;#27;[1m?????????????????????????????????????????????????????????????????????????????????????&amp;#27;[0m
&amp;#27;[32m&amp;#27;[1m?&amp;#27;[0m Share your Cucumber Report with your team at &amp;#27;[36m&amp;#27;[1m&amp;#27;[4mhttps://reports.cucumber.io&amp;#27;[0m          &amp;#27;[32m&amp;#27;[1m?&amp;#27;[0m
&amp;#27;[32m&amp;#27;[1m?&amp;#27;[0m Activate publishing with one of the following:                                    &amp;#27;[32m&amp;#27;[1m?&amp;#27;[0m
&amp;#27;[32m&amp;#27;[1m?&amp;#27;[0m                                                                                   &amp;#27;[32m&amp;#27;[1m?&amp;#27;[0m
&amp;#27;[32m&amp;#27;[1m?&amp;#27;[0m src/test/resources/cucumber.properties:          &amp;#27;[36mcucumber.publish.enabled&amp;#27;[0m=&amp;#27;[36mtrue&amp;#27;[0m    &amp;#27;[32m&amp;#27;[1m?&amp;#27;[0m
&amp;#27;[32m&amp;#27;[1m?&amp;#27;[0m src/test/resources/junit-platform.properties:    &amp;#27;[36mcucumber.publish.enabled&amp;#27;[0m=&amp;#27;[36mtrue&amp;#27;[0m    &amp;#27;[32m&amp;#27;[1m?&amp;#27;[0m
&amp;#27;[32m&amp;#27;[1m?&amp;#27;[0m Environment variable:                            &amp;#27;[36mCUCUMBER_PUBL�SH_ENABLED&amp;#27;[0m=&amp;#27;[36mtrue&amp;#27;[0m    &amp;#27;[32m&amp;#27;[1m?&amp;#27;[0m
&amp;#27;[32m&amp;#27;[1m?&amp;#27;[0m JUnit:                                           &amp;#27;[36m@CucumberOptions&amp;#27;[0m(publish = &amp;#27;[36mtrue&amp;#27;[0m) &amp;#27;[32m&amp;#27;[1m?&amp;#27;[0m
&amp;#27;[32m&amp;#27;[1m?&amp;#27;[0m                                                                                   &amp;#27;[32m&amp;#27;[1m?&amp;#27;[0m
&amp;#27;[32m&amp;#27;[1m?&amp;#27;[0m More information at &amp;#27;[36mhttps://cucumber.io/docs/cucumber/environment-variables/&amp;#27;[0m      &amp;#27;[32m&amp;#27;[1m?&amp;#27;[0m
&amp;#27;[32m&amp;#27;[1m?&amp;#27;[0m                                                                                   &amp;#27;[32m&amp;#27;[1m?&amp;#27;[0m
&amp;#27;[32m&amp;#27;[1m?&amp;#27;[0m Disable this message with one of the following:                                   &amp;#27;[32m&amp;#27;[1m?&amp;#27;[0m
&amp;#27;[32m&amp;#27;[1m?&amp;#27;[0m                                                                                   &amp;#27;[32m&amp;#27;[1m?&amp;#27;[0m
&amp;#27;[32m&amp;#27;[1m?&amp;#27;[0m src/test/resources/cucumber.properties:          &amp;#27;[36mcucumber.publish.quiet&amp;#27;[0m=&amp;#27;[36mtrue&amp;#27;[0m      &amp;#27;[32m&amp;#27;[1m?&amp;#27;[0m
&amp;#27;[32m&amp;#27;[1m?&amp;#27;[0m src/test/resources/junit-platform.properties:    &amp;#27;[36mcucumber.publish.quiet&amp;#27;[0m=&amp;#27;[36mtrue&amp;#27;[0m      &amp;#27;[32m&amp;#27;[1m?&amp;#27;[0m
&amp;#27;[32m&amp;#27;[1m?????????????????????????????????????????????????????????????????????????????????????&amp;#27;[0m
&amp;#27;[32m&amp;#27;[1m?????????????????????????????????????????????????????????????????????????????????????&amp;#27;[0m
&amp;#27;[32m&amp;#27;[1m?&amp;#27;[0m Share your Cucumber Report with your team at &amp;#27;[36m&amp;#27;[1m&amp;#27;[4mhttps://reports.cucumber.io&amp;#27;[0m          &amp;#27;[32m&amp;#27;[1m?&amp;#27;[0m
&amp;#27;[32m&amp;#27;[1m?&amp;#27;[0m Activate publishing with one of the following:                                    &amp;#27;[32m&amp;#27;[1m?&amp;#27;[0m
&amp;#27;[32m&amp;#27;[1m?&amp;#27;[0m                                                                                   &amp;#27;[32m&amp;#27;[1m?&amp;#27;[0m
&amp;#27;[32m&amp;#27;[1m?&amp;#27;[0m src/test/resources/cucumber.properties:          &amp;#27;[36mcucumber.publish.enabled&amp;#27;[0m=&amp;#27;[36mtrue&amp;#27;[0m    &amp;#27;[32m&amp;#27;[1m?&amp;#27;[0m
&amp;#27;[32m&amp;#27;[1m?&amp;#27;[0m src/test/resources/junit-platform.properties:    &amp;#27;[36mcucumber.publish.enabled&amp;#27;[0m=&amp;#27;[36mtrue&amp;#27;[0m    &amp;#27;[32m&amp;#27;[1m?&amp;#27;[0m
&amp;#27;[32m&amp;#27;[1m?&amp;#27;[0m Environment variable:                            &amp;#27;[36mCUCUMBER_PUBL�SH_ENABLED&amp;#27;[0m=&amp;#27;[36mtrue&amp;#27;[0m    &amp;#27;[32m&amp;#27;[1m?&amp;#27;[0m
&amp;#27;[32m&amp;#27;[1m?&amp;#27;[0m JUnit:                                           &amp;#27;[36m@CucumberOptions&amp;#27;[0m(publish = &amp;#27;[36mtrue&amp;#27;[0m) &amp;#27;[32m&amp;#27;[1m?&amp;#27;[0m
&amp;#27;[32m&amp;#27;[1m?&amp;#27;[0m                                                                                   &amp;#27;[32m&amp;#27;[1m?&amp;#27;[0m
&amp;#27;[32m&amp;#27;[1m?&amp;#27;[0m More information at &amp;#27;[36mhttps://cucumber.io/docs/cucumber/environment-variables/&amp;#27;[0m      &amp;#27;[32m&amp;#27;[1m?&amp;#27;[0m
&amp;#27;[32m&amp;#27;[1m?&amp;#27;[0m                                                                                   &amp;#27;[32m&amp;#27;[1m?&amp;#27;[0m
&amp;#27;[32m&amp;#27;[1m?&amp;#27;[0m Disable this message with one of the following:                                   &amp;#27;[32m&amp;#27;[1m?&amp;#27;[0m
&amp;#27;[32m&amp;#27;[1m?&amp;#27;[0m                                                                                   &amp;#27;[32m&amp;#27;[1m?&amp;#27;[0m
&amp;#27;[32m&amp;#27;[1m?&amp;#27;[0m src/test/resources/cucumber.properties:          &amp;#27;[36mcucumber.publish.quiet&amp;#27;[0m=&amp;#27;[36mtrue&amp;#27;[0m      &amp;#27;[32m&amp;#27;[1m?&amp;#27;[0m
&amp;#27;[32m&amp;#27;[1m?&amp;#27;[0m src/test/resources/junit-platform.properties:    &amp;#27;[36mcucumber.publish.quiet&amp;#27;[0m=&amp;#27;[36mtrue&amp;#27;[0m      &amp;#27;[32m&amp;#27;[1m?&amp;#27;[0m
&amp;#27;[32m&amp;#27;[1m?????????????????????????????????????????????????????????????????????????????????????&amp;#27;[0m
&amp;#27;[32m&amp;#27;[1m?????????????????????????????????????????????????????????????????????????????????????&amp;#27;[0m
&amp;#27;[32m&amp;#27;[1m?&amp;#27;[0m Share your Cucumber Report with your team at &amp;#27;[36m&amp;#27;[1m&amp;#27;[4mhttps://reports.cucumber.io&amp;#27;[0m          &amp;#27;[32m&amp;#27;[1m?&amp;#27;[0m
&amp;#27;[32m&amp;#27;[1m?&amp;#27;[0m Activate publishing with one of the following:                                    &amp;#27;[32m&amp;#27;[1m?&amp;#27;[0m
&amp;#27;[32m&amp;#27;[1m?&amp;#27;[0m                                                                                   &amp;#27;[32m&amp;#27;[1m?&amp;#27;[0m
&amp;#27;[32m&amp;#27;[1m?&amp;#27;[0m src/test/resources/cucumber.properties:          &amp;#27;[36mcucumber.publish.enabled&amp;#27;[0m=&amp;#27;[36mtrue&amp;#27;[0m    &amp;#27;[32m&amp;#27;[1m?&amp;#27;[0m
&amp;#27;[32m&amp;#27;[1m?&amp;#27;[0m src/test/resources/junit-platform.properties:    &amp;#27;[36mcucumber.publish.enabled&amp;#27;[0m=&amp;#27;[36mtrue&amp;#27;[0m    &amp;#27;[32m&amp;#27;[1m?&amp;#27;[0m
&amp;#27;[32m&amp;#27;[1m?&amp;#27;[0m Environment variable:                            &amp;#27;[36mCUCUMBER_PUBL�SH_ENABLED&amp;#27;[0m=&amp;#27;[36mtrue&amp;#27;[0m    &amp;#27;[32m&amp;#27;[1m?&amp;#27;[0m
&amp;#27;[32m&amp;#27;[1m?&amp;#27;[0m JUnit:                                           &amp;#27;[36m@CucumberOptions&amp;#27;[0m(publish = &amp;#27;[36mtrue&amp;#27;[0m) &amp;#27;[32m&amp;#27;[1m?&amp;#27;[0m
&amp;#27;[32m&amp;#27;[1m?&amp;#27;[0m                                                                                   &amp;#27;[32m&amp;#27;[1m?&amp;#27;[0m
&amp;#27;[32m&amp;#27;[1m?&amp;#27;[0m More information at &amp;#27;[36mhttps://cucumber.io/docs/cucumber/environment-variables/&amp;#27;[0m      &amp;#27;[32m&amp;#27;[1m?&amp;#27;[0m
&amp;#27;[32m&amp;#27;[1m?&amp;#27;[0m                                                                                   &amp;#27;[32m&amp;#27;[1m?&amp;#27;[0m
&amp;#27;[32m&amp;#27;[1m?&amp;#27;[0m Disable this message with one of the following:                                   &amp;#27;[32m&amp;#27;[1m?&amp;#27;[0m
&amp;#27;[32m&amp;#27;[1m?&amp;#27;[0m                                                                                   &amp;#27;[32m&amp;#27;[1m?&amp;#27;[0m
&amp;#27;[32m&amp;#27;[1m?&amp;#27;[0m src/test/resources/cucumber.properties:          &amp;#27;[36mcucumber.publish.quiet&amp;#27;[0m=&amp;#27;[36mtrue&amp;#27;[0m      &amp;#27;[32m&amp;#27;[1m?&amp;#27;[0m
&amp;#27;[32m&amp;#27;[1m?&amp;#27;[0m src/test/resources/junit-platform.properties:    &amp;#27;[36mcucumber.publish.quiet&amp;#27;[0m=&amp;#27;[36mtrue&amp;#27;[0m      &amp;#27;[32m&amp;#27;[1m?&amp;#27;[0m
&amp;#27;[32m&amp;#27;[1m?????????????????????????????????????????????????????????????????????????????????????&amp;#27;[0m
&amp;#27;[32m&amp;#27;[1m?????????????????????????????????????????????????????????????????????????????????????&amp;#27;[0m
&amp;#27;[32m&amp;#27;[1m?&amp;#27;[0m Share your Cucumber Report with your team at &amp;#27;[36m&amp;#27;[1m&amp;#27;[4mhttps://reports.cucumber.io&amp;#27;[0m          &amp;#27;[32m&amp;#27;[1m?&amp;#27;[0m
&amp;#27;[32m&amp;#27;[1m?&amp;#27;[0m Activate publishing with one of the following:                                    &amp;#27;[32m&amp;#27;[1m?&amp;#27;[0m
&amp;#27;[32m&amp;#27;[1m?&amp;#27;[0m                                                                                   &amp;#27;[32m&amp;#27;[1m?&amp;#27;[0m
&amp;#27;[32m&amp;#27;[1m?&amp;#27;[0m src/test/resources/cucumber.properties:          &amp;#27;[36mcucumber.publish.enabled&amp;#27;[0m=&amp;#27;[36mtrue&amp;#27;[0m    &amp;#27;[32m&amp;#27;[1m?&amp;#27;[0m
&amp;#27;[32m&amp;#27;[1m?&amp;#27;[0m src/test/resources/junit-platform.properties:    &amp;#27;[36mcucumber.publish.enabled&amp;#27;[0m=&amp;#27;[36mtrue&amp;#27;[0m    &amp;#27;[32m&amp;#27;[1m?&amp;#27;[0m
&amp;#27;[32m&amp;#27;[1m?&amp;#27;[0m Environment variable:                            &amp;#27;[36mCUCUMBER_PUBL�SH_ENABLED&amp;#27;[0m=&amp;#27;[36mtrue&amp;#27;[0m    &amp;#27;[32m&amp;#27;[1m?&amp;#27;[0m
&amp;#27;[32m&amp;#27;[1m?&amp;#27;[0m JUnit:                                           &amp;#27;[36m@CucumberOptions&amp;#27;[0m(publish = &amp;#27;[36mtrue&amp;#27;[0m) &amp;#27;[32m&amp;#27;[1m?&amp;#27;[0m
&amp;#27;[32m&amp;#27;[1m?&amp;#27;[0m                                                                                   &amp;#27;[32m&amp;#27;[1m?&amp;#27;[0m
&amp;#27;[32m&amp;#27;[1m?&amp;#27;[0m More information at &amp;#27;[36mhttps://cucumber.io/docs/cucumber/environment-variables/&amp;#27;[0m      &amp;#27;[32m&amp;#27;[1m?&amp;#27;[0m
&amp;#27;[32m&amp;#27;[1m?&amp;#27;[0m                                                                                   &amp;#27;[32m&amp;#27;[1m?&amp;#27;[0m
&amp;#27;[32m&amp;#27;[1m?&amp;#27;[0m Disable this message with one of the following:                                   &amp;#27;[32m&amp;#27;[1m?&amp;#27;[0m
&amp;#27;[32m&amp;#27;[1m?&amp;#27;[0m                                                                                   &amp;#27;[32m&amp;#27;[1m?&amp;#27;[0m
&amp;#27;[32m&amp;#27;[1m?&amp;#27;[0m src/test/resources/cucumber.properties:          &amp;#27;[36mcucumber.publish.quiet&amp;#27;[0m=&amp;#27;[36mtrue&amp;#27;[0m      &amp;#27;[32m&amp;#27;[1m?&amp;#27;[0m
&amp;#27;[32m&amp;#27;[1m?&amp;#27;[0m src/test/resources/junit-platform.properties:    &amp;#27;[36mcucumber.publish.quiet&amp;#27;[0m=&amp;#27;[36mtrue&amp;#27;[0m      &amp;#27;[32m&amp;#27;[1m?&amp;#27;[0m
&amp;#27;[32m&amp;#27;[1m?????????????????????????????????????????????????????????????????????????????????????&amp;#27;[0m
&amp;#27;[32m&amp;#27;[1m?????????????????????????????????????????????????????????????????????????????????????&amp;#27;[0m
&amp;#27;[32m&amp;#27;[1m?&amp;#27;[0m Share your Cucumber Report with your team at &amp;#27;[36m&amp;#27;[1m&amp;#27;[4mhttps://reports.cucumber.io&amp;#27;[0m          &amp;#27;[32m&amp;#27;[1m?&amp;#27;[0m
&amp;#27;[32m&amp;#27;[1m?&amp;#27;[0m Activate publishing with one of the following:                                    &amp;#27;[32m&amp;#27;[1m?&amp;#27;[0m
&amp;#27;[32m&amp;#27;[1m?&amp;#27;[0m                                                                                   &amp;#27;[32m&amp;#27;[1m?&amp;#27;[0m
&amp;#27;[32m&amp;#27;[1m?&amp;#27;[0m src/test/resources/cucumber.properties:          &amp;#27;[36mcucumber.publish.enabled&amp;#27;[0m=&amp;#27;[36mtrue&amp;#27;[0m    &amp;#27;[32m&amp;#27;[1m?&amp;#27;[0m
&amp;#27;[32m&amp;#27;[1m?&amp;#27;[0m src/test/resources/junit-platform.properties:    &amp;#27;[36mcucumber.publish.enabled&amp;#27;[0m=&amp;#27;[36mtrue&amp;#27;[0m    &amp;#27;[32m&amp;#27;[1m?&amp;#27;[0m
&amp;#27;[32m&amp;#27;[1m?&amp;#27;[0m Environment variable:                            &amp;#27;[36mCUCUMBER_PUBL�SH_ENABLED&amp;#27;[0m=&amp;#27;[36mtrue&amp;#27;[0m    &amp;#27;[32m&amp;#27;[1m?&amp;#27;[0m
&amp;#27;[32m&amp;#27;[1m?&amp;#27;[0m JUnit:                                           &amp;#27;[36m@CucumberOptions&amp;#27;[0m(publish = &amp;#27;[36mtrue&amp;#27;[0m) &amp;#27;[32m&amp;#27;[1m?&amp;#27;[0m
&amp;#27;[32m&amp;#27;[1m?&amp;#27;[0m                                                                                   &amp;#27;[32m&amp;#27;[1m?&amp;#27;[0m
&amp;#27;[32m&amp;#27;[1m?&amp;#27;[0m More information at &amp;#27;[36mhttps://cucumber.io/docs/cucumber/environment-variables/&amp;#27;[0m      &amp;#27;[32m&amp;#27;[1m?&amp;#27;[0m
&amp;#27;[32m&amp;#27;[1m?&amp;#27;[0m                                                                                   &amp;#27;[32m&amp;#27;[1m?&amp;#27;[0m
&amp;#27;[32m&amp;#27;[1m?&amp;#27;[0m Disable this message with one of the following:                                   &amp;#27;[32m&amp;#27;[1m?&amp;#27;[0m
&amp;#27;[32m&amp;#27;[1m?&amp;#27;[0m                                                                                   &amp;#27;[32m&amp;#27;[1m?&amp;#27;[0m
&amp;#27;[32m&amp;#27;[1m?&amp;#27;[0m src/test/resources/cucumber.properties:          &amp;#27;[36mcucumber.publish.quiet&amp;#27;[0m=&amp;#27;[36mtrue&amp;#27;[0m      &amp;#27;[32m&amp;#27;[1m?&amp;#27;[0m
&amp;#27;[32m&amp;#27;[1m?&amp;#27;[0m src/test/resources/junit-platform.properties:    &amp;#27;[36mcucumber.publish.quiet&amp;#27;[0m=&amp;#27;[36mtrue&amp;#27;[0m      &amp;#27;[32m&amp;#27;[1m?&amp;#27;[0m
&amp;#27;[32m&amp;#27;[1m?????????????????????????????????????????????????????????????????????????????????????&amp;#27;[0m
&amp;#27;[32m&amp;#27;[1m?????????????????????????????????????????????????????????????????????????????????????&amp;#27;[0m
&amp;#27;[32m&amp;#27;[1m?&amp;#27;[0m Share your Cucumber Report with your team at &amp;#27;[36m&amp;#27;[1m&amp;#27;[4mhttps://reports.cucumber.io&amp;#27;[0m          &amp;#27;[32m&amp;#27;[1m?&amp;#27;[0m
&amp;#27;[32m&amp;#27;[1m?&amp;#27;[0m Activate publishing with one of the following:                                    &amp;#27;[32m&amp;#27;[1m?&amp;#27;[0m
&amp;#27;[32m&amp;#27;[1m?&amp;#27;[0m                                                                                   &amp;#27;[32m&amp;#27;[1m?&amp;#27;[0m
&amp;#27;[32m&amp;#27;[1m?&amp;#27;[0m src/test/resources/cucumber.properties:          &amp;#27;[36mcucumber.publish.enabled&amp;#27;[0m=&amp;#27;[36mtrue&amp;#27;[0m    &amp;#27;[32m&amp;#27;[1m?&amp;#27;[0m
&amp;#27;[32m&amp;#27;[1m?&amp;#27;[0m src/test/resources/junit-platform.properties:    &amp;#27;[36mcucumber.publish.enabled&amp;#27;[0m=&amp;#27;[36mtrue&amp;#27;[0m    &amp;#27;[32m&amp;#27;[1m?&amp;#27;[0m
&amp;#27;[32m&amp;#27;[1m?&amp;#27;[0m Environment variable:                            &amp;#27;[36mCUCUMBER_PUBL�SH_ENABLED&amp;#27;[0m=&amp;#27;[36mtrue&amp;#27;[0m    &amp;#27;[32m&amp;#27;[1m?&amp;#27;[0m
&amp;#27;[32m&amp;#27;[1m?&amp;#27;[0m JUnit:                                           &amp;#27;[36m@CucumberOptions&amp;#27;[0m(publish = &amp;#27;[36mtrue&amp;#27;[0m) &amp;#27;[32m&amp;#27;[1m?&amp;#27;[0m
&amp;#27;[32m&amp;#27;[1m?&amp;#27;[0m                                                                                   &amp;#27;[32m&amp;#27;[1m?&amp;#27;[0m
&amp;#27;[32m&amp;#27;[1m?&amp;#27;[0m More information at &amp;#27;[36mhttps://cucumber.io/docs/cucumber/environment-variables/&amp;#27;[0m      &amp;#27;[32m&amp;#27;[1m?&amp;#27;[0m
&amp;#27;[32m&amp;#27;[1m?&amp;#27;[0m                                                                                   &amp;#27;[32m&amp;#27;[1m?&amp;#27;[0m
&amp;#27;[32m&amp;#27;[1m?&amp;#27;[0m Disable this message with one of the following:                                   &amp;#27;[32m&amp;#27;[1m?&amp;#27;[0m
&amp;#27;[32m&amp;#27;[1m?&amp;#27;[0m                                                                                   &amp;#27;[32m&amp;#27;[1m?&amp;#27;[0m
&amp;#27;[32m&amp;#27;[1m?&amp;#27;[0m src/test/resources/cucumber.properties:          &amp;#27;[36mcucumber.publish.quiet&amp;#27;[0m=&amp;#27;[36mtrue&amp;#27;[0m      &amp;#27;[32m&amp;#27;[1m?&amp;#27;[0m
&amp;#27;[32m&amp;#27;[1m?&amp;#27;[0m src/test/resources/junit-platform.properties:    &amp;#27;[36mcucumber.publish.quiet&amp;#27;[0m=&amp;#27;[36mtrue&amp;#27;[0m      &amp;#27;[32m&amp;#27;[1m?&amp;#27;[0m
&amp;#27;[32m&amp;#27;[1m?????????????????????????????????????????????????????????????????????????????????????&amp;#27;[0m
&amp;#27;[32m&amp;#27;[1m?????????????????????????????????????????????????????????????????????????????????????&amp;#27;[0m
&amp;#27;[32m&amp;#27;[1m?&amp;#27;[0m Share your Cucumber Report with your team at &amp;#27;[36m&amp;#27;[1m&amp;#27;[4mhttps://reports.cucumber.io&amp;#27;[0m          &amp;#27;[32m&amp;#27;[1m?&amp;#27;[0m
&amp;#27;[32m&amp;#27;[1m?&amp;#27;[0m Activate publishing with one of the following:                                    &amp;#27;[32m&amp;#27;[1m?&amp;#27;[0m
&amp;#27;[32m&amp;#27;[1m?&amp;#27;[0m                                                                                   &amp;#27;[32m&amp;#27;[1m?&amp;#27;[0m
&amp;#27;[32m&amp;#27;[1m?&amp;#27;[0m src/test/resources/cucumber.properties:          &amp;#27;[36mcucumber.publish.enabled&amp;#27;[0m=&amp;#27;[36mtrue&amp;#27;[0m    &amp;#27;[32m&amp;#27;[1m?&amp;#27;[0m
&amp;#27;[32m&amp;#27;[1m?&amp;#27;[0m src/test/resources/junit-platform.properties:    &amp;#27;[36mcucumber.publish.enabled&amp;#27;[0m=&amp;#27;[36mtrue&amp;#27;[0m    &amp;#27;[32m&amp;#27;[1m?&amp;#27;[0m
&amp;#27;[32m&amp;#27;[1m?&amp;#27;[0m Environment variable:                            &amp;#27;[36mCUCUMBER_PUBL�SH_ENABLED&amp;#27;[0m=&amp;#27;[36mtrue&amp;#27;[0m    &amp;#27;[32m&amp;#27;[1m?&amp;#27;[0m
&amp;#27;[32m&amp;#27;[1m?&amp;#27;[0m JUnit:                                           &amp;#27;[36m@CucumberOptions&amp;#27;[0m(publish = &amp;#27;[36mtrue&amp;#27;[0m) &amp;#27;[32m&amp;#27;[1m?&amp;#27;[0m
&amp;#27;[32m&amp;#27;[1m?&amp;#27;[0m                                                                                   &amp;#27;[32m&amp;#27;[1m?&amp;#27;[0m
&amp;#27;[32m&amp;#27;[1m?&amp;#27;[0m More information at &amp;#27;[36mhttps://cucumber.io/docs/cucumber/environment-variables/&amp;#27;[0m      &amp;#27;[32m&amp;#27;[1m?&amp;#27;[0m
&amp;#27;[32m&amp;#27;[1m?&amp;#27;[0m                                                                                   &amp;#27;[32m&amp;#27;[1m?&amp;#27;[0m
&amp;#27;[32m&amp;#27;[1m?&amp;#27;[0m Disable this message with one of the following:                                   &amp;#27;[32m&amp;#27;[1m?&amp;#27;[0m
&amp;#27;[32m&amp;#27;[1m?&amp;#27;[0m                                                                                   &amp;#27;[32m&amp;#27;[1m?&amp;#27;[0m
&amp;#27;[32m&amp;#27;[1m?&amp;#27;[0m src/test/resources/cucumber.properties:          &amp;#27;[36mcucumber.publish.quiet&amp;#27;[0m=&amp;#27;[36mtrue&amp;#27;[0m      &amp;#27;[32m&amp;#27;[1m?&amp;#27;[0m
&amp;#27;[32m&amp;#27;[1m?&amp;#27;[0m src/test/resources/junit-platform.properties:    &amp;#27;[36mcucumber.publish.quiet&amp;#27;[0m=&amp;#27;[36mtrue&amp;#27;[0m      &amp;#27;[32m&amp;#27;[1m?&amp;#27;[0m
&amp;#27;[32m&amp;#27;[1m?????????????????????????????????????????????????????????????????????????????????????&amp;#27;[0m
&amp;#27;[32m&amp;#27;[1m?????????????????????????????????????????????????????????????????????????????????????&amp;#27;[0m
&amp;#27;[32m&amp;#27;[1m?&amp;#27;[0m Share your Cucumber Report with your team at &amp;#27;[36m&amp;#27;[1m&amp;#27;[4mhttps://reports.cucumber.io&amp;#27;[0m          &amp;#27;[32m&amp;#27;[1m?&amp;#27;[0m
&amp;#27;[32m&amp;#27;[1m?&amp;#27;[0m Activate publishing with one of the following:                                    &amp;#27;[32m&amp;#27;[1m?&amp;#27;[0m
&amp;#27;[32m&amp;#27;[1m?&amp;#27;[0m                                                                                   &amp;#27;[32m&amp;#27;[1m?&amp;#27;[0m
&amp;#27;[32m&amp;#27;[1m?&amp;#27;[0m src/test/resources/cucumber.properties:          &amp;#27;[36mcucumber.publish.enabled&amp;#27;[0m=&amp;#27;[36mtrue&amp;#27;[0m    &amp;#27;[32m&amp;#27;[1m?&amp;#27;[0m
&amp;#27;[32m&amp;#27;[1m?&amp;#27;[0m src/test/resources/junit-platform.properties:    &amp;#27;[36mcucumber.publish.enabled&amp;#27;[0m=&amp;#27;[36mtrue&amp;#27;[0m    &amp;#27;[32m&amp;#27;[1m?&amp;#27;[0m
&amp;#27;[32m&amp;#27;[1m?&amp;#27;[0m Environment variable:                            &amp;#27;[36mCUCUMBER_PUBL�SH_ENABLED&amp;#27;[0m=&amp;#27;[36mtrue&amp;#27;[0m    &amp;#27;[32m&amp;#27;[1m?&amp;#27;[0m
&amp;#27;[32m&amp;#27;[1m?&amp;#27;[0m JUnit:                                           &amp;#27;[36m@CucumberOptions&amp;#27;[0m(publish = &amp;#27;[36mtrue&amp;#27;[0m) &amp;#27;[32m&amp;#27;[1m?&amp;#27;[0m
&amp;#27;[32m&amp;#27;[1m?&amp;#27;[0m                                                                                   &amp;#27;[32m&amp;#27;[1m?&amp;#27;[0m
&amp;#27;[32m&amp;#27;[1m?&amp;#27;[0m More information at &amp;#27;[36mhttps://cucumber.io/docs/cucumber/environment-variables/&amp;#27;[0m      &amp;#27;[32m&amp;#27;[1m?&amp;#27;[0m
&amp;#27;[32m&amp;#27;[1m?&amp;#27;[0m                                                                                   &amp;#27;[32m&amp;#27;[1m?&amp;#27;[0m
&amp;#27;[32m&amp;#27;[1m?&amp;#27;[0m Disable this message with one of the following:                                   &amp;#27;[32m&amp;#27;[1m?&amp;#27;[0m
&amp;#27;[32m&amp;#27;[1m?&amp;#27;[0m                                                                                   &amp;#27;[32m&amp;#27;[1m?&amp;#27;[0m
&amp;#27;[32m&amp;#27;[1m?&amp;#27;[0m src/test/resources/cucumber.properties:          &amp;#27;[36mcucumber.publish.quiet&amp;#27;[0m=&amp;#27;[36mtrue&amp;#27;[0m      &amp;#27;[32m&amp;#27;[1m?&amp;#27;[0m
&amp;#27;[32m&amp;#27;[1m?&amp;#27;[0m src/test/resources/junit-platform.properties:    &amp;#27;[36mcucumber.publish.quiet&amp;#27;[0m=&amp;#27;[36mtrue&amp;#27;[0m      &amp;#27;[32m&amp;#27;[1m?&amp;#27;[0m
&amp;#27;[32m&amp;#27;[1m?????????????????????????????????????????????????????????????????????????????????????&amp;#27;[0m
&amp;#27;[32m&amp;#27;[1m?????????????????????????????????????????????????????????????????????????????????????&amp;#27;[0m
&amp;#27;[32m&amp;#27;[1m?&amp;#27;[0m Share your Cucumber Report with your team at &amp;#27;[36m&amp;#27;[1m&amp;#27;[4mhttps://reports.cucumber.io&amp;#27;[0m          &amp;#27;[32m&amp;#27;[1m?&amp;#27;[0m
&amp;#27;[32m&amp;#27;[1m?&amp;#27;[0m Activate publishing with one of the following:                                    &amp;#27;[32m&amp;#27;[1m?&amp;#27;[0m
&amp;#27;[32m&amp;#27;[1m?&amp;#27;[0m                                                                                   &amp;#27;[32m&amp;#27;[1m?&amp;#27;[0m
&amp;#27;[32m&amp;#27;[1m?&amp;#27;[0m src/test/resources/cucumber.properties:          &amp;#27;[36mcucumber.publish.enabled&amp;#27;[0m=&amp;#27;[36mtrue&amp;#27;[0m    &amp;#27;[32m&amp;#27;[1m?&amp;#27;[0m
&amp;#27;[32m&amp;#27;[1m?&amp;#27;[0m src/test/resources/junit-platform.properties:    &amp;#27;[36mcucumber.publish.enabled&amp;#27;[0m=&amp;#27;[36mtrue&amp;#27;[0m    &amp;#27;[32m&amp;#27;[1m?&amp;#27;[0m
&amp;#27;[32m&amp;#27;[1m?&amp;#27;[0m Environment variable:                            &amp;#27;[36mCUCUMBER_PUBL�SH_ENABLED&amp;#27;[0m=&amp;#27;[36mtrue&amp;#27;[0m    &amp;#27;[32m&amp;#27;[1m?&amp;#27;[0m
&amp;#27;[32m&amp;#27;[1m?&amp;#27;[0m JUnit:                                           &amp;#27;[36m@CucumberOptions&amp;#27;[0m(publish = &amp;#27;[36mtrue&amp;#27;[0m) &amp;#27;[32m&amp;#27;[1m?&amp;#27;[0m
&amp;#27;[32m&amp;#27;[1m?&amp;#27;[0m                                                                                   &amp;#27;[32m&amp;#27;[1m?&amp;#27;[0m
&amp;#27;[32m&amp;#27;[1m?&amp;#27;[0m More information at &amp;#27;[36mhttps://cucumber.io/docs/cucumber/environment-variables/&amp;#27;[0m      &amp;#27;[32m&amp;#27;[1m?&amp;#27;[0m
&amp;#27;[32m&amp;#27;[1m?&amp;#27;[0m                                                                                   &amp;#27;[32m&amp;#27;[1m?&amp;#27;[0m
&amp;#27;[32m&amp;#27;[1m?&amp;#27;[0m Disable this message with one of the following:                                   &amp;#27;[32m&amp;#27;[1m?&amp;#27;[0m
&amp;#27;[32m&amp;#27;[1m?&amp;#27;[0m                                                                                   &amp;#27;[32m&amp;#27;[1m?&amp;#27;[0m
&amp;#27;[32m&amp;#27;[1m?&amp;#27;[0m src/test/resources/cucumber.properties:          &amp;#27;[36mcucumber.publish.quiet&amp;#27;[0m=&amp;#27;[36mtrue&amp;#27;[0m      &amp;#27;[32m&amp;#27;[1m?&amp;#27;[0m
&amp;#27;[32m&amp;#27;[1m?&amp;#27;[0m src/test/resources/junit-platform.properties:    &amp;#27;[36mcucumber.publish.quiet&amp;#27;[0m=&amp;#27;[36mtrue&amp;#27;[0m      &amp;#27;[32m&amp;#27;[1m?&amp;#27;[0m
&amp;#27;[32m&amp;#27;[1m?????????????????????????????????????????????????????????????????????????????????????&amp;#27;[0m
&amp;#27;[32m&amp;#27;[1m?????????????????????????????????????????????????????????????????????????????????????&amp;#27;[0m
&amp;#27;[32m&amp;#27;[1m?&amp;#27;[0m Share your Cucumber Report with your team at &amp;#27;[36m&amp;#27;[1m&amp;#27;[4mhttps://reports.cucumber.io&amp;#27;[0m          &amp;#27;[32m&amp;#27;[1m?&amp;#27;[0m
&amp;#27;[32m&amp;#27;[1m?&amp;#27;[0m Activate publishing with one of the following:                                    &amp;#27;[32m&amp;#27;[1m?&amp;#27;[0m
&amp;#27;[32m&amp;#27;[1m?&amp;#27;[0m                                                                                   &amp;#27;[32m&amp;#27;[1m?&amp;#27;[0m
&amp;#27;[32m&amp;#27;[1m?&amp;#27;[0m src/test/resources/cucumber.properties:          &amp;#27;[36mcucumber.publish.enabled&amp;#27;[0m=&amp;#27;[36mtrue&amp;#27;[0m    &amp;#27;[32m&amp;#27;[1m?&amp;#27;[0m
&amp;#27;[32m&amp;#27;[1m?&amp;#27;[0m src/test/resources/junit-platform.properties:    &amp;#27;[36mcucumber.publish.enabled&amp;#27;[0m=&amp;#27;[36mtrue&amp;#27;[0m    &amp;#27;[32m&amp;#27;[1m?&amp;#27;[0m
&amp;#27;[32m&amp;#27;[1m?&amp;#27;[0m Environment variable:                            &amp;#27;[36mCUCUMBER_PUBL�SH_ENABLED&amp;#27;[0m=&amp;#27;[36mtrue&amp;#27;[0m    &amp;#27;[32m&amp;#27;[1m?&amp;#27;[0m
&amp;#27;[32m&amp;#27;[1m?&amp;#27;[0m JUnit:                                           &amp;#27;[36m@CucumberOptions&amp;#27;[0m(publish = &amp;#27;[36mtrue&amp;#27;[0m) &amp;#27;[32m&amp;#27;[1m?&amp;#27;[0m
&amp;#27;[32m&amp;#27;[1m?&amp;#27;[0m                                                                                   &amp;#27;[32m&amp;#27;[1m?&amp;#27;[0m
&amp;#27;[32m&amp;#27;[1m?&amp;#27;[0m More information at &amp;#27;[36mhttps://cucumber.io/docs/cucumber/environment-variables/&amp;#27;[0m      &amp;#27;[32m&amp;#27;[1m?&amp;#27;[0m
&amp;#27;[32m&amp;#27;[1m?&amp;#27;[0m                                                                                   &amp;#27;[32m&amp;#27;[1m?&amp;#27;[0m
&amp;#27;[32m&amp;#27;[1m?&amp;#27;[0m Disable this message with one of the following:                                   &amp;#27;[32m&amp;#27;[1m?&amp;#27;[0m
&amp;#27;[32m&amp;#27;[1m?&amp;#27;[0m                                                                                   &amp;#27;[32m&amp;#27;[1m?&amp;#27;[0m
&amp;#27;[32m&amp;#27;[1m?&amp;#27;[0m src/test/resources/cucumber.properties:          &amp;#27;[36mcucumber.publish.quiet&amp;#27;[0m=&amp;#27;[36mtrue&amp;#27;[0m      &amp;#27;[32m&amp;#27;[1m?&amp;#27;[0m
&amp;#27;[32m&amp;#27;[1m?&amp;#27;[0m src/test/resources/junit-platform.properties:    &amp;#27;[36mcucumber.publish.quiet&amp;#27;[0m=&amp;#27;[36mtrue&amp;#27;[0m      &amp;#27;[32m&amp;#27;[1m?&amp;#27;[0m
&amp;#27;[32m&amp;#27;[1m?????????????????????????????????????????????????????????????????????????????????????&amp;#27;[0m
&amp;#27;[32m&amp;#27;[1m?????????????????????????????????????????????????????????????????????????????????????&amp;#27;[0m
&amp;#27;[32m&amp;#27;[1m?&amp;#27;[0m Share your Cucumber Report with your team at &amp;#27;[36m&amp;#27;[1m&amp;#27;[4mhttps://reports.cucumber.io&amp;#27;[0m          &amp;#27;[32m&amp;#27;[1m?&amp;#27;[0m
&amp;#27;[32m&amp;#27;[1m?&amp;#27;[0m Activate publishing with one of the following:                                    &amp;#27;[32m&amp;#27;[1m?&amp;#27;[0m
&amp;#27;[32m&amp;#27;[1m?&amp;#27;[0m                                                                                   &amp;#27;[32m&amp;#27;[1m?&amp;#27;[0m
&amp;#27;[32m&amp;#27;[1m?&amp;#27;[0m src/test/resources/cucumber.properties:          &amp;#27;[36mcucumber.publish.enabled&amp;#27;[0m=&amp;#27;[36mtrue&amp;#27;[0m    &amp;#27;[32m&amp;#27;[1m?&amp;#27;[0m
&amp;#27;[32m&amp;#27;[1m?&amp;#27;[0m src/test/resources/junit-platform.properties:    &amp;#27;[36mcucumber.publish.enabled&amp;#27;[0m=&amp;#27;[36mtrue&amp;#27;[0m    &amp;#27;[32m&amp;#27;[1m?&amp;#27;[0m
&amp;#27;[32m&amp;#27;[1m?&amp;#27;[0m Environment variable:                            &amp;#27;[36mCUCUMBER_PUBL�SH_ENABLED&amp;#27;[0m=&amp;#27;[36mtrue&amp;#27;[0m    &amp;#27;[32m&amp;#27;[1m?&amp;#27;[0m
&amp;#27;[32m&amp;#27;[1m?&amp;#27;[0m JUnit:                                           &amp;#27;[36m@CucumberOptions&amp;#27;[0m(publish = &amp;#27;[36mtrue&amp;#27;[0m) &amp;#27;[32m&amp;#27;[1m?&amp;#27;[0m
&amp;#27;[32m&amp;#27;[1m?&amp;#27;[0m                                                                                   &amp;#27;[32m&amp;#27;[1m?&amp;#27;[0m
&amp;#27;[32m&amp;#27;[1m?&amp;#27;[0m More information at &amp;#27;[36mhttps://cucumber.io/docs/cucumber/environment-variables/&amp;#27;[0m      &amp;#27;[32m&amp;#27;[1m?&amp;#27;[0m
&amp;#27;[32m&amp;#27;[1m?&amp;#27;[0m                                                                                   &amp;#27;[32m&amp;#27;[1m?&amp;#27;[0m
&amp;#27;[32m&amp;#27;[1m?&amp;#27;[0m Disable this message with one of the following:                                   &amp;#27;[32m&amp;#27;[1m?&amp;#27;[0m
&amp;#27;[32m&amp;#27;[1m?&amp;#27;[0m                                                                                   &amp;#27;[32m&amp;#27;[1m?&amp;#27;[0m
&amp;#27;[32m&amp;#27;[1m?&amp;#27;[0m src/test/resources/cucumber.properties:          &amp;#27;[36mcucumber.publish.quiet&amp;#27;[0m=&amp;#27;[36mtrue&amp;#27;[0m      &amp;#27;[32m&amp;#27;[1m?&amp;#27;[0m
&amp;#27;[32m&amp;#27;[1m?&amp;#27;[0m src/test/resources/junit-platform.properties:    &amp;#27;[36mcucumber.publish.quiet&amp;#27;[0m=&amp;#27;[36mtrue&amp;#27;[0m      &amp;#27;[32m&amp;#27;[1m?&amp;#27;[0m
&amp;#27;[32m&amp;#27;[1m?????????????????????????????????????????????????????????????????????????????????????&amp;#27;[0m
&amp;#27;[32m&amp;#27;[1m?????????????????????????????????????????????????????????????????????????????????????&amp;#27;[0m
&amp;#27;[32m&amp;#27;[1m?&amp;#27;[0m Share your Cucumber Report with your team at &amp;#27;[36m&amp;#27;[1m&amp;#27;[4mhttps://reports.cucumber.io&amp;#27;[0m          &amp;#27;[32m&amp;#27;[1m?&amp;#27;[0m
&amp;#27;[32m&amp;#27;[1m?&amp;#27;[0m Activate publishing with one of the following:                                    &amp;#27;[32m&amp;#27;[1m?&amp;#27;[0m
&amp;#27;[32m&amp;#27;[1m?&amp;#27;[0m                                                                                   &amp;#27;[32m&amp;#27;[1m?&amp;#27;[0m
&amp;#27;[32m&amp;#27;[1m?&amp;#27;[0m src/test/resources/cucumber.properties:          &amp;#27;[36mcucumber.publish.enabled&amp;#27;[0m=&amp;#27;[36mtrue&amp;#27;[0m    &amp;#27;[32m&amp;#27;[1m?&amp;#27;[0m
&amp;#27;[32m&amp;#27;[1m?&amp;#27;[0m src/test/resources/junit-platform.properties:    &amp;#27;[36mcucumber.publish.enabled&amp;#27;[0m=&amp;#27;[36mtrue&amp;#27;[0m    &amp;#27;[32m&amp;#27;[1m?&amp;#27;[0m
&amp;#27;[32m&amp;#27;[1m?&amp;#27;[0m Environment variable:                            &amp;#27;[36mCUCUMBER_PUBL�SH_ENABLED&amp;#27;[0m=&amp;#27;[36mtrue&amp;#27;[0m    &amp;#27;[32m&amp;#27;[1m?&amp;#27;[0m
&amp;#27;[32m&amp;#27;[1m?&amp;#27;[0m JUnit:                                           &amp;#27;[36m@CucumberOptions&amp;#27;[0m(publish = &amp;#27;[36mtrue&amp;#27;[0m) &amp;#27;[32m&amp;#27;[1m?&amp;#27;[0m
&amp;#27;[32m&amp;#27;[1m?&amp;#27;[0m                                                                                   &amp;#27;[32m&amp;#27;[1m?&amp;#27;[0m
&amp;#27;[32m&amp;#27;[1m?&amp;#27;[0m More information at &amp;#27;[36mhttps://cucumber.io/docs/cucumber/environment-variables/&amp;#27;[0m      &amp;#27;[32m&amp;#27;[1m?&amp;#27;[0m
&amp;#27;[32m&amp;#27;[1m?&amp;#27;[0m                                                                                   &amp;#27;[32m&amp;#27;[1m?&amp;#27;[0m
&amp;#27;[32m&amp;#27;[1m?&amp;#27;[0m Disable this message with one of the following:                                   &amp;#27;[32m&amp;#27;[1m?&amp;#27;[0m
&amp;#27;[32m&amp;#27;[1m?&amp;#27;[0m                                                                                   &amp;#27;[32m&amp;#27;[1m?&amp;#27;[0m
&amp;#27;[32m&amp;#27;[1m?&amp;#27;[0m src/test/resources/cucumber.properties:          &amp;#27;[36mcucumber.publish.quiet&amp;#27;[0m=&amp;#27;[36mtrue&amp;#27;[0m      &amp;#27;[32m&amp;#27;[1m?&amp;#27;[0m
&amp;#27;[32m&amp;#27;[1m?&amp;#27;[0m src/test/resources/junit-platform.properties:    &amp;#27;[36mcucumber.publish.quiet&amp;#27;[0m=&amp;#27;[36mtrue&amp;#27;[0m      &amp;#27;[32m&amp;#27;[1m?&amp;#27;[0m
&amp;#27;[32m&amp;#27;[1m?????????????????????????????????????????????????????????????????????????????????????&amp;#27;[0m
&amp;#27;[32m&amp;#27;[1m?????????????????????????????????????????????????????????????????????????????????????&amp;#27;[0m
&amp;#27;[32m&amp;#27;[1m?&amp;#27;[0m Share your Cucumber Report with your team at &amp;#27;[36m&amp;#27;[1m&amp;#27;[4mhttps://reports.cucumber.io&amp;#27;[0m          &amp;#27;[32m&amp;#27;[1m?&amp;#27;[0m
&amp;#27;[32m&amp;#27;[1m?&amp;#27;[0m Activate publishing with one of the following:                                    &amp;#27;[32m&amp;#27;[1m?&amp;#27;[0m
&amp;#27;[32m&amp;#27;[1m?&amp;#27;[0m                                                                                   &amp;#27;[32m&amp;#27;[1m?&amp;#27;[0m
&amp;#27;[32m&amp;#27;[1m?&amp;#27;[0m src/test/resources/cucumber.properties:          &amp;#27;[36mcucumber.publish.enabled&amp;#27;[0m=&amp;#27;[36mtrue&amp;#27;[0m    &amp;#27;[32m&amp;#27;[1m?&amp;#27;[0m
&amp;#27;[32m&amp;#27;[1m?&amp;#27;[0m src/test/resources/junit-platform.properties:    &amp;#27;[36mcucumber.publish.enabled&amp;#27;[0m=&amp;#27;[36mtrue&amp;#27;[0m    &amp;#27;[32m&amp;#27;[1m?&amp;#27;[0m
&amp;#27;[32m&amp;#27;[1m?&amp;#27;[0m Environment variable:                            &amp;#27;[36mCUCUMBER_PUBL�SH_ENABLED&amp;#27;[0m=&amp;#27;[36mtrue&amp;#27;[0m    &amp;#27;[32m&amp;#27;[1m?&amp;#27;[0m
&amp;#27;[32m&amp;#27;[1m?&amp;#27;[0m JUnit:                                           &amp;#27;[36m@CucumberOptions&amp;#27;[0m(publish = &amp;#27;[36mtrue&amp;#27;[0m) &amp;#27;[32m&amp;#27;[1m?&amp;#27;[0m
&amp;#27;[32m&amp;#27;[1m?&amp;#27;[0m                                                                                   &amp;#27;[32m&amp;#27;[1m?&amp;#27;[0m
&amp;#27;[32m&amp;#27;[1m?&amp;#27;[0m More information at &amp;#27;[36mhttps://cucumber.io/docs/cucumber/environment-variables/&amp;#27;[0m      &amp;#27;[32m&amp;#27;[1m?&amp;#27;[0m
&amp;#27;[32m&amp;#27;[1m?&amp;#27;[0m                                                                                   &amp;#27;[32m&amp;#27;[1m?&amp;#27;[0m
&amp;#27;[32m&amp;#27;[1m?&amp;#27;[0m Disable this message with one of the following:                                   &amp;#27;[32m&amp;#27;[1m?&amp;#27;[0m
&amp;#27;[32m&amp;#27;[1m?&amp;#27;[0m                                                                                   &amp;#27;[32m&amp;#27;[1m?&amp;#27;[0m
&amp;#27;[32m&amp;#27;[1m?&amp;#27;[0m src/test/resources/cucumber.properties:          &amp;#27;[36mcucumber.publish.quiet&amp;#27;[0m=&amp;#27;[36mtrue&amp;#27;[0m      &amp;#27;[32m&amp;#27;[1m?&amp;#27;[0m
&amp;#27;[32m&amp;#27;[1m?&amp;#27;[0m src/test/resources/junit-platform.properties:    &amp;#27;[36mcucumber.publish.quiet&amp;#27;[0m=&amp;#27;[36mtrue&amp;#27;[0m      &amp;#27;[32m&amp;#27;[1m?&amp;#27;[0m
&amp;#27;[32m&amp;#27;[1m?????????????????????????????????????????????????????????????????????????????????????&amp;#27;[0m
&amp;#27;[32m&amp;#27;[1m?????????????????????????????????????????????????????????????????????????????????????&amp;#27;[0m
&amp;#27;[32m&amp;#27;[1m?&amp;#27;[0m Share your Cucumber Report with your team at &amp;#27;[36m&amp;#27;[1m&amp;#27;[4mhttps://reports.cucumber.io&amp;#27;[0m          &amp;#27;[32m&amp;#27;[1m?&amp;#27;[0m
&amp;#27;[32m&amp;#27;[1m?&amp;#27;[0m Activate publishing with one of the following:                                    &amp;#27;[32m&amp;#27;[1m?&amp;#27;[0m
&amp;#27;[32m&amp;#27;[1m?&amp;#27;[0m                                                                                   &amp;#27;[32m&amp;#27;[1m?&amp;#27;[0m
&amp;#27;[32m&amp;#27;[1m?&amp;#27;[0m src/test/resources/cucumber.properties:          &amp;#27;[36mcucumber.publish.enabled&amp;#27;[0m=&amp;#27;[36mtrue&amp;#27;[0m    &amp;#27;[32m&amp;#27;[1m?&amp;#27;[0m
&amp;#27;[32m&amp;#27;[1m?&amp;#27;[0m src/test/resources/junit-platform.properties:    &amp;#27;[36mcucumber.publish.enabled&amp;#27;[0m=&amp;#27;[36mtrue&amp;#27;[0m    &amp;#27;[32m&amp;#27;[1m?&amp;#27;[0m
&amp;#27;[32m&amp;#27;[1m?&amp;#27;[0m Environment variable:                            &amp;#27;[36mCUCUMBER_PUBL�SH_ENABLED&amp;#27;[0m=&amp;#27;[36mtrue&amp;#27;[0m    &amp;#27;[32m&amp;#27;[1m?&amp;#27;[0m
&amp;#27;[32m&amp;#27;[1m?&amp;#27;[0m JUnit:                                           &amp;#27;[36m@CucumberOptions&amp;#27;[0m(publish = &amp;#27;[36mtrue&amp;#27;[0m) &amp;#27;[32m&amp;#27;[1m?&amp;#27;[0m
&amp;#27;[32m&amp;#27;[1m?&amp;#27;[0m                                                                                   &amp;#27;[32m&amp;#27;[1m?&amp;#27;[0m
&amp;#27;[32m&amp;#27;[1m?&amp;#27;[0m More information at &amp;#27;[36mhttps://cucumber.io/docs/cucumber/environment-variables/&amp;#27;[0m      &amp;#27;[32m&amp;#27;[1m?&amp;#27;[0m
&amp;#27;[32m&amp;#27;[1m?&amp;#27;[0m                                                                                   &amp;#27;[32m&amp;#27;[1m?&amp;#27;[0m
&amp;#27;[32m&amp;#27;[1m?&amp;#27;[0m Disable this message with one of the following:                                   &amp;#27;[32m&amp;#27;[1m?&amp;#27;[0m
&amp;#27;[32m&amp;#27;[1m?&amp;#27;[0m                                                                                   &amp;#27;[32m&amp;#27;[1m?&amp;#27;[0m
&amp;#27;[32m&amp;#27;[1m?&amp;#27;[0m src/test/resources/cucumber.properties:          &amp;#27;[36mcucumber.publish.quiet&amp;#27;[0m=&amp;#27;[36mtrue&amp;#27;[0m      &amp;#27;[32m&amp;#27;[1m?&amp;#27;[0m
&amp;#27;[32m&amp;#27;[1m?&amp;#27;[0m src/test/resources/junit-platform.properties:    &amp;#27;[36mcucumber.publish.quiet&amp;#27;[0m=&amp;#27;[36mtrue&amp;#27;[0m      &amp;#27;[32m&amp;#27;[1m?&amp;#27;[0m
&amp;#27;[32m&amp;#27;[1m?????????????????????????????????????????????????????????????????????????????????????&amp;#27;[0m
&amp;#27;[32m&amp;#27;[1m?????????????????????????????????????????????????????????????????????????????????????&amp;#27;[0m
&amp;#27;[32m&amp;#27;[1m?&amp;#27;[0m Share your Cucumber Report with your team at &amp;#27;[36m&amp;#27;[1m&amp;#27;[4mhttps://reports.cucumber.io&amp;#27;[0m          &amp;#27;[32m&amp;#27;[1m?&amp;#27;[0m
&amp;#27;[32m&amp;#27;[1m?&amp;#27;[0m Activate publishing with one of the following:                                    &amp;#27;[32m&amp;#27;[1m?&amp;#27;[0m
&amp;#27;[32m&amp;#27;[1m?&amp;#27;[0m                                                                                   &amp;#27;[32m&amp;#27;[1m?&amp;#27;[0m
&amp;#27;[32m&amp;#27;[1m?&amp;#27;[0m src/test/resources/cucumber.properties:          &amp;#27;[36mcucumber.publish.enabled&amp;#27;[0m=&amp;#27;[36mtrue&amp;#27;[0m    &amp;#27;[32m&amp;#27;[1m?&amp;#27;[0m
&amp;#27;[32m&amp;#27;[1m?&amp;#27;[0m src/test/resources/junit-platform.properties:    &amp;#27;[36mcucumber.publish.enabled&amp;#27;[0m=&amp;#27;[36mtrue&amp;#27;[0m    &amp;#27;[32m&amp;#27;[1m?&amp;#27;[0m
&amp;#27;[32m&amp;#27;[1m?&amp;#27;[0m Environment variable:                            &amp;#27;[36mCUCUMBER_PUBL�SH_ENABLED&amp;#27;[0m=&amp;#27;[36mtrue&amp;#27;[0m    &amp;#27;[32m&amp;#27;[1m?&amp;#27;[0m
&amp;#27;[32m&amp;#27;[1m?&amp;#27;[0m JUnit:                                           &amp;#27;[36m@CucumberOptions&amp;#27;[0m(publish = &amp;#27;[36mtrue&amp;#27;[0m) &amp;#27;[32m&amp;#27;[1m?&amp;#27;[0m
&amp;#27;[32m&amp;#27;[1m?&amp;#27;[0m                                                                                   &amp;#27;[32m&amp;#27;[1m?&amp;#27;[0m
&amp;#27;[32m&amp;#27;[1m?&amp;#27;[0m More information at &amp;#27;[36mhttps://cucumber.io/docs/cucumber/environment-variables/&amp;#27;[0m      &amp;#27;[32m&amp;#27;[1m?&amp;#27;[0m
&amp;#27;[32m&amp;#27;[1m?&amp;#27;[0m                                                                                   &amp;#27;[32m&amp;#27;[1m?&amp;#27;[0m
&amp;#27;[32m&amp;#27;[1m?&amp;#27;[0m Disable this message with one of the following:                                   &amp;#27;[32m&amp;#27;[1m?&amp;#27;[0m
&amp;#27;[32m&amp;#27;[1m?&amp;#27;[0m                                                                                   &amp;#27;[32m&amp;#27;[1m?&amp;#27;[0m
&amp;#27;[32m&amp;#27;[1m?&amp;#27;[0m src/test/resources/cucumber.properties:          &amp;#27;[36mcucumber.publish.quiet&amp;#27;[0m=&amp;#27;[36mtrue&amp;#27;[0m      &amp;#27;[32m&amp;#27;[1m?&amp;#27;[0m
&amp;#27;[32m&amp;#27;[1m?&amp;#27;[0m src/test/resources/junit-platform.properties:    &amp;#27;[36mcucumber.publish.quiet&amp;#27;[0m=&amp;#27;[36mtrue&amp;#27;[0m      &amp;#27;[32m&amp;#27;[1m?&amp;#27;[0m
&amp;#27;[32m&amp;#27;[1m?????????????????????????????????????????????????????????????????????????????????????&amp;#27;[0m
&amp;#27;[32m&amp;#27;[1m?????????????????????????????????????????????????????????????????????????????????????&amp;#27;[0m
&amp;#27;[32m&amp;#27;[1m?&amp;#27;[0m Share your Cucumber Report with your team at &amp;#27;[36m&amp;#27;[1m&amp;#27;[4mhttps://reports.cucumber.io&amp;#27;[0m          &amp;#27;[32m&amp;#27;[1m?&amp;#27;[0m
&amp;#27;[32m&amp;#27;[1m?&amp;#27;[0m Activate publishing with one of the following:                                    &amp;#27;[32m&amp;#27;[1m?&amp;#27;[0m
&amp;#27;[32m&amp;#27;[1m?&amp;#27;[0m                                                                                   &amp;#27;[32m&amp;#27;[1m?&amp;#27;[0m
&amp;#27;[32m&amp;#27;[1m?&amp;#27;[0m src/test/resources/cucumber.properties:          &amp;#27;[36mcucumber.publish.enabled&amp;#27;[0m=&amp;#27;[36mtrue&amp;#27;[0m    &amp;#27;[32m&amp;#27;[1m?&amp;#27;[0m
&amp;#27;[32m&amp;#27;[1m?&amp;#27;[0m src/test/resources/junit-platform.properties:    &amp;#27;[36mcucumber.publish.enabled&amp;#27;[0m=&amp;#27;[36mtrue&amp;#27;[0m    &amp;#27;[32m&amp;#27;[1m?&amp;#27;[0m
&amp;#27;[32m&amp;#27;[1m?&amp;#27;[0m Environment variable:                            &amp;#27;[36mCUCUMBER_PUBL�SH_ENABLED&amp;#27;[0m=&amp;#27;[36mtrue&amp;#27;[0m    &amp;#27;[32m&amp;#27;[1m?&amp;#27;[0m
&amp;#27;[32m&amp;#27;[1m?&amp;#27;[0m JUnit:                                           &amp;#27;[36m@CucumberOptions&amp;#27;[0m(publish = &amp;#27;[36mtrue&amp;#27;[0m) &amp;#27;[32m&amp;#27;[1m?&amp;#27;[0m
&amp;#27;[32m&amp;#27;[1m?&amp;#27;[0m                                                                                   &amp;#27;[32m&amp;#27;[1m?&amp;#27;[0m
&amp;#27;[32m&amp;#27;[1m?&amp;#27;[0m More information at &amp;#27;[36mhttps://cucumber.io/docs/cucumber/environment-variables/&amp;#27;[0m      &amp;#27;[32m&amp;#27;[1m?&amp;#27;[0m
&amp;#27;[32m&amp;#27;[1m?&amp;#27;[0m                                                                                   &amp;#27;[32m&amp;#27;[1m?&amp;#27;[0m
&amp;#27;[32m&amp;#27;[1m?&amp;#27;[0m Disable this message with one of the following:                                   &amp;#27;[32m&amp;#27;[1m?&amp;#27;[0m
&amp;#27;[32m&amp;#27;[1m?&amp;#27;[0m                                                                                   &amp;#27;[32m&amp;#27;[1m?&amp;#27;[0m
&amp;#27;[32m&amp;#27;[1m?&amp;#27;[0m src/test/resources/cucumber.properties:          &amp;#27;[36mcucumber.publish.quiet&amp;#27;[0m=&amp;#27;[36mtrue&amp;#27;[0m      &amp;#27;[32m&amp;#27;[1m?&amp;#27;[0m
&amp;#27;[32m&amp;#27;[1m?&amp;#27;[0m src/test/resources/junit-platform.properties:    &amp;#27;[36mcucumber.publish.quiet&amp;#27;[0m=&amp;#27;[36mtrue&amp;#27;[0m      &amp;#27;[32m&amp;#27;[1m?&amp;#27;[0m
&amp;#27;[32m&amp;#27;[1m?????????????????????????????????????????????????????????????????????????????????????&amp;#27;[0m
&amp;#27;[32m&amp;#27;[1m?????????????????????????????????????????????????????????????????????????????????????&amp;#27;[0m
&amp;#27;[32m&amp;#27;[1m?&amp;#27;[0m Share your Cucumber Report with your team at &amp;#27;[36m&amp;#27;[1m&amp;#27;[4mhttps://reports.cucumber.io&amp;#27;[0m          &amp;#27;[32m&amp;#27;[1m?&amp;#27;[0m
&amp;#27;[32m&amp;#27;[1m?&amp;#27;[0m Activate publishing with one of the following:                                    &amp;#27;[32m&amp;#27;[1m?&amp;#27;[0m
&amp;#27;[32m&amp;#27;[1m?&amp;#27;[0m                                                                                   &amp;#27;[32m&amp;#27;[1m?&amp;#27;[0m
&amp;#27;[32m&amp;#27;[1m?&amp;#27;[0m src/test/resources/cucumber.properties:          &amp;#27;[36mcucumber.publish.enabled&amp;#27;[0m=&amp;#27;[36mtrue&amp;#27;[0m    &amp;#27;[32m&amp;#27;[1m?&amp;#27;[0m
&amp;#27;[32m&amp;#27;[1m?&amp;#27;[0m src/test/resources/junit-platform.properties:    &amp;#27;[36mcucumber.publish.enabled&amp;#27;[0m=&amp;#27;[36mtrue&amp;#27;[0m    &amp;#27;[32m&amp;#27;[1m?&amp;#27;[0m
&amp;#27;[32m&amp;#27;[1m?&amp;#27;[0m Environment variable:                            &amp;#27;[36mCUCUMBER_PUBL�SH_ENABLED&amp;#27;[0m=&amp;#27;[36mtrue&amp;#27;[0m    &amp;#27;[32m&amp;#27;[1m?&amp;#27;[0m
&amp;#27;[32m&amp;#27;[1m?&amp;#27;[0m JUnit:                                           &amp;#27;[36m@CucumberOptions&amp;#27;[0m(publish = &amp;#27;[36mtrue&amp;#27;[0m) &amp;#27;[32m&amp;#27;[1m?&amp;#27;[0m
&amp;#27;[32m&amp;#27;[1m?&amp;#27;[0m                                                                                   &amp;#27;[32m&amp;#27;[1m?&amp;#27;[0m
&amp;#27;[32m&amp;#27;[1m?&amp;#27;[0m More information at &amp;#27;[36mhttps://cucumber.io/docs/cucumber/environment-variables/&amp;#27;[0m      &amp;#27;[32m&amp;#27;[1m?&amp;#27;[0m
&amp;#27;[32m&amp;#27;[1m?&amp;#27;[0m                                                                                   &amp;#27;[32m&amp;#27;[1m?&amp;#27;[0m
&amp;#27;[32m&amp;#27;[1m?&amp;#27;[0m Disable this message with one of the following:                                   &amp;#27;[32m&amp;#27;[1m?&amp;#27;[0m
&amp;#27;[32m&amp;#27;[1m?&amp;#27;[0m                                                                                   &amp;#27;[32m&amp;#27;[1m?&amp;#27;[0m
&amp;#27;[32m&amp;#27;[1m?&amp;#27;[0m src/test/resources/cucumber.properties:          &amp;#27;[36mcucumber.publish.quiet&amp;#27;[0m=&amp;#27;[36mtrue&amp;#27;[0m      &amp;#27;[32m&amp;#27;[1m?&amp;#27;[0m
&amp;#27;[32m&amp;#27;[1m?&amp;#27;[0m src/test/resources/junit-platform.properties:    &amp;#27;[36mcucumber.publish.quiet&amp;#27;[0m=&amp;#27;[36mtrue&amp;#27;[0m      &amp;#27;[32m&amp;#27;[1m?&amp;#27;[0m
&amp;#27;[32m&amp;#27;[1m?????????????????????????????????????????????????????????????????????????????????????&amp;#27;[0m
&amp;#27;[32m&amp;#27;[1m?????????????????????????????????????????????????????????????????????????????????????&amp;#27;[0m
&amp;#27;[32m&amp;#27;[1m?&amp;#27;[0m Share your Cucumber Report with your team at &amp;#27;[36m&amp;#27;[1m&amp;#27;[4mhttps://reports.cucumber.io&amp;#27;[0m          &amp;#27;[32m&amp;#27;[1m?&amp;#27;[0m
&amp;#27;[32m&amp;#27;[1m?&amp;#27;[0m Activate publishing with one of the following:                                    &amp;#27;[32m&amp;#27;[1m?&amp;#27;[0m
&amp;#27;[32m&amp;#27;[1m?&amp;#27;[0m                                                                                   &amp;#27;[32m&amp;#27;[1m?&amp;#27;[0m
&amp;#27;[32m&amp;#27;[1m?&amp;#27;[0m src/test/resources/cucumber.properties:          &amp;#27;[36mcucumber.publish.enabled&amp;#27;[0m=&amp;#27;[36mtrue&amp;#27;[0m    &amp;#27;[32m&amp;#27;[1m?&amp;#27;[0m
&amp;#27;[32m&amp;#27;[1m?&amp;#27;[0m src/test/resources/junit-platform.properties:    &amp;#27;[36mcucumber.publish.enabled&amp;#27;[0m=&amp;#27;[36mtrue&amp;#27;[0m    &amp;#27;[32m&amp;#27;[1m?&amp;#27;[0m
&amp;#27;[32m&amp;#27;[1m?&amp;#27;[0m Environment variable:                            &amp;#27;[36mCUCUMBER_PUBL�SH_ENABLED&amp;#27;[0m=&amp;#27;[36mtrue&amp;#27;[0m    &amp;#27;[32m&amp;#27;[1m?&amp;#27;[0m
&amp;#27;[32m&amp;#27;[1m?&amp;#27;[0m JUnit:                                           &amp;#27;[36m@CucumberOptions&amp;#27;[0m(publish = &amp;#27;[36mtrue&amp;#27;[0m) &amp;#27;[32m&amp;#27;[1m?&amp;#27;[0m
&amp;#27;[32m&amp;#27;[1m?&amp;#27;[0m                                                                                   &amp;#27;[32m&amp;#27;[1m?&amp;#27;[0m
&amp;#27;[32m&amp;#27;[1m?&amp;#27;[0m More information at &amp;#27;[36mhttps://cucumber.io/docs/cucumber/environment-variables/&amp;#27;[0m      &amp;#27;[32m&amp;#27;[1m?&amp;#27;[0m
&amp;#27;[32m&amp;#27;[1m?&amp;#27;[0m                                                                                   &amp;#27;[32m&amp;#27;[1m?&amp;#27;[0m
&amp;#27;[32m&amp;#27;[1m?&amp;#27;[0m Disable this message with one of the following:                                   &amp;#27;[32m&amp;#27;[1m?&amp;#27;[0m
&amp;#27;[32m&amp;#27;[1m?&amp;#27;[0m                                                                                   &amp;#27;[32m&amp;#27;[1m?&amp;#27;[0m
&amp;#27;[32m&amp;#27;[1m?&amp;#27;[0m src/test/resources/cucumber.properties:          &amp;#27;[36mcucumber.publish.quiet&amp;#27;[0m=&amp;#27;[36mtrue&amp;#27;[0m      &amp;#27;[32m&amp;#27;[1m?&amp;#27;[0m
&amp;#27;[32m&amp;#27;[1m?&amp;#27;[0m src/test/resources/junit-platform.properties:    &amp;#27;[36mcucumber.publish.quiet&amp;#27;[0m=&amp;#27;[36mtrue&amp;#27;[0m      &amp;#27;[32m&amp;#27;[1m?&amp;#27;[0m
&amp;#27;[32m&amp;#27;[1m?????????????????????????????????????????????????????????????????????????????????????&amp;#27;[0m
&amp;#27;[32m&amp;#27;[1m?????????????????????????????????????????????????????????????????????????????????????&amp;#27;[0m
&amp;#27;[32m&amp;#27;[1m?&amp;#27;[0m Share your Cucumber Report with your team at &amp;#27;[36m&amp;#27;[1m&amp;#27;[4mhttps://reports.cucumber.io&amp;#27;[0m          &amp;#27;[32m&amp;#27;[1m?&amp;#27;[0m
&amp;#27;[32m&amp;#27;[1m?&amp;#27;[0m Activate publishing with one of the following:                                    &amp;#27;[32m&amp;#27;[1m?&amp;#27;[0m
&amp;#27;[32m&amp;#27;[1m?&amp;#27;[0m                                                                                   &amp;#27;[32m&amp;#27;[1m?&amp;#27;[0m
&amp;#27;[32m&amp;#27;[1m?&amp;#27;[0m src/test/resources/cucumber.properties:          &amp;#27;[36mcucumber.publish.enabled&amp;#27;[0m=&amp;#27;[36mtrue&amp;#27;[0m    &amp;#27;[32m&amp;#27;[1m?&amp;#27;[0m
&amp;#27;[32m&amp;#27;[1m?&amp;#27;[0m src/test/resources/junit-platform.properties:    &amp;#27;[36mcucumber.publish.enabled&amp;#27;[0m=&amp;#27;[36mtrue&amp;#27;[0m    &amp;#27;[32m&amp;#27;[1m?&amp;#27;[0m
&amp;#27;[32m&amp;#27;[1m?&amp;#27;[0m Environment variable:                            &amp;#27;[36mCUCUMBER_PUBL�SH_ENABLED&amp;#27;[0m=&amp;#27;[36mtrue&amp;#27;[0m    &amp;#27;[32m&amp;#27;[1m?&amp;#27;[0m
&amp;#27;[32m&amp;#27;[1m?&amp;#27;[0m JUnit:                                           &amp;#27;[36m@CucumberOptions&amp;#27;[0m(publish = &amp;#27;[36mtrue&amp;#27;[0m) &amp;#27;[32m&amp;#27;[1m?&amp;#27;[0m
&amp;#27;[32m&amp;#27;[1m?&amp;#27;[0m                                                                                   &amp;#27;[32m&amp;#27;[1m?&amp;#27;[0m
&amp;#27;[32m&amp;#27;[1m?&amp;#27;[0m More information at &amp;#27;[36mhttps://cucumber.io/docs/cucumber/environment-variables/&amp;#27;[0m      &amp;#27;[32m&amp;#27;[1m?&amp;#27;[0m
&amp;#27;[32m&amp;#27;[1m?&amp;#27;[0m                                                                                   &amp;#27;[32m&amp;#27;[1m?&amp;#27;[0m
&amp;#27;[32m&amp;#27;[1m?&amp;#27;[0m Disable this message with one of the following:                                   &amp;#27;[32m&amp;#27;[1m?&amp;#27;[0m
&amp;#27;[32m&amp;#27;[1m?&amp;#27;[0m                                                                                   &amp;#27;[32m&amp;#27;[1m?&amp;#27;[0m
&amp;#27;[32m&amp;#27;[1m?&amp;#27;[0m src/test/resources/cucumber.properties:          &amp;#27;[36mcucumber.publish.quiet&amp;#27;[0m=&amp;#27;[36mtrue&amp;#27;[0m      &amp;#27;[32m&amp;#27;[1m?&amp;#27;[0m
&amp;#27;[32m&amp;#27;[1m?&amp;#27;[0m src/test/resources/junit-platform.properties:    &amp;#27;[36mcucumber.publish.quiet&amp;#27;[0m=&amp;#27;[36mtrue&amp;#27;[0m      &amp;#27;[32m&amp;#27;[1m?&amp;#27;[0m
&amp;#27;[32m&amp;#27;[1m?????????????????????????????????????????????????????????????????????????????????????&amp;#27;[0m
&amp;#27;[32m&amp;#27;[1m?????????????????????????????????????????????????????????????????????????????????????&amp;#27;[0m
&amp;#27;[32m&amp;#27;[1m?&amp;#27;[0m Share your Cucumber Report with your team at &amp;#27;[36m&amp;#27;[1m&amp;#27;[4mhttps://reports.cucumber.io&amp;#27;[0m          &amp;#27;[32m&amp;#27;[1m?&amp;#27;[0m
&amp;#27;[32m&amp;#27;[1m?&amp;#27;[0m Activate publishing with one of the following:                                    &amp;#27;[32m&amp;#27;[1m?&amp;#27;[0m
&amp;#27;[32m&amp;#27;[1m?&amp;#27;[0m                                                                                   &amp;#27;[32m&amp;#27;[1m?&amp;#27;[0m
&amp;#27;[32m&amp;#27;[1m?&amp;#27;[0m src/test/resources/cucumber.properties:          &amp;#27;[36mcucumber.publish.enabled&amp;#27;[0m=&amp;#27;[36mtrue&amp;#27;[0m    &amp;#27;[32m&amp;#27;[1m?&amp;#27;[0m
&amp;#27;[32m&amp;#27;[1m?&amp;#27;[0m src/test/resources/junit-platform.properties:    &amp;#27;[36mcucumber.publish.enabled&amp;#27;[0m=&amp;#27;[36mtrue&amp;#27;[0m    &amp;#27;[32m&amp;#27;[1m?&amp;#27;[0m
&amp;#27;[32m&amp;#27;[1m?&amp;#27;[0m Environment variable:                            &amp;#27;[36mCUCUMBER_PUBL�SH_ENABLED&amp;#27;[0m=&amp;#27;[36mtrue&amp;#27;[0m    &amp;#27;[32m&amp;#27;[1m?&amp;#27;[0m
&amp;#27;[32m&amp;#27;[1m?&amp;#27;[0m JUnit:                                           &amp;#27;[36m@CucumberOptions&amp;#27;[0m(publish = &amp;#27;[36mtrue&amp;#27;[0m) &amp;#27;[32m&amp;#27;[1m?&amp;#27;[0m
&amp;#27;[32m&amp;#27;[1m?&amp;#27;[0m                                                                                   &amp;#27;[32m&amp;#27;[1m?&amp;#27;[0m
&amp;#27;[32m&amp;#27;[1m?&amp;#27;[0m More information at &amp;#27;[36mhttps://cucumber.io/docs/cucumber/environment-variables/&amp;#27;[0m      &amp;#27;[32m&amp;#27;[1m?&amp;#27;[0m
&amp;#27;[32m&amp;#27;[1m?&amp;#27;[0m                                                                                   &amp;#27;[32m&amp;#27;[1m?&amp;#27;[0m
&amp;#27;[32m&amp;#27;[1m?&amp;#27;[0m Disable this message with one of the following:                                   &amp;#27;[32m&amp;#27;[1m?&amp;#27;[0m
&amp;#27;[32m&amp;#27;[1m?&amp;#27;[0m                                                                                   &amp;#27;[32m&amp;#27;[1m?&amp;#27;[0m
&amp;#27;[32m&amp;#27;[1m?&amp;#27;[0m src/test/resources/cucumber.properties:          &amp;#27;[36mcucumber.publish.quiet&amp;#27;[0m=&amp;#27;[36mtrue&amp;#27;[0m      &amp;#27;[32m&amp;#27;[1m?&amp;#27;[0m
&amp;#27;[32m&amp;#27;[1m?&amp;#27;[0m src/test/resources/junit-platform.properties:    &amp;#27;[36mcucumber.publish.quiet&amp;#27;[0m=&amp;#27;[36mtrue&amp;#27;[0m      &amp;#27;[32m&amp;#27;[1m?&amp;#27;[0m
&amp;#27;[32m&amp;#27;[1m?????????????????????????????????????????????????????????????????????????????????????&amp;#27;[0m
&amp;#27;[32m&amp;#27;[1m?????????????????????????????????????????????????????????????????????????????????????&amp;#27;[0m
&amp;#27;[32m&amp;#27;[1m?&amp;#27;[0m Share your Cucumber Report with your team at &amp;#27;[36m&amp;#27;[1m&amp;#27;[4mhttps://reports.cucumber.io&amp;#27;[0m          &amp;#27;[32m&amp;#27;[1m?&amp;#27;[0m
&amp;#27;[32m&amp;#27;[1m?&amp;#27;[0m Activate publishing with one of the following:                                    &amp;#27;[32m&amp;#27;[1m?&amp;#27;[0m
&amp;#27;[32m&amp;#27;[1m?&amp;#27;[0m                                                                                   &amp;#27;[32m&amp;#27;[1m?&amp;#27;[0m
&amp;#27;[32m&amp;#27;[1m?&amp;#27;[0m src/test/resources/cucumber.properties:          &amp;#27;[36mcucumber.publish.enabled&amp;#27;[0m=&amp;#27;[36mtrue&amp;#27;[0m    &amp;#27;[32m&amp;#27;[1m?&amp;#27;[0m
&amp;#27;[32m&amp;#27;[1m?&amp;#27;[0m src/test/resources/junit-platform.properties:    &amp;#27;[36mcucumber.publish.enabled&amp;#27;[0m=&amp;#27;[36mtrue&amp;#27;[0m    &amp;#27;[32m&amp;#27;[1m?&amp;#27;[0m
&amp;#27;[32m&amp;#27;[1m?&amp;#27;[0m Environment variable:                            &amp;#27;[36mCUCUMBER_PUBL�SH_ENABLED&amp;#27;[0m=&amp;#27;[36mtrue&amp;#27;[0m    &amp;#27;[32m&amp;#27;[1m?&amp;#27;[0m
&amp;#27;[32m&amp;#27;[1m?&amp;#27;[0m JUnit:                                           &amp;#27;[36m@CucumberOptions&amp;#27;[0m(publish = &amp;#27;[36mtrue&amp;#27;[0m) &amp;#27;[32m&amp;#27;[1m?&amp;#27;[0m
&amp;#27;[32m&amp;#27;[1m?&amp;#27;[0m                                                                                   &amp;#27;[32m&amp;#27;[1m?&amp;#27;[0m
&amp;#27;[32m&amp;#27;[1m?&amp;#27;[0m More information at &amp;#27;[36mhttps://cucumber.io/docs/cucumber/environment-variables/&amp;#27;[0m      &amp;#27;[32m&amp;#27;[1m?&amp;#27;[0m
&amp;#27;[32m&amp;#27;[1m?&amp;#27;[0m                                                                                   &amp;#27;[32m&amp;#27;[1m?&amp;#27;[0m
&amp;#27;[32m&amp;#27;[1m?&amp;#27;[0m Disable this message with one of the following:                                   &amp;#27;[32m&amp;#27;[1m?&amp;#27;[0m
&amp;#27;[32m&amp;#27;[1m?&amp;#27;[0m                                                                                   &amp;#27;[32m&amp;#27;[1m?&amp;#27;[0m
&amp;#27;[32m&amp;#27;[1m?&amp;#27;[0m src/test/resources/cucumber.properties:          &amp;#27;[36mcucumber.publish.quiet&amp;#27;[0m=&amp;#27;[36mtrue&amp;#27;[0m      &amp;#27;[32m&amp;#27;[1m?&amp;#27;[0m
&amp;#27;[32m&amp;#27;[1m?&amp;#27;[0m src/test/resources/junit-platform.properties:    &amp;#27;[36mcucumber.publish.quiet&amp;#27;[0m=&amp;#27;[36mtrue&amp;#27;[0m      &amp;#27;[32m&amp;#27;[1m?&amp;#27;[0m
&amp;#27;[32m&amp;#27;[1m?????????????????????????????????????????????????????????????????????????????????????&amp;#27;[0m
&amp;#27;[32m&amp;#27;[1m?????????????????????????????????????????????????????????????????????????????????????&amp;#27;[0m
&amp;#27;[32m&amp;#27;[1m?&amp;#27;[0m Share your Cucumber Report with your team at &amp;#27;[36m&amp;#27;[1m&amp;#27;[4mhttps://reports.cucumber.io&amp;#27;[0m          &amp;#27;[32m&amp;#27;[1m?&amp;#27;[0m
&amp;#27;[32m&amp;#27;[1m?&amp;#27;[0m Activate publishing with one of the following:                                    &amp;#27;[32m&amp;#27;[1m?&amp;#27;[0m
&amp;#27;[32m&amp;#27;[1m?&amp;#27;[0m                                                                                   &amp;#27;[32m&amp;#27;[1m?&amp;#27;[0m
&amp;#27;[32m&amp;#27;[1m?&amp;#27;[0m src/test/resources/cucumber.properties:          &amp;#27;[36mcucumber.publish.enabled&amp;#27;[0m=&amp;#27;[36mtrue&amp;#27;[0m    &amp;#27;[32m&amp;#27;[1m?&amp;#27;[0m
&amp;#27;[32m&amp;#27;[1m?&amp;#27;[0m src/test/resources/junit-platform.properties:    &amp;#27;[36mcucumber.publish.enabled&amp;#27;[0m=&amp;#27;[36mtrue&amp;#27;[0m    &amp;#27;[32m&amp;#27;[1m?&amp;#27;[0m
&amp;#27;[32m&amp;#27;[1m?&amp;#27;[0m Environment variable:                            &amp;#27;[36mCUCUMBER_PUBL�SH_ENABLED&amp;#27;[0m=&amp;#27;[36mtrue&amp;#27;[0m    &amp;#27;[32m&amp;#27;[1m?&amp;#27;[0m
&amp;#27;[32m&amp;#27;[1m?&amp;#27;[0m JUnit:                                           &amp;#27;[36m@CucumberOptions&amp;#27;[0m(publish = &amp;#27;[36mtrue&amp;#27;[0m) &amp;#27;[32m&amp;#27;[1m?&amp;#27;[0m
&amp;#27;[32m&amp;#27;[1m?&amp;#27;[0m                                                                                   &amp;#27;[32m&amp;#27;[1m?&amp;#27;[0m
&amp;#27;[32m&amp;#27;[1m?&amp;#27;[0m More information at &amp;#27;[36mhttps://cucumber.io/docs/cucumber/environment-variables/&amp;#27;[0m      &amp;#27;[32m&amp;#27;[1m?&amp;#27;[0m
&amp;#27;[32m&amp;#27;[1m?&amp;#27;[0m                                                                                   &amp;#27;[32m&amp;#27;[1m?&amp;#27;[0m
&amp;#27;[32m&amp;#27;[1m?&amp;#27;[0m Disable this message with one of the following:                                   &amp;#27;[32m&amp;#27;[1m?&amp;#27;[0m
&amp;#27;[32m&amp;#27;[1m?&amp;#27;[0m                                                                                   &amp;#27;[32m&amp;#27;[1m?&amp;#27;[0m
&amp;#27;[32m&amp;#27;[1m?&amp;#27;[0m src/test/resources/cucumber.properties:          &amp;#27;[36mcucumber.publish.quiet&amp;#27;[0m=&amp;#27;[36mtrue&amp;#27;[0m      &amp;#27;[32m&amp;#27;[1m?&amp;#27;[0m
&amp;#27;[32m&amp;#27;[1m?&amp;#27;[0m src/test/resources/junit-platform.properties:    &amp;#27;[36mcucumber.publish.quiet&amp;#27;[0m=&amp;#27;[36mtrue&amp;#27;[0m      &amp;#27;[32m&amp;#27;[1m?&amp;#27;[0m
&amp;#27;[32m&amp;#27;[1m?????????????????????????????????????????????????????????????????????????????????????&amp;#27;[0m
&amp;#27;[32m&amp;#27;[1m?????????????????????????????????????????????????????????????????????????????????????&amp;#27;[0m
&amp;#27;[32m&amp;#27;[1m?&amp;#27;[0m Share your Cucumber Report with your team at &amp;#27;[36m&amp;#27;[1m&amp;#27;[4mhttps://reports.cucumber.io&amp;#27;[0m          &amp;#27;[32m&amp;#27;[1m?&amp;#27;[0m
&amp;#27;[32m&amp;#27;[1m?&amp;#27;[0m Activate publishing with one of the following:                                    &amp;#27;[32m&amp;#27;[1m?&amp;#27;[0m
&amp;#27;[32m&amp;#27;[1m?&amp;#27;[0m                                                                                   &amp;#27;[32m&amp;#27;[1m?&amp;#27;[0m
&amp;#27;[32m&amp;#27;[1m?&amp;#27;[0m src/test/resources/cucumber.properties:          &amp;#27;[36mcucumber.publish.enabled&amp;#27;[0m=&amp;#27;[36mtrue&amp;#27;[0m    &amp;#27;[32m&amp;#27;[1m?&amp;#27;[0m
&amp;#27;[32m&amp;#27;[1m?&amp;#27;[0m src/test/resources/junit-platform.properties:    &amp;#27;[36mcucumber.publish.enabled&amp;#27;[0m=&amp;#27;[36mtrue&amp;#27;[0m    &amp;#27;[32m&amp;#27;[1m?&amp;#27;[0m
&amp;#27;[32m&amp;#27;[1m?&amp;#27;[0m Environment variable:                            &amp;#27;[36mCUCUMBER_PUBL�SH_ENABLED&amp;#27;[0m=&amp;#27;[36mtrue&amp;#27;[0m    &amp;#27;[32m&amp;#27;[1m?&amp;#27;[0m
&amp;#27;[32m&amp;#27;[1m?&amp;#27;[0m JUnit:                                           &amp;#27;[36m@CucumberOptions&amp;#27;[0m(publish = &amp;#27;[36mtrue&amp;#27;[0m) &amp;#27;[32m&amp;#27;[1m?&amp;#27;[0m
&amp;#27;[32m&amp;#27;[1m?&amp;#27;[0m                                                                                   &amp;#27;[32m&amp;#27;[1m?&amp;#27;[0m
&amp;#27;[32m&amp;#27;[1m?&amp;#27;[0m More information at &amp;#27;[36mhttps://cucumber.io/docs/cucumber/environment-variables/&amp;#27;[0m      &amp;#27;[32m&amp;#27;[1m?&amp;#27;[0m
&amp;#27;[32m&amp;#27;[1m?&amp;#27;[0m                                                                                   &amp;#27;[32m&amp;#27;[1m?&amp;#27;[0m
&amp;#27;[32m&amp;#27;[1m?&amp;#27;[0m Disable this message with one of the following:                                   &amp;#27;[32m&amp;#27;[1m?&amp;#27;[0m
&amp;#27;[32m&amp;#27;[1m?&amp;#27;[0m                                                                                   &amp;#27;[32m&amp;#27;[1m?&amp;#27;[0m
&amp;#27;[32m&amp;#27;[1m?&amp;#27;[0m src/test/resources/cucumber.properties:          &amp;#27;[36mcucumber.publish.quiet&amp;#27;[0m=&amp;#27;[36mtrue&amp;#27;[0m      &amp;#27;[32m&amp;#27;[1m?&amp;#27;[0m
&amp;#27;[32m&amp;#27;[1m?&amp;#27;[0m src/test/resources/junit-platform.properties:    &amp;#27;[36mcucumber.publish.quiet&amp;#27;[0m=&amp;#27;[36mtrue&amp;#27;[0m      &amp;#27;[32m&amp;#27;[1m?&amp;#27;[0m
&amp;#27;[32m&amp;#27;[1m?????????????????????????????????????????????????????????????????????????????????????&amp;#27;[0m
&amp;#27;[32m&amp;#27;[1m?????????????????????????????????????????????????????????????????????????????????????&amp;#27;[0m
&amp;#27;[32m&amp;#27;[1m?&amp;#27;[0m Share your Cucumber Report with your team at &amp;#27;[36m&amp;#27;[1m&amp;#27;[4mhttps://reports.cucumber.io&amp;#27;[0m          &amp;#27;[32m&amp;#27;[1m?&amp;#27;[0m
&amp;#27;[32m&amp;#27;[1m?&amp;#27;[0m Activate publishing with one of the following:                                    &amp;#27;[32m&amp;#27;[1m?&amp;#27;[0m
&amp;#27;[32m&amp;#27;[1m?&amp;#27;[0m                                                                                   &amp;#27;[32m&amp;#27;[1m?&amp;#27;[0m
&amp;#27;[32m&amp;#27;[1m?&amp;#27;[0m src/test/resources/cucumber.properties:          &amp;#27;[36mcucumber.publish.enabled&amp;#27;[0m=&amp;#27;[36mtrue&amp;#27;[0m    &amp;#27;[32m&amp;#27;[1m?&amp;#27;[0m
&amp;#27;[32m&amp;#27;[1m?&amp;#27;[0m src/test/resources/junit-platform.properties:    &amp;#27;[36mcucumber.publish.enabled&amp;#27;[0m=&amp;#27;[36mtrue&amp;#27;[0m    &amp;#27;[32m&amp;#27;[1m?&amp;#27;[0m
&amp;#27;[32m&amp;#27;[1m?&amp;#27;[0m Environment variable:                            &amp;#27;[36mCUCUMBER_PUBL�SH_ENABLED&amp;#27;[0m=&amp;#27;[36mtrue&amp;#27;[0m    &amp;#27;[32m&amp;#27;[1m?&amp;#27;[0m
&amp;#27;[32m&amp;#27;[1m?&amp;#27;[0m JUnit:                                           &amp;#27;[36m@CucumberOptions&amp;#27;[0m(publish = &amp;#27;[36mtrue&amp;#27;[0m) &amp;#27;[32m&amp;#27;[1m?&amp;#27;[0m
&amp;#27;[32m&amp;#27;[1m?&amp;#27;[0m                                                                                   &amp;#27;[32m&amp;#27;[1m?&amp;#27;[0m
&amp;#27;[32m&amp;#27;[1m?&amp;#27;[0m More information at &amp;#27;[36mhttps://cucumber.io/docs/cucumber/environment-variables/&amp;#27;[0m      &amp;#27;[32m&amp;#27;[1m?&amp;#27;[0m
&amp;#27;[32m&amp;#27;[1m?&amp;#27;[0m                                                                                   &amp;#27;[32m&amp;#27;[1m?&amp;#27;[0m
&amp;#27;[32m&amp;#27;[1m?&amp;#27;[0m Disable this message with one of the following:                                   &amp;#27;[32m&amp;#27;[1m?&amp;#27;[0m
&amp;#27;[32m&amp;#27;[1m?&amp;#27;[0m                                                                                   &amp;#27;[32m&amp;#27;[1m?&amp;#27;[0m
&amp;#27;[32m&amp;#27;[1m?&amp;#27;[0m src/test/resources/cucumber.properties:          &amp;#27;[36mcucumber.publish.quiet&amp;#27;[0m=&amp;#27;[36mtrue&amp;#27;[0m      &amp;#27;[32m&amp;#27;[1m?&amp;#27;[0m
&amp;#27;[32m&amp;#27;[1m?&amp;#27;[0m src/test/resources/junit-platform.properties:    &amp;#27;[36mcucumber.publish.quiet&amp;#27;[0m=&amp;#27;[36mtrue&amp;#27;[0m      &amp;#27;[32m&amp;#27;[1m?&amp;#27;[0m
&amp;#27;[32m&amp;#27;[1m?????????????????????????????????????????????????????????????????????????????????????&amp;#27;[0m
&amp;#27;[32m&amp;#27;[1m?????????????????????????????????????????????????????????????????????????????????????&amp;#27;[0m
&amp;#27;[32m&amp;#27;[1m?&amp;#27;[0m Share your Cucumber Report with your team at &amp;#27;[36m&amp;#27;[1m&amp;#27;[4mhttps://reports.cucumber.io&amp;#27;[0m          &amp;#27;[32m&amp;#27;[1m?&amp;#27;[0m
&amp;#27;[32m&amp;#27;[1m?&amp;#27;[0m Activate publishing with one of the following:                                    &amp;#27;[32m&amp;#27;[1m?&amp;#27;[0m
&amp;#27;[32m&amp;#27;[1m?&amp;#27;[0m                                                                                   &amp;#27;[32m&amp;#27;[1m?&amp;#27;[0m
&amp;#27;[32m&amp;#27;[1m?&amp;#27;[0m src/test/resources/cucumber.properties:          &amp;#27;[36mcucumber.publish.enabled&amp;#27;[0m=&amp;#27;[36mtrue&amp;#27;[0m    &amp;#27;[32m&amp;#27;[1m?&amp;#27;[0m
&amp;#27;[32m&amp;#27;[1m?&amp;#27;[0m src/test/resources/junit-platform.properties:    &amp;#27;[36mcucumber.publish.enabled&amp;#27;[0m=&amp;#27;[36mtrue&amp;#27;[0m    &amp;#27;[32m&amp;#27;[1m?&amp;#27;[0m
&amp;#27;[32m&amp;#27;[1m?&amp;#27;[0m Environment variable:                            &amp;#27;[36mCUCUMBER_PUBL�SH_ENABLED&amp;#27;[0m=&amp;#27;[36mtrue&amp;#27;[0m    &amp;#27;[32m&amp;#27;[1m?&amp;#27;[0m
&amp;#27;[32m&amp;#27;[1m?&amp;#27;[0m JUnit:                                           &amp;#27;[36m@CucumberOptions&amp;#27;[0m(publish = &amp;#27;[36mtrue&amp;#27;[0m) &amp;#27;[32m&amp;#27;[1m?&amp;#27;[0m
&amp;#27;[32m&amp;#27;[1m?&amp;#27;[0m                                                                                   &amp;#27;[32m&amp;#27;[1m?&amp;#27;[0m
&amp;#27;[32m&amp;#27;[1m?&amp;#27;[0m More information at &amp;#27;[36mhttps://cucumber.io/docs/cucumber/environment-variables/&amp;#27;[0m      &amp;#27;[32m&amp;#27;[1m?&amp;#27;[0m
&amp;#27;[32m&amp;#27;[1m?&amp;#27;[0m                                                                                   &amp;#27;[32m&amp;#27;[1m?&amp;#27;[0m
&amp;#27;[32m&amp;#27;[1m?&amp;#27;[0m Disable this message with one of the following:                                   &amp;#27;[32m&amp;#27;[1m?&amp;#27;[0m
&amp;#27;[32m&amp;#27;[1m?&amp;#27;[0m                                                                                   &amp;#27;[32m&amp;#27;[1m?&amp;#27;[0m
&amp;#27;[32m&amp;#27;[1m?&amp;#27;[0m src/test/resources/cucumber.properties:          &amp;#27;[36mcucumber.publish.quiet&amp;#27;[0m=&amp;#27;[36mtrue&amp;#27;[0m      &amp;#27;[32m&amp;#27;[1m?&amp;#27;[0m
&amp;#27;[32m&amp;#27;[1m?&amp;#27;[0m src/test/resources/junit-platform.properties:    &amp;#27;[36mcucumber.publish.quiet&amp;#27;[0m=&amp;#27;[36mtrue&amp;#27;[0m      &amp;#27;[32m&amp;#27;[1m?&amp;#27;[0m
&amp;#27;[32m&amp;#27;[1m?????????????????????????????????????????????????????????????????????????????????????&amp;#27;[0m
&amp;#27;[32m&amp;#27;[1m?????????????????????????????????????????????????????????????????????????????????????&amp;#27;[0m
&amp;#27;[32m&amp;#27;[1m?&amp;#27;[0m Share your Cucumber Report with your team at &amp;#27;[36m&amp;#27;[1m&amp;#27;[4mhttps://reports.cucumber.io&amp;#27;[0m          &amp;#27;[32m&amp;#27;[1m?&amp;#27;[0m
&amp;#27;[32m&amp;#27;[1m?&amp;#27;[0m Activate publishing with one of the following:                                    &amp;#27;[32m&amp;#27;[1m?&amp;#27;[0m
&amp;#27;[32m&amp;#27;[1m?&amp;#27;[0m                                                                                   &amp;#27;[32m&amp;#27;[1m?&amp;#27;[0m
&amp;#27;[32m&amp;#27;[1m?&amp;#27;[0m src/test/resources/cucumber.properties:          &amp;#27;[36mcucumber.publish.enabled&amp;#27;[0m=&amp;#27;[36mtrue&amp;#27;[0m    &amp;#27;[32m&amp;#27;[1m?&amp;#27;[0m
&amp;#27;[32m&amp;#27;[1m?&amp;#27;[0m src/test/resources/junit-platform.properties:    &amp;#27;[36mcucumber.publish.enabled&amp;#27;[0m=&amp;#27;[36mtrue&amp;#27;[0m    &amp;#27;[32m&amp;#27;[1m?&amp;#27;[0m
&amp;#27;[32m&amp;#27;[1m?&amp;#27;[0m Environment variable:                            &amp;#27;[36mCUCUMBER_PUBL�SH_ENABLED&amp;#27;[0m=&amp;#27;[36mtrue&amp;#27;[0m    &amp;#27;[32m&amp;#27;[1m?&amp;#27;[0m
&amp;#27;[32m&amp;#27;[1m?&amp;#27;[0m JUnit:                                           &amp;#27;[36m@CucumberOptions&amp;#27;[0m(publish = &amp;#27;[36mtrue&amp;#27;[0m) &amp;#27;[32m&amp;#27;[1m?&amp;#27;[0m
&amp;#27;[32m&amp;#27;[1m?&amp;#27;[0m                                                                                   &amp;#27;[32m&amp;#27;[1m?&amp;#27;[0m
&amp;#27;[32m&amp;#27;[1m?&amp;#27;[0m More information at &amp;#27;[36mhttps://cucumber.io/docs/cucumber/environment-variables/&amp;#27;[0m      &amp;#27;[32m&amp;#27;[1m?&amp;#27;[0m
&amp;#27;[32m&amp;#27;[1m?&amp;#27;[0m                                                                                   &amp;#27;[32m&amp;#27;[1m?&amp;#27;[0m
&amp;#27;[32m&amp;#27;[1m?&amp;#27;[0m Disable this message with one of the following:                                   &amp;#27;[32m&amp;#27;[1m?&amp;#27;[0m
&amp;#27;[32m&amp;#27;[1m?&amp;#27;[0m                                                                                   &amp;#27;[32m&amp;#27;[1m?&amp;#27;[0m
&amp;#27;[32m&amp;#27;[1m?&amp;#27;[0m src/test/resources/cucumber.properties:          &amp;#27;[36mcucumber.publish.quiet&amp;#27;[0m=&amp;#27;[36mtrue&amp;#27;[0m      &amp;#27;[32m&amp;#27;[1m?&amp;#27;[0m
&amp;#27;[32m&amp;#27;[1m?&amp;#27;[0m src/test/resources/junit-platform.properties:    &amp;#27;[36mcucumber.publish.quiet&amp;#27;[0m=&amp;#27;[36mtrue&amp;#27;[0m      &amp;#27;[32m&amp;#27;[1m?&amp;#27;[0m
&amp;#27;[32m&amp;#27;[1m?????????????????????????????????????????????????????????????????????????????????????&amp;#27;[0m
&amp;#27;[32m&amp;#27;[1m?????????????????????????????????????????????????????????????????????????????????????&amp;#27;[0m
&amp;#27;[32m&amp;#27;[1m?&amp;#27;[0m Share your Cucumber Report with your team at &amp;#27;[36m&amp;#27;[1m&amp;#27;[4mhttps://reports.cucumber.io&amp;#27;[0m          &amp;#27;[32m&amp;#27;[1m?&amp;#27;[0m
&amp;#27;[32m&amp;#27;[1m?&amp;#27;[0m Activate publishing with one of the following:                                    &amp;#27;[32m&amp;#27;[1m?&amp;#27;[0m
&amp;#27;[32m&amp;#27;[1m?&amp;#27;[0m                                                                                   &amp;#27;[32m&amp;#27;[1m?&amp;#27;[0m
&amp;#27;[32m&amp;#27;[1m?&amp;#27;[0m src/test/resources/cucumber.properties:          &amp;#27;[36mcucumber.publish.enabled&amp;#27;[0m=&amp;#27;[36mtrue&amp;#27;[0m    &amp;#27;[32m&amp;#27;[1m?&amp;#27;[0m
&amp;#27;[32m&amp;#27;[1m?&amp;#27;[0m src/test/resources/junit-platform.properties:    &amp;#27;[36mcucumber.publish.enabled&amp;#27;[0m=&amp;#27;[36mtrue&amp;#27;[0m    &amp;#27;[32m&amp;#27;[1m?&amp;#27;[0m
&amp;#27;[32m&amp;#27;[1m?&amp;#27;[0m Environment variable:                            &amp;#27;[36mCUCUMBER_PUBL�SH_ENABLED&amp;#27;[0m=&amp;#27;[36mtrue&amp;#27;[0m    &amp;#27;[32m&amp;#27;[1m?&amp;#27;[0m
&amp;#27;[32m&amp;#27;[1m?&amp;#27;[0m JUnit:                                           &amp;#27;[36m@CucumberOptions&amp;#27;[0m(publish = &amp;#27;[36mtrue&amp;#27;[0m) &amp;#27;[32m&amp;#27;[1m?&amp;#27;[0m
&amp;#27;[32m&amp;#27;[1m?&amp;#27;[0m                                                                                   &amp;#27;[32m&amp;#27;[1m?&amp;#27;[0m
&amp;#27;[32m&amp;#27;[1m?&amp;#27;[0m More information at &amp;#27;[36mhttps://cucumber.io/docs/cucumber/environment-variables/&amp;#27;[0m      &amp;#27;[32m&amp;#27;[1m?&amp;#27;[0m
&amp;#27;[32m&amp;#27;[1m?&amp;#27;[0m                                                                                   &amp;#27;[32m&amp;#27;[1m?&amp;#27;[0m
&amp;#27;[32m&amp;#27;[1m?&amp;#27;[0m Disable this message with one of the following:                                   &amp;#27;[32m&amp;#27;[1m?&amp;#27;[0m
&amp;#27;[32m&amp;#27;[1m?&amp;#27;[0m                                                                                   &amp;#27;[32m&amp;#27;[1m?&amp;#27;[0m
&amp;#27;[32m&amp;#27;[1m?&amp;#27;[0m src/test/resources/cucumber.properties:          &amp;#27;[36mcucumber.publish.quiet&amp;#27;[0m=&amp;#27;[36mtrue&amp;#27;[0m      &amp;#27;[32m&amp;#27;[1m?&amp;#27;[0m
&amp;#27;[32m&amp;#27;[1m?&amp;#27;[0m src/test/resources/junit-platform.properties:    &amp;#27;[36mcucumber.publish.quiet&amp;#27;[0m=&amp;#27;[36mtrue&amp;#27;[0m      &amp;#27;[32m&amp;#27;[1m?&amp;#27;[0m
&amp;#27;[32m&amp;#27;[1m?????????????????????????????????????????????????????????????????????????????????????&amp;#27;[0m
&amp;#27;[32m&amp;#27;[1m?????????????????????????????????????????????????????????????????????????????????????&amp;#27;[0m
&amp;#27;[32m&amp;#27;[1m?&amp;#27;[0m Share your Cucumber Report with your team at &amp;#27;[36m&amp;#27;[1m&amp;#27;[4mhttps://reports.cucumber.io&amp;#27;[0m          &amp;#27;[32m&amp;#27;[1m?&amp;#27;[0m
&amp;#27;[32m&amp;#27;[1m?&amp;#27;[0m Activate publishing with one of the following:                                    &amp;#27;[32m&amp;#27;[1m?&amp;#27;[0m
&amp;#27;[32m&amp;#27;[1m?&amp;#27;[0m                                                                                   &amp;#27;[32m&amp;#27;[1m?&amp;#27;[0m
&amp;#27;[32m&amp;#27;[1m?&amp;#27;[0m src/test/resources/cucumber.properties:          &amp;#27;[36mcucumber.publish.enabled&amp;#27;[0m=&amp;#27;[36mtrue&amp;#27;[0m    &amp;#27;[32m&amp;#27;[1m?&amp;#27;[0m
&amp;#27;[32m&amp;#27;[1m?&amp;#27;[0m src/test/resources/junit-platform.properties:    &amp;#27;[36mcucumber.publish.enabled&amp;#27;[0m=&amp;#27;[36mtrue&amp;#27;[0m    &amp;#27;[32m&amp;#27;[1m?&amp;#27;[0m
&amp;#27;[32m&amp;#27;[1m?&amp;#27;[0m Environment variable:                            &amp;#27;[36mCUCUMBER_PUBL�SH_ENABLED&amp;#27;[0m=&amp;#27;[36mtrue&amp;#27;[0m    &amp;#27;[32m&amp;#27;[1m?&amp;#27;[0m
&amp;#27;[32m&amp;#27;[1m?&amp;#27;[0m JUnit:                                           &amp;#27;[36m@CucumberOptions&amp;#27;[0m(publish = &amp;#27;[36mtrue&amp;#27;[0m) &amp;#27;[32m&amp;#27;[1m?&amp;#27;[0m
&amp;#27;[32m&amp;#27;[1m?&amp;#27;[0m                                                                                   &amp;#27;[32m&amp;#27;[1m?&amp;#27;[0m
&amp;#27;[32m&amp;#27;[1m?&amp;#27;[0m More information at &amp;#27;[36mhttps://cucumber.io/docs/cucumber/environment-variables/&amp;#27;[0m      &amp;#27;[32m&amp;#27;[1m?&amp;#27;[0m
&amp;#27;[32m&amp;#27;[1m?&amp;#27;[0m                                                                                   &amp;#27;[32m&amp;#27;[1m?&amp;#27;[0m
&amp;#27;[32m&amp;#27;[1m?&amp;#27;[0m Disable this message with one of the following:                                   &amp;#27;[32m&amp;#27;[1m?&amp;#27;[0m
&amp;#27;[32m&amp;#27;[1m?&amp;#27;[0m                                                                                   &amp;#27;[32m&amp;#27;[1m?&amp;#27;[0m
&amp;#27;[32m&amp;#27;[1m?&amp;#27;[0m src/test/resources/cucumber.properties:          &amp;#27;[36mcucumber.publish.quiet&amp;#27;[0m=&amp;#27;[36mtrue&amp;#27;[0m      &amp;#27;[32m&amp;#27;[1m?&amp;#27;[0m
&amp;#27;[32m&amp;#27;[1m?&amp;#27;[0m src/test/resources/junit-platform.properties:    &amp;#27;[36mcucumber.publish.quiet&amp;#27;[0m=&amp;#27;[36mtrue&amp;#27;[0m      &amp;#27;[32m&amp;#27;[1m?&amp;#27;[0m
&amp;#27;[32m&amp;#27;[1m?????????????????????????????????????????????????????????????????????????????????????&amp;#27;[0m
&amp;#27;[32m&amp;#27;[1m?????????????????????????????????????????????????????????????????????????????????????&amp;#27;[0m
&amp;#27;[32m&amp;#27;[1m?&amp;#27;[0m Share your Cucumber Report with your team at &amp;#27;[36m&amp;#27;[1m&amp;#27;[4mhttps://reports.cucumber.io&amp;#27;[0m          &amp;#27;[32m&amp;#27;[1m?&amp;#27;[0m
&amp;#27;[32m&amp;#27;[1m?&amp;#27;[0m Activate publishing with one of the following:                                    &amp;#27;[32m&amp;#27;[1m?&amp;#27;[0m
&amp;#27;[32m&amp;#27;[1m?&amp;#27;[0m                                                                                   &amp;#27;[32m&amp;#27;[1m?&amp;#27;[0m
&amp;#27;[32m&amp;#27;[1m?&amp;#27;[0m src/test/resources/cucumber.properties:          &amp;#27;[36mcucumber.publish.enabled&amp;#27;[0m=&amp;#27;[36mtrue&amp;#27;[0m    &amp;#27;[32m&amp;#27;[1m?&amp;#27;[0m
&amp;#27;[32m&amp;#27;[1m?&amp;#27;[0m src/test/resources/junit-platform.properties:    &amp;#27;[36mcucumber.publish.enabled&amp;#27;[0m=&amp;#27;[36mtrue&amp;#27;[0m    &amp;#27;[32m&amp;#27;[1m?&amp;#27;[0m
&amp;#27;[32m&amp;#27;[1m?&amp;#27;[0m Environment variable:                            &amp;#27;[36mCUCUMBER_PUBL�SH_ENABLED&amp;#27;[0m=&amp;#27;[36mtrue&amp;#27;[0m    &amp;#27;[32m&amp;#27;[1m?&amp;#27;[0m
&amp;#27;[32m&amp;#27;[1m?&amp;#27;[0m JUnit:                                           &amp;#27;[36m@CucumberOptions&amp;#27;[0m(publish = &amp;#27;[36mtrue&amp;#27;[0m) &amp;#27;[32m&amp;#27;[1m?&amp;#27;[0m
&amp;#27;[32m&amp;#27;[1m?&amp;#27;[0m                                                                                   &amp;#27;[32m&amp;#27;[1m?&amp;#27;[0m
&amp;#27;[32m&amp;#27;[1m?&amp;#27;[0m More information at &amp;#27;[36mhttps://cucumber.io/docs/cucumber/environment-variables/&amp;#27;[0m      &amp;#27;[32m&amp;#27;[1m?&amp;#27;[0m
&amp;#27;[32m&amp;#27;[1m?&amp;#27;[0m                                                                                   &amp;#27;[32m&amp;#27;[1m?&amp;#27;[0m
&amp;#27;[32m&amp;#27;[1m?&amp;#27;[0m Disable this message with one of the following:                                   &amp;#27;[32m&amp;#27;[1m?&amp;#27;[0m
&amp;#27;[32m&amp;#27;[1m?&amp;#27;[0m                                                                                   &amp;#27;[32m&amp;#27;[1m?&amp;#27;[0m
&amp;#27;[32m&amp;#27;[1m?&amp;#27;[0m src/test/resources/cucumber.properties:          &amp;#27;[36mcucumber.publish.quiet&amp;#27;[0m=&amp;#27;[36mtrue&amp;#27;[0m      &amp;#27;[32m&amp;#27;[1m?&amp;#27;[0m
&amp;#27;[32m&amp;#27;[1m?&amp;#27;[0m src/test/resources/junit-platform.properties:    &amp;#27;[36mcucumber.publish.quiet&amp;#27;[0m=&amp;#27;[36mtrue&amp;#27;[0m      &amp;#27;[32m&amp;#27;[1m?&amp;#27;[0m
&amp;#27;[32m&amp;#27;[1m?????????????????????????????????????????????????????????????????????????????????????&amp;#27;[0m
java.io.FileNotFoundException: configuration.properties (Sistem belirtilen dosyay� bulam�yor)
	at java.base/java.io.FileInputStream.open0(Native Method)
	at java.base/java.io.FileInputStream.open(FileInputStream.java:219)
	at java.base/java.io.FileInputStream.&lt;init&gt;(FileInputStream.java:157)
	at java.base/java.io.FileInputStream.&lt;init&gt;(FileInputStream.java:112)
	at utilities.ConfigReader.&lt;clinit&gt;(ConfigReader.java:14)
	at utilities.Driver.getDriver(Driver.java:38)
	at pages.AmazonPage.&lt;init&gt;(AmazonPage.java:11)
	at stepDefinitions.AmazonStepDefinitions.&lt;init&gt;(AmazonStepDefinitions.java:13)
	at java.base/jdk.internal.reflect.NativeConstructorAccessorImpl.newInstance0(Native Method)
	at java.base/jdk.internal.reflect.NativeConstructorAccessorImpl.newInstance(NativeConstructorAccessorImpl.java:62)
	at java.base/jdk.internal.reflect.DelegatingConstructorAccessorImpl.newInstance(DelegatingConstructorAccessorImpl.java:45)
	at java.base/java.lang.reflect.Constructor.newInstance(Constructor.java:490)
	at io.cucumber.core.backend.DefaultObjectFactory.cacheNewInstance(DefaultObjectFactory.java:53)
	at io.cucumber.core.backend.DefaultObjectFactory.getInstance(DefaultObjectFactory.java:45)
	at io.cucumber.java.AbstractGlueDefinition.invokeMethod(AbstractGlueDefinition.java:47)
	at io.cucumber.java.JavaStepDefinition.execute(JavaStepDefinition.java:29)
	at io.cucumber.core.runner.CoreStepDefinition.execute(CoreStepDefinition.java:66)
	at io.cucumber.core.runner.PickleStepDefinitionMatch.runStep(PickleStepDefinitionMatch.java:63)
	at io.cucumber.core.runner.ExecutionMode$1.execute(ExecutionMode.java:10)
	at io.cucumber.core.runner.TestStep.executeStep(TestStep.java:85)
	at io.cucumber.core.runner.TestStep.run(TestStep.java:57)
	at io.cucumber.core.runner.PickleStepTestStep.run(PickleStepTestStep.java:51)
	at io.cucumber.core.runner.TestCase.run(TestCase.java:84)
	at io.cucumber.core.runner.Runner.runPickle(Runner.java:75)
	at io.cucumber.junit.PickleRunners$NoStepDescriptions.lambda$run$0(PickleRunners.java:151)
	at io.cucumber.core.runtime.CucumberExecutionContext.lambda$runTestCase$5(CucumberExecutionContext.java:129)
	at io.cucumber.core.runtime.RethrowingThrowableCollector.executeAndThrow(RethrowingThrowableCollector.java:23)
	at io.cucumber.core.runtime.CucumberExecutionContext.runTestCase(CucumberExecutionContext.java:129)
	at io.cucumber.junit.PickleRunners$NoStepDescriptions.run(PickleRunners.java:148)
	at io.cucumber.junit.FeatureRunner.runChild(FeatureRunner.java:144)
	at io.cucumber.junit.FeatureRunner.runChild(FeatureRunner.java:28)
	at org.junit.runners.ParentRunner$4.run(ParentRunner.java:331)
	at org.junit.runners.ParentRunner$1.schedule(ParentRunner.java:79)
	at org.junit.runners.ParentRunner.runChildren(ParentRunner.java:329)
	at org.junit.runners.ParentRunner.access$100(ParentRunner.java:66)
	at org.junit.runners.ParentRunner$2.evaluate(ParentRunner.java:293)
	at org.junit.runners.ParentRunner$3.evaluate(ParentRunner.java:306)
	at org.junit.runners.ParentRunner.run(ParentRunner.java:413)
	at io.cucumber.junit.FeatureRunner.run(FeatureRunner.java:137)
	at io.cucumber.junit.Cucumber.runChild(Cucumber.java:196)
	at io.cucumber.junit.Cucumber.runChild(Cucumber.java:89)
	at org.junit.runners.ParentRunner$4.run(ParentRunner.java:331)
	at org.junit.runners.ParentRunner$1.schedule(ParentRunner.java:79)
	at org.junit.runners.ParentRunner.runChildren(ParentRunner.java:329)
	at org.junit.runners.ParentRunner.access$100(ParentRunner.java:66)
	at org.junit.runners.ParentRunner$2.evaluate(ParentRunner.java:293)
	at io.cucumber.junit.Cucumber$RunBeforeAllHooks.evaluate(Cucumber.java:266)
	at io.cucumber.junit.Cucumber$RunAfterAllHooks.evaluate(Cucumber.java:281)
	at io.cucumber.junit.Cucumber$StartTestRun.evaluate(Cucumber.java:233)
	at io.cucumber.junit.Cucumber$FinishTestRun.evaluate(Cucumber.java:248)
	at org.junit.runners.ParentRunner$3.evaluate(ParentRunner.java:306)
	at org.junit.runners.ParentRunner.run(ParentRunner.java:413)
	at org.apache.maven.surefire.junit4.JUnit4Provider.execute(JUnit4Provider.java:252)
	at org.apache.maven.surefire.junit4.JUnit4Provider.executeTestSet(JUnit4Provider.java:141)
	at org.apache.maven.surefire.junit4.JUnit4Provider.invoke(JUnit4Provider.java:112)
	at java.base/jdk.internal.reflect.NativeMethodAccessorImpl.invoke0(Native Method)
	at java.base/jdk.internal.reflect.NativeMethodAccessorImpl.invoke(NativeMethodAccessorImpl.java:62)
	at java.base/jdk.internal.reflect.DelegatingMethodAccessorImpl.invoke(DelegatingMethodAccessorImpl.java:43)
	at java.base/java.lang.reflect.Method.invoke(Method.java:566)
	at org.apache.maven.surefire.util.ReflectionUtils.invokeMethodWithArray(ReflectionUtils.java:189)
	at org.apache.maven.surefire.booter.ProviderFactory$ProviderProxy.invoke(ProviderFactory.java:165)
	at org.apache.maven.surefire.booter.ProviderFactory.invokeProvider(ProviderFactory.java:85)
	at org.apache.maven.surefire.booter.ForkedBooter.runSuitesInProcess(ForkedBooter.java:115)
	at org.apache.maven.surefire.booter.ForkedBooter.main(ForkedBooter.java:75)
&amp;#27;[32m&amp;#27;[1m?????????????????????????????????????????????????????????????????????????????????????&amp;#27;[0m
&amp;#27;[32m&amp;#27;[1m?&amp;#27;[0m Share your Cucumber Report with your team at &amp;#27;[36m&amp;#27;[1m&amp;#27;[4mhttps://reports.cucumber.io&amp;#27;[0m          &amp;#27;[32m&amp;#27;[1m?&amp;#27;[0m
&amp;#27;[32m&amp;#27;[1m?&amp;#27;[0m Activate publishing with one of the following:                                    &amp;#27;[32m&amp;#27;[1m?&amp;#27;[0m
&amp;#27;[32m&amp;#27;[1m?&amp;#27;[0m                                                                                   &amp;#27;[32m&amp;#27;[1m?&amp;#27;[0m
&amp;#27;[32m&amp;#27;[1m?&amp;#27;[0m src/test/resources/cucumber.properties:          &amp;#27;[36mcucumber.publish.enabled&amp;#27;[0m=&amp;#27;[36mtrue&amp;#27;[0m    &amp;#27;[32m&amp;#27;[1m?&amp;#27;[0m
&amp;#27;[32m&amp;#27;[1m?&amp;#27;[0m src/test/resources/junit-platform.properties:    &amp;#27;[36mcucumber.publish.enabled&amp;#27;[0m=&amp;#27;[36mtrue&amp;#27;[0m    &amp;#27;[32m&amp;#27;[1m?&amp;#27;[0m
&amp;#27;[32m&amp;#27;[1m?&amp;#27;[0m Environment variable:                            &amp;#27;[36mCUCUMBER_PUBL�SH_ENABLED&amp;#27;[0m=&amp;#27;[36mtrue&amp;#27;[0m    &amp;#27;[32m&amp;#27;[1m?&amp;#27;[0m
&amp;#27;[32m&amp;#27;[1m?&amp;#27;[0m JUnit:                                           &amp;#27;[36m@CucumberOptions&amp;#27;[0m(publish = &amp;#27;[36mtrue&amp;#27;[0m) &amp;#27;[32m&amp;#27;[1m?&amp;#27;[0m
&amp;#27;[32m&amp;#27;[1m?&amp;#27;[0m                                                                                   &amp;#27;[32m&amp;#27;[1m?&amp;#27;[0m
&amp;#27;[32m&amp;#27;[1m?&amp;#27;[0m More information at &amp;#27;[36mhttps://cucumber.io/docs/cucumber/environment-variables/&amp;#27;[0m      &amp;#27;[32m&amp;#27;[1m?&amp;#27;[0m
&amp;#27;[32m&amp;#27;[1m?&amp;#27;[0m                                                                                   &amp;#27;[32m&amp;#27;[1m?&amp;#27;[0m
&amp;#27;[32m&amp;#27;[1m?&amp;#27;[0m Disable this message with one of the following:                                   &amp;#27;[32m&amp;#27;[1m?&amp;#27;[0m
&amp;#27;[32m&amp;#27;[1m?&amp;#27;[0m                                                                                   &amp;#27;[32m&amp;#27;[1m?&amp;#27;[0m
&amp;#27;[32m&amp;#27;[1m?&amp;#27;[0m src/test/resources/cucumber.properties:          &amp;#27;[36mcucumber.publish.quiet&amp;#27;[0m=&amp;#27;[36mtrue&amp;#27;[0m      &amp;#27;[32m&amp;#27;[1m?&amp;#27;[0m
&amp;#27;[32m&amp;#27;[1m?&amp;#27;[0m src/test/resources/junit-platform.properties:    &amp;#27;[36mcucumber.publish.quiet&amp;#27;[0m=&amp;#27;[36mtrue&amp;#27;[0m      &amp;#27;[32m&amp;#27;[1m?&amp;#27;[0m
&amp;#27;[32m&amp;#27;[1m?????????????????????????????????????????????????????????????????????????????????????&amp;#27;[0m
&amp;#27;[32m&amp;#27;[1m?????????????????????????????????????????????????????????????????????????????????????&amp;#27;[0m
&amp;#27;[32m&amp;#27;[1m?&amp;#27;[0m Share your Cucumber Report with your team at &amp;#27;[36m&amp;#27;[1m&amp;#27;[4mhttps://reports.cucumber.io&amp;#27;[0m          &amp;#27;[32m&amp;#27;[1m?&amp;#27;[0m
&amp;#27;[32m&amp;#27;[1m?&amp;#27;[0m Activate publishing with one of the following:                                    &amp;#27;[32m&amp;#27;[1m?&amp;#27;[0m
&amp;#27;[32m&amp;#27;[1m?&amp;#27;[0m                                                                                   &amp;#27;[32m&amp;#27;[1m?&amp;#27;[0m
&amp;#27;[32m&amp;#27;[1m?&amp;#27;[0m src/test/resources/cucumber.properties:          &amp;#27;[36mcucumber.publish.enabled&amp;#27;[0m=&amp;#27;[36mtrue&amp;#27;[0m    &amp;#27;[32m&amp;#27;[1m?&amp;#27;[0m
&amp;#27;[32m&amp;#27;[1m?&amp;#27;[0m src/test/resources/junit-platform.properties:    &amp;#27;[36mcucumber.publish.enabled&amp;#27;[0m=&amp;#27;[36mtrue&amp;#27;[0m    &amp;#27;[32m&amp;#27;[1m?&amp;#27;[0m
&amp;#27;[32m&amp;#27;[1m?&amp;#27;[0m Environment variable:                            &amp;#27;[36mCUCUMBER_PUBL�SH_ENABLED&amp;#27;[0m=&amp;#27;[36mtrue&amp;#27;[0m    &amp;#27;[32m&amp;#27;[1m?&amp;#27;[0m
&amp;#27;[32m&amp;#27;[1m?&amp;#27;[0m JUnit:                                           &amp;#27;[36m@CucumberOptions&amp;#27;[0m(publish = &amp;#27;[36mtrue&amp;#27;[0m) &amp;#27;[32m&amp;#27;[1m?&amp;#27;[0m
&amp;#27;[32m&amp;#27;[1m?&amp;#27;[0m                                                                                   &amp;#27;[32m&amp;#27;[1m?&amp;#27;[0m
&amp;#27;[32m&amp;#27;[1m?&amp;#27;[0m More information at &amp;#27;[36mhttps://cucumber.io/docs/cucumber/environment-variables/&amp;#27;[0m      &amp;#27;[32m&amp;#27;[1m?&amp;#27;[0m
&amp;#27;[32m&amp;#27;[1m?&amp;#27;[0m                                                                                   &amp;#27;[32m&amp;#27;[1m?&amp;#27;[0m
&amp;#27;[32m&amp;#27;[1m?&amp;#27;[0m Disable this message with one of the following:                                   &amp;#27;[32m&amp;#27;[1m?&amp;#27;[0m
&amp;#27;[32m&amp;#27;[1m?&amp;#27;[0m                                                                                   &amp;#27;[32m&amp;#27;[1m?&amp;#27;[0m
&amp;#27;[32m&amp;#27;[1m?&amp;#27;[0m src/test/resources/cucumber.properties:          &amp;#27;[36mcucumber.publish.quiet&amp;#27;[0m=&amp;#27;[36mtrue&amp;#27;[0m      &amp;#27;[32m&amp;#27;[1m?&amp;#27;[0m
&amp;#27;[32m&amp;#27;[1m?&amp;#27;[0m src/test/resources/junit-platform.properties:    &amp;#27;[36mcucumber.publish.quiet&amp;#27;[0m=&amp;#27;[36mtrue&amp;#27;[0m      &amp;#27;[32m&amp;#27;[1m?&amp;#27;[0m
&amp;#27;[32m&amp;#27;[1m?????????????????????????????????????????????????????????????????????????????????????&amp;#27;[0m
&amp;#27;[32m&amp;#27;[1m?????????????????????????????????????????????????????????????????????????????????????&amp;#27;[0m
&amp;#27;[32m&amp;#27;[1m?&amp;#27;[0m Share your Cucumber Report with your team at &amp;#27;[36m&amp;#27;[1m&amp;#27;[4mhttps://reports.cucumber.io&amp;#27;[0m          &amp;#27;[32m&amp;#27;[1m?&amp;#27;[0m
&amp;#27;[32m&amp;#27;[1m?&amp;#27;[0m Activate publishing with one of the following:                                    &amp;#27;[32m&amp;#27;[1m?&amp;#27;[0m
&amp;#27;[32m&amp;#27;[1m?&amp;#27;[0m                                                                                   &amp;#27;[32m&amp;#27;[1m?&amp;#27;[0m
&amp;#27;[32m&amp;#27;[1m?&amp;#27;[0m src/test/resources/cucumber.properties:          &amp;#27;[36mcucumber.publish.enabled&amp;#27;[0m=&amp;#27;[36mtrue&amp;#27;[0m    &amp;#27;[32m&amp;#27;[1m?&amp;#27;[0m
&amp;#27;[32m&amp;#27;[1m?&amp;#27;[0m src/test/resources/junit-platform.properties:    &amp;#27;[36mcucumber.publish.enabled&amp;#27;[0m=&amp;#27;[36mtrue&amp;#27;[0m    &amp;#27;[32m&amp;#27;[1m?&amp;#27;[0m
&amp;#27;[32m&amp;#27;[1m?&amp;#27;[0m Environment variable:                            &amp;#27;[36mCUCUMBER_PUBL�SH_ENABLED&amp;#27;[0m=&amp;#27;[36mtrue&amp;#27;[0m    &amp;#27;[32m&amp;#27;[1m?&amp;#27;[0m
&amp;#27;[32m&amp;#27;[1m?&amp;#27;[0m JUnit:                                           &amp;#27;[36m@CucumberOptions&amp;#27;[0m(publish = &amp;#27;[36mtrue&amp;#27;[0m) &amp;#27;[32m&amp;#27;[1m?&amp;#27;[0m
&amp;#27;[32m&amp;#27;[1m?&amp;#27;[0m                                                                                   &amp;#27;[32m&amp;#27;[1m?&amp;#27;[0m
&amp;#27;[32m&amp;#27;[1m?&amp;#27;[0m More information at &amp;#27;[36mhttps://cucumber.io/docs/cucumber/environment-variables/&amp;#27;[0m      &amp;#27;[32m&amp;#27;[1m?&amp;#27;[0m
&amp;#27;[32m&amp;#27;[1m?&amp;#27;[0m                                                                                   &amp;#27;[32m&amp;#27;[1m?&amp;#27;[0m
&amp;#27;[32m&amp;#27;[1m?&amp;#27;[0m Disable this message with one of the following:                                   &amp;#27;[32m&amp;#27;[1m?&amp;#27;[0m
&amp;#27;[32m&amp;#27;[1m?&amp;#27;[0m                                                                                   &amp;#27;[32m&amp;#27;[1m?&amp;#27;[0m
&amp;#27;[32m&amp;#27;[1m?&amp;#27;[0m src/test/resources/cucumber.properties:          &amp;#27;[36mcucumber.publish.quiet&amp;#27;[0m=&amp;#27;[36mtrue&amp;#27;[0m      &amp;#27;[32m&amp;#27;[1m?&amp;#27;[0m
&amp;#27;[32m&amp;#27;[1m?&amp;#27;[0m src/test/resources/junit-platform.properties:    &amp;#27;[36mcucumber.publish.quiet&amp;#27;[0m=&amp;#27;[36mtrue&amp;#27;[0m      &amp;#27;[32m&amp;#27;[1m?&amp;#27;[0m
&amp;#27;[32m&amp;#27;[1m?????????????????????????????????????????????????????????????????????????????????????&amp;#27;[0m
&amp;#27;[32m&amp;#27;[1m?????????????????????????????????????????????????????????????????????????????????????&amp;#27;[0m
&amp;#27;[32m&amp;#27;[1m?&amp;#27;[0m Share your Cucumber Report with your team at &amp;#27;[36m&amp;#27;[1m&amp;#27;[4mhttps://reports.cucumber.io&amp;#27;[0m          &amp;#27;[32m&amp;#27;[1m?&amp;#27;[0m
&amp;#27;[32m&amp;#27;[1m?&amp;#27;[0m Activate publishing with one of the following:                                    &amp;#27;[32m&amp;#27;[1m?&amp;#27;[0m
&amp;#27;[32m&amp;#27;[1m?&amp;#27;[0m                                                                                   &amp;#27;[32m&amp;#27;[1m?&amp;#27;[0m
&amp;#27;[32m&amp;#27;[1m?&amp;#27;[0m src/test/resources/cucumber.properties:          &amp;#27;[36mcucumber.publish.enabled&amp;#27;[0m=&amp;#27;[36mtrue&amp;#27;[0m    &amp;#27;[32m&amp;#27;[1m?&amp;#27;[0m
&amp;#27;[32m&amp;#27;[1m?&amp;#27;[0m src/test/resources/junit-platform.properties:    &amp;#27;[36mcucumber.publish.enabled&amp;#27;[0m=&amp;#27;[36mtrue&amp;#27;[0m    &amp;#27;[32m&amp;#27;[1m?&amp;#27;[0m
&amp;#27;[32m&amp;#27;[1m?&amp;#27;[0m Environment variable:                            &amp;#27;[36mCUCUMBER_PUBL�SH_ENABLED&amp;#27;[0m=&amp;#27;[36mtrue&amp;#27;[0m    &amp;#27;[32m&amp;#27;[1m?&amp;#27;[0m
&amp;#27;[32m&amp;#27;[1m?&amp;#27;[0m JUnit:                                           &amp;#27;[36m@CucumberOptions&amp;#27;[0m(publish = &amp;#27;[36mtrue&amp;#27;[0m) &amp;#27;[32m&amp;#27;[1m?&amp;#27;[0m
&amp;#27;[32m&amp;#27;[1m?&amp;#27;[0m                                                                                   &amp;#27;[32m&amp;#27;[1m?&amp;#27;[0m
&amp;#27;[32m&amp;#27;[1m?&amp;#27;[0m More information at &amp;#27;[36mhttps://cucumber.io/docs/cucumber/environment-variables/&amp;#27;[0m      &amp;#27;[32m&amp;#27;[1m?&amp;#27;[0m
&amp;#27;[32m&amp;#27;[1m?&amp;#27;[0m                                                                                   &amp;#27;[32m&amp;#27;[1m?&amp;#27;[0m
&amp;#27;[32m&amp;#27;[1m?&amp;#27;[0m Disable this message with one of the following:                                   &amp;#27;[32m&amp;#27;[1m?&amp;#27;[0m
&amp;#27;[32m&amp;#27;[1m?&amp;#27;[0m                                                                                   &amp;#27;[32m&amp;#27;[1m?&amp;#27;[0m
&amp;#27;[32m&amp;#27;[1m?&amp;#27;[0m src/test/resources/cucumber.properties:          &amp;#27;[36mcucumber.publish.quiet&amp;#27;[0m=&amp;#27;[36mtrue&amp;#27;[0m      &amp;#27;[32m&amp;#27;[1m?&amp;#27;[0m
&amp;#27;[32m&amp;#27;[1m?&amp;#27;[0m src/test/resources/junit-platform.properties:    &amp;#27;[36mcucumber.publish.quiet&amp;#27;[0m=&amp;#27;[36mtrue&amp;#27;[0m      &amp;#27;[32m&amp;#27;[1m?&amp;#27;[0m
&amp;#27;[32m&amp;#27;[1m?????????????????????????????????????????????????????????????????????????????????????&amp;#27;[0m
&amp;#27;[32m&amp;#27;[1m?????????????????????????????????????????????????????????????????????????????????????&amp;#27;[0m
&amp;#27;[32m&amp;#27;[1m?&amp;#27;[0m Share your Cucumber Report with your team at &amp;#27;[36m&amp;#27;[1m&amp;#27;[4mhttps://reports.cucumber.io&amp;#27;[0m          &amp;#27;[32m&amp;#27;[1m?&amp;#27;[0m
&amp;#27;[32m&amp;#27;[1m?&amp;#27;[0m Activate publishing with one of the following:                                    &amp;#27;[32m&amp;#27;[1m?&amp;#27;[0m
&amp;#27;[32m&amp;#27;[1m?&amp;#27;[0m                                                                                   &amp;#27;[32m&amp;#27;[1m?&amp;#27;[0m
&amp;#27;[32m&amp;#27;[1m?&amp;#27;[0m src/test/resources/cucumber.properties:          &amp;#27;[36mcucumber.publish.enabled&amp;#27;[0m=&amp;#27;[36mtrue&amp;#27;[0m    &amp;#27;[32m&amp;#27;[1m?&amp;#27;[0m
&amp;#27;[32m&amp;#27;[1m?&amp;#27;[0m src/test/resources/junit-platform.properties:    &amp;#27;[36mcucumber.publish.enabled&amp;#27;[0m=&amp;#27;[36mtrue&amp;#27;[0m    &amp;#27;[32m&amp;#27;[1m?&amp;#27;[0m
&amp;#27;[32m&amp;#27;[1m?&amp;#27;[0m Environment variable:                            &amp;#27;[36mCUCUMBER_PUBL�SH_ENABLED&amp;#27;[0m=&amp;#27;[36mtrue&amp;#27;[0m    &amp;#27;[32m&amp;#27;[1m?&amp;#27;[0m
&amp;#27;[32m&amp;#27;[1m?&amp;#27;[0m JUnit:                                           &amp;#27;[36m@CucumberOptions&amp;#27;[0m(publish = &amp;#27;[36mtrue&amp;#27;[0m) &amp;#27;[32m&amp;#27;[1m?&amp;#27;[0m
&amp;#27;[32m&amp;#27;[1m?&amp;#27;[0m                                                                                   &amp;#27;[32m&amp;#27;[1m?&amp;#27;[0m
&amp;#27;[32m&amp;#27;[1m?&amp;#27;[0m More information at &amp;#27;[36mhttps://cucumber.io/docs/cucumber/environment-variables/&amp;#27;[0m      &amp;#27;[32m&amp;#27;[1m?&amp;#27;[0m
&amp;#27;[32m&amp;#27;[1m?&amp;#27;[0m                                                                                   &amp;#27;[32m&amp;#27;[1m?&amp;#27;[0m
&amp;#27;[32m&amp;#27;[1m?&amp;#27;[0m Disable this message with one of the following:                                   &amp;#27;[32m&amp;#27;[1m?&amp;#27;[0m
&amp;#27;[32m&amp;#27;[1m?&amp;#27;[0m                                                                                   &amp;#27;[32m&amp;#27;[1m?&amp;#27;[0m
&amp;#27;[32m&amp;#27;[1m?&amp;#27;[0m src/test/resources/cucumber.properties:          &amp;#27;[36mcucumber.publish.quiet&amp;#27;[0m=&amp;#27;[36mtrue&amp;#27;[0m      &amp;#27;[32m&amp;#27;[1m?&amp;#27;[0m
&amp;#27;[32m&amp;#27;[1m?&amp;#27;[0m src/test/resources/junit-platform.properties:    &amp;#27;[36mcucumber.publish.quiet&amp;#27;[0m=&amp;#27;[36mtrue&amp;#27;[0m      &amp;#27;[32m&amp;#27;[1m?&amp;#27;[0m
&amp;#27;[32m&amp;#27;[1m?????????????????????????????????????????????????????????????????????????????????????&amp;#27;[0m
&amp;#27;[32m&amp;#27;[1m?????????????????????????????????????????????????????????????????????????????????????&amp;#27;[0m
&amp;#27;[32m&amp;#27;[1m?&amp;#27;[0m Share your Cucumber Report with your team at &amp;#27;[36m&amp;#27;[1m&amp;#27;[4mhttps://reports.cucumber.io&amp;#27;[0m          &amp;#27;[32m&amp;#27;[1m?&amp;#27;[0m
&amp;#27;[32m&amp;#27;[1m?&amp;#27;[0m Activate publishing with one of the following:                                    &amp;#27;[32m&amp;#27;[1m?&amp;#27;[0m
&amp;#27;[32m&amp;#27;[1m?&amp;#27;[0m                                                                                   &amp;#27;[32m&amp;#27;[1m?&amp;#27;[0m
&amp;#27;[32m&amp;#27;[1m?&amp;#27;[0m src/test/resources/cucumber.properties:          &amp;#27;[36mcucumber.publish.enabled&amp;#27;[0m=&amp;#27;[36mtrue&amp;#27;[0m    &amp;#27;[32m&amp;#27;[1m?&amp;#27;[0m
&amp;#27;[32m&amp;#27;[1m?&amp;#27;[0m src/test/resources/junit-platform.properties:    &amp;#27;[36mcucumber.publish.enabled&amp;#27;[0m=&amp;#27;[36mtrue&amp;#27;[0m    &amp;#27;[32m&amp;#27;[1m?&amp;#27;[0m
&amp;#27;[32m&amp;#27;[1m?&amp;#27;[0m Environment variable:                            &amp;#27;[36mCUCUMBER_PUBL�SH_ENABLED&amp;#27;[0m=&amp;#27;[36mtrue&amp;#27;[0m    &amp;#27;[32m&amp;#27;[1m?&amp;#27;[0m
&amp;#27;[32m&amp;#27;[1m?&amp;#27;[0m JUnit:                                           &amp;#27;[36m@CucumberOptions&amp;#27;[0m(publish = &amp;#27;[36mtrue&amp;#27;[0m) &amp;#27;[32m&amp;#27;[1m?&amp;#27;[0m
&amp;#27;[32m&amp;#27;[1m?&amp;#27;[0m                                                                                   &amp;#27;[32m&amp;#27;[1m?&amp;#27;[0m
&amp;#27;[32m&amp;#27;[1m?&amp;#27;[0m More information at &amp;#27;[36mhttps://cucumber.io/docs/cucumber/environment-variables/&amp;#27;[0m      &amp;#27;[32m&amp;#27;[1m?&amp;#27;[0m
&amp;#27;[32m&amp;#27;[1m?&amp;#27;[0m                                                                                   &amp;#27;[32m&amp;#27;[1m?&amp;#27;[0m
&amp;#27;[32m&amp;#27;[1m?&amp;#27;[0m Disable this message with one of the following:                                   &amp;#27;[32m&amp;#27;[1m?&amp;#27;[0m
&amp;#27;[32m&amp;#27;[1m?&amp;#27;[0m                                                                                   &amp;#27;[32m&amp;#27;[1m?&amp;#27;[0m
&amp;#27;[32m&amp;#27;[1m?&amp;#27;[0m src/test/resources/cucumber.properties:          &amp;#27;[36mcucumber.publish.quiet&amp;#27;[0m=&amp;#27;[36mtrue&amp;#27;[0m      &amp;#27;[32m&amp;#27;[1m?&amp;#27;[0m
&amp;#27;[32m&amp;#27;[1m?&amp;#27;[0m src/test/resources/junit-platform.properties:    &amp;#27;[36mcucumber.publish.quiet&amp;#27;[0m=&amp;#27;[36mtrue&amp;#27;[0m      &amp;#27;[32m&amp;#27;[1m?&amp;#27;[0m
&amp;#27;[32m&amp;#27;[1m?????????????????????????????????????????????????????????????????????????????????????&amp;#27;[0m
&amp;#27;[32m&amp;#27;[1m?????????????????????????????????????????????????????????????????????????????????????&amp;#27;[0m
&amp;#27;[32m&amp;#27;[1m?&amp;#27;[0m Share your Cucumber Report with your team at &amp;#27;[36m&amp;#27;[1m&amp;#27;[4mhttps://reports.cucumber.io&amp;#27;[0m          &amp;#27;[32m&amp;#27;[1m?&amp;#27;[0m
&amp;#27;[32m&amp;#27;[1m?&amp;#27;[0m Activate publishing with one of the following:                                    &amp;#27;[32m&amp;#27;[1m?&amp;#27;[0m
&amp;#27;[32m&amp;#27;[1m?&amp;#27;[0m                                                                                   &amp;#27;[32m&amp;#27;[1m?&amp;#27;[0m
&amp;#27;[32m&amp;#27;[1m?&amp;#27;[0m src/test/resources/cucumber.properties:          &amp;#27;[36mcucumber.publish.enabled&amp;#27;[0m=&amp;#27;[36mtrue&amp;#27;[0m    &amp;#27;[32m&amp;#27;[1m?&amp;#27;[0m
&amp;#27;[32m&amp;#27;[1m?&amp;#27;[0m src/test/resources/junit-platform.properties:    &amp;#27;[36mcucumber.publish.enabled&amp;#27;[0m=&amp;#27;[36mtrue&amp;#27;[0m    &amp;#27;[32m&amp;#27;[1m?&amp;#27;[0m
&amp;#27;[32m&amp;#27;[1m?&amp;#27;[0m Environment variable:                            &amp;#27;[36mCUCUMBER_PUBL�SH_ENABLED&amp;#27;[0m=&amp;#27;[36mtrue&amp;#27;[0m    &amp;#27;[32m&amp;#27;[1m?&amp;#27;[0m
&amp;#27;[32m&amp;#27;[1m?&amp;#27;[0m JUnit:                                           &amp;#27;[36m@CucumberOptions&amp;#27;[0m(publish = &amp;#27;[36mtrue&amp;#27;[0m) &amp;#27;[32m&amp;#27;[1m?&amp;#27;[0m
&amp;#27;[32m&amp;#27;[1m?&amp;#27;[0m                                                                                   &amp;#27;[32m&amp;#27;[1m?&amp;#27;[0m
&amp;#27;[32m&amp;#27;[1m?&amp;#27;[0m More information at &amp;#27;[36mhttps://cucumber.io/docs/cucumber/environment-variables/&amp;#27;[0m      &amp;#27;[32m&amp;#27;[1m?&amp;#27;[0m
&amp;#27;[32m&amp;#27;[1m?&amp;#27;[0m                                                                                   &amp;#27;[32m&amp;#27;[1m?&amp;#27;[0m
&amp;#27;[32m&amp;#27;[1m?&amp;#27;[0m Disable this message with one of the following:                                   &amp;#27;[32m&amp;#27;[1m?&amp;#27;[0m
&amp;#27;[32m&amp;#27;[1m?&amp;#27;[0m                                                                                   &amp;#27;[32m&amp;#27;[1m?&amp;#27;[0m
&amp;#27;[32m&amp;#27;[1m?&amp;#27;[0m src/test/resources/cucumber.properties:          &amp;#27;[36mcucumber.publish.quiet&amp;#27;[0m=&amp;#27;[36mtrue&amp;#27;[0m      &amp;#27;[32m&amp;#27;[1m?&amp;#27;[0m
&amp;#27;[32m&amp;#27;[1m?&amp;#27;[0m src/test/resources/junit-platform.properties:    &amp;#27;[36mcucumber.publish.quiet&amp;#27;[0m=&amp;#27;[36mtrue&amp;#27;[0m      &amp;#27;[32m&amp;#27;[1m?&amp;#27;[0m
&amp;#27;[32m&amp;#27;[1m?????????????????????????????????????????????????????????????????????????????????????&amp;#27;[0m
</system-err>
  </testcase>
</testsuite>